{
  "/Users/tristan.marsh/projects/flag-trainer/src/middleware.ts": {
    "path": "/Users/tristan.marsh/projects/flag-trainer/src/middleware.ts",
    "statementMap": {
      "0": {
        "start": { "line": 7, "column": 2 },
        "end": { "line": 7, "column": 29 }
      }
    },
    "fnMap": {
      "0": {
        "name": "middleware",
        "decl": {
          "start": { "line": 5, "column": 16 },
          "end": { "line": 5, "column": 26 }
        },
        "loc": {
          "start": { "line": 5, "column": 50 },
          "end": { "line": 8, "column": 1 }
        },
        "line": 5
      }
    },
    "branchMap": {},
    "s": { "0": 0 },
    "f": { "0": 0 },
    "b": {}
  },
  "/Users/tristan.marsh/projects/flag-trainer/src/app/layout.tsx": {
    "path": "/Users/tristan.marsh/projects/flag-trainer/src/app/layout.tsx",
    "statementMap": {
      "0": {
        "start": { "line": 15, "column": 0 },
        "end": { "line": 17, "column": 1 }
      },
      "1": {
        "start": { "line": 16, "column": 2 },
        "end": { "line": 16, "column": 20 }
      },
      "2": {
        "start": { "line": 19, "column": 14 },
        "end": { "line": 19, "column": 43 }
      },
      "3": {
        "start": { "line": 21, "column": 34 },
        "end": { "line": 24, "column": 1 }
      },
      "4": {
        "start": { "line": 31, "column": 2 },
        "end": { "line": 139, "column": 4 }
      }
    },
    "fnMap": {
      "0": {
        "name": "RootLayout",
        "decl": {
          "start": { "line": 26, "column": 24 },
          "end": { "line": 26, "column": 34 }
        },
        "loc": {
          "start": { "line": 30, "column": 4 },
          "end": { "line": 140, "column": 1 }
        },
        "line": 30
      }
    },
    "branchMap": {
      "0": {
        "loc": {
          "start": { "line": 15, "column": 0 },
          "end": { "line": 17, "column": 1 }
        },
        "type": "if",
        "locations": [
          {
            "start": { "line": 15, "column": 0 },
            "end": { "line": 17, "column": 1 }
          },
          { "start": {}, "end": {} }
        ],
        "line": 15
      }
    },
    "s": { "0": 0, "1": 0, "2": 0, "3": 0, "4": 0 },
    "f": { "0": 0 },
    "b": { "0": [0, 0] }
  },
  "/Users/tristan.marsh/projects/flag-trainer/src/app/page.tsx": {
    "path": "/Users/tristan.marsh/projects/flag-trainer/src/app/page.tsx",
    "statementMap": {
      "0": {
        "start": { "line": 13, "column": 2 },
        "end": { "line": 52, "column": 4 }
      },
      "1": {
        "start": { "line": 63, "column": 2 },
        "end": { "line": 77, "column": 4 }
      }
    },
    "fnMap": {
      "0": {
        "name": "Home",
        "decl": {
          "start": { "line": 12, "column": 24 },
          "end": { "line": 12, "column": 28 }
        },
        "loc": {
          "start": { "line": 12, "column": 31 },
          "end": { "line": 53, "column": 1 }
        },
        "line": 12
      },
      "1": {
        "name": "FeatureCard",
        "decl": {
          "start": { "line": 62, "column": 9 },
          "end": { "line": 62, "column": 20 }
        },
        "loc": {
          "start": { "line": 62, "column": 79 },
          "end": { "line": 78, "column": 1 }
        },
        "line": 62
      }
    },
    "branchMap": {},
    "s": { "0": 0, "1": 0 },
    "f": { "0": 0, "1": 0 },
    "b": {}
  },
  "/Users/tristan.marsh/projects/flag-trainer/src/app/reportWebVitals.ts": {
    "path": "/Users/tristan.marsh/projects/flag-trainer/src/app/reportWebVitals.ts",
    "statementMap": {
      "0": {
        "start": { "line": 6, "column": 2 },
        "end": { "line": 8, "column": 3 }
      },
      "1": {
        "start": { "line": 7, "column": 4 },
        "end": { "line": 7, "column": 11 }
      },
      "2": {
        "start": { "line": 11, "column": 2 },
        "end": { "line": 18, "column": 5 }
      },
      "3": {
        "start": { "line": 12, "column": 4 },
        "end": { "line": 17, "column": 7 }
      },
      "4": {
        "start": { "line": 21, "column": 2 },
        "end": { "line": 28, "column": 5 }
      },
      "5": {
        "start": { "line": 22, "column": 4 },
        "end": { "line": 27, "column": 7 }
      },
      "6": {
        "start": { "line": 31, "column": 2 },
        "end": { "line": 38, "column": 5 }
      },
      "7": {
        "start": { "line": 32, "column": 4 },
        "end": { "line": 37, "column": 7 }
      },
      "8": {
        "start": { "line": 41, "column": 2 },
        "end": { "line": 48, "column": 5 }
      },
      "9": {
        "start": { "line": 42, "column": 4 },
        "end": { "line": 47, "column": 7 }
      },
      "10": {
        "start": { "line": 51, "column": 2 },
        "end": { "line": 58, "column": 5 }
      },
      "11": {
        "start": { "line": 52, "column": 4 },
        "end": { "line": 57, "column": 7 }
      }
    },
    "fnMap": {
      "0": {
        "name": "reportWebVitals",
        "decl": {
          "start": { "line": 4, "column": 16 },
          "end": { "line": 4, "column": 31 }
        },
        "loc": {
          "start": { "line": 4, "column": 34 },
          "end": { "line": 59, "column": 1 }
        },
        "line": 4
      },
      "1": {
        "name": "(anonymous_1)",
        "decl": {
          "start": { "line": 11, "column": 8 },
          "end": { "line": 11, "column": 9 }
        },
        "loc": {
          "start": { "line": 11, "column": 20 },
          "end": { "line": 18, "column": 3 }
        },
        "line": 11
      },
      "2": {
        "name": "(anonymous_2)",
        "decl": {
          "start": { "line": 21, "column": 8 },
          "end": { "line": 21, "column": 9 }
        },
        "loc": {
          "start": { "line": 21, "column": 20 },
          "end": { "line": 28, "column": 3 }
        },
        "line": 21
      },
      "3": {
        "name": "(anonymous_3)",
        "decl": {
          "start": { "line": 31, "column": 8 },
          "end": { "line": 31, "column": 9 }
        },
        "loc": {
          "start": { "line": 31, "column": 20 },
          "end": { "line": 38, "column": 3 }
        },
        "line": 31
      },
      "4": {
        "name": "(anonymous_4)",
        "decl": {
          "start": { "line": 41, "column": 8 },
          "end": { "line": 41, "column": 9 }
        },
        "loc": {
          "start": { "line": 41, "column": 20 },
          "end": { "line": 48, "column": 3 }
        },
        "line": 41
      },
      "5": {
        "name": "(anonymous_5)",
        "decl": {
          "start": { "line": 51, "column": 9 },
          "end": { "line": 51, "column": 10 }
        },
        "loc": {
          "start": { "line": 51, "column": 21 },
          "end": { "line": 58, "column": 3 }
        },
        "line": 51
      }
    },
    "branchMap": {
      "0": {
        "loc": {
          "start": { "line": 6, "column": 2 },
          "end": { "line": 8, "column": 3 }
        },
        "type": "if",
        "locations": [
          {
            "start": { "line": 6, "column": 2 },
            "end": { "line": 8, "column": 3 }
          },
          { "start": {}, "end": {} }
        ],
        "line": 6
      }
    },
    "s": {
      "0": 0,
      "1": 0,
      "2": 0,
      "3": 0,
      "4": 0,
      "5": 0,
      "6": 0,
      "7": 0,
      "8": 0,
      "9": 0,
      "10": 0,
      "11": 0
    },
    "f": { "0": 0, "1": 0, "2": 0, "3": 0, "4": 0, "5": 0 },
    "b": { "0": [0, 0] }
  },
  "/Users/tristan.marsh/projects/flag-trainer/src/app/types.ts": {
    "path": "/Users/tristan.marsh/projects/flag-trainer/src/app/types.ts",
    "statementMap": {},
    "fnMap": {},
    "branchMap": {},
    "s": {},
    "f": {},
    "b": {}
  },
  "/Users/tristan.marsh/projects/flag-trainer/src/app/learn/page.tsx": {
    "path": "/Users/tristan.marsh/projects/flag-trainer/src/app/learn/page.tsx",
    "statementMap": {
      "0": {
        "start": { "line": 17, "column": 20 },
        "end": { "line": 21, "column": 23 }
      },
      "1": {
        "start": { "line": 22, "column": 21 },
        "end": { "line": 22, "column": 39 }
      },
      "2": {
        "start": { "line": 24, "column": 2 },
        "end": { "line": 143, "column": 4 }
      }
    },
    "fnMap": {
      "0": {
        "name": "LearnPage",
        "decl": {
          "start": { "line": 15, "column": 30 },
          "end": { "line": 15, "column": 39 }
        },
        "loc": {
          "start": { "line": 15, "column": 42 },
          "end": { "line": 144, "column": 1 }
        },
        "line": 15
      }
    },
    "branchMap": {},
    "s": { "0": 0, "1": 0, "2": 0 },
    "f": { "0": 0 },
    "b": {}
  },
  "/Users/tristan.marsh/projects/flag-trainer/src/app/learn/continent/page.tsx": {
    "path": "/Users/tristan.marsh/projects/flag-trainer/src/app/learn/continent/page.tsx",
    "statementMap": {
      "0": {
        "start": { "line": 15, "column": 19 },
        "end": { "line": 58, "column": 1 }
      },
      "1": {
        "start": { "line": 61, "column": 17 },
        "end": { "line": 61, "column": 28 }
      },
      "2": {
        "start": { "line": 63, "column": 2 },
        "end": { "line": 111, "column": 4 }
      },
      "3": {
        "start": { "line": 74, "column": 10 },
        "end": { "line": 107, "column": 17 }
      },
      "4": {
        "start": { "line": 88, "column": 18 },
        "end": { "line": 93, "column": 24 }
      },
      "5": {
        "start": { "line": 101, "column": 18 },
        "end": { "line": 101, "column": 67 }
      }
    },
    "fnMap": {
      "0": {
        "name": "ContinentSelectionPage",
        "decl": {
          "start": { "line": 60, "column": 24 },
          "end": { "line": 60, "column": 46 }
        },
        "loc": {
          "start": { "line": 60, "column": 49 },
          "end": { "line": 112, "column": 1 }
        },
        "line": 60
      },
      "1": {
        "name": "(anonymous_1)",
        "decl": {
          "start": { "line": 73, "column": 24 },
          "end": { "line": 73, "column": 25 }
        },
        "loc": {
          "start": { "line": 74, "column": 10 },
          "end": { "line": 107, "column": 17 }
        },
        "line": 74
      },
      "2": {
        "name": "(anonymous_2)",
        "decl": {
          "start": { "line": 87, "column": 41 },
          "end": { "line": 87, "column": 42 }
        },
        "loc": {
          "start": { "line": 88, "column": 18 },
          "end": { "line": 93, "column": 24 }
        },
        "line": 88
      },
      "3": {
        "name": "(anonymous_3)",
        "decl": {
          "start": { "line": 100, "column": 25 },
          "end": { "line": 100, "column": 26 }
        },
        "loc": {
          "start": { "line": 101, "column": 18 },
          "end": { "line": 101, "column": 67 }
        },
        "line": 101
      }
    },
    "branchMap": {},
    "s": { "0": 0, "1": 0, "2": 0, "3": 0, "4": 0, "5": 0 },
    "f": { "0": 0, "1": 0, "2": 0, "3": 0 },
    "b": {}
  },
  "/Users/tristan.marsh/projects/flag-trainer/src/app/learn/continent/[continent]/page.tsx": {
    "path": "/Users/tristan.marsh/projects/flag-trainer/src/app/learn/continent/[continent]/page.tsx",
    "statementMap": {
      "0": {
        "start": { "line": 8, "column": 23 },
        "end": { "line": 8, "column": 38 }
      },
      "1": {
        "start": { "line": 9, "column": 26 },
        "end": { "line": 9, "column": 42 }
      },
      "2": {
        "start": { "line": 13, "column": 26 },
        "end": { "line": 20, "column": 3 }
      },
      "3": {
        "start": { "line": 22, "column": 2 },
        "end": { "line": 24, "column": 3 }
      },
      "4": {
        "start": { "line": 23, "column": 4 },
        "end": { "line": 23, "column": 16 }
      },
      "5": {
        "start": { "line": 27, "column": 44 },
        "end": { "line": 34, "column": 3 }
      },
      "6": {
        "start": { "line": 36, "column": 2 },
        "end": { "line": 36, "column": 49 }
      },
      "7": {
        "start": { "line": 47, "column": 25 },
        "end": { "line": 47, "column": 43 }
      },
      "8": {
        "start": { "line": 48, "column": 40 },
        "end": { "line": 48, "column": 54 }
      },
      "9": {
        "start": { "line": 50, "column": 24 },
        "end": { "line": 50, "column": 55 }
      },
      "10": {
        "start": { "line": 53, "column": 2 },
        "end": { "line": 55, "column": 3 }
      },
      "11": {
        "start": { "line": 54, "column": 4 },
        "end": { "line": 54, "column": 15 }
      },
      "12": {
        "start": { "line": 57, "column": 2 },
        "end": { "line": 125, "column": 3 }
      },
      "13": {
        "start": { "line": 59, "column": 27 },
        "end": { "line": 63, "column": 6 }
      },
      "14": {
        "start": { "line": 66, "column": 4 },
        "end": { "line": 86, "column": 5 }
      },
      "15": {
        "start": { "line": 67, "column": 6 },
        "end": { "line": 85, "column": 8 }
      },
      "16": {
        "start": { "line": 88, "column": 4 },
        "end": { "line": 102, "column": 6 }
      },
      "17": {
        "start": { "line": 104, "column": 4 },
        "end": { "line": 104, "column": 68 }
      },
      "18": {
        "start": { "line": 106, "column": 4 },
        "end": { "line": 124, "column": 6 }
      }
    },
    "fnMap": {
      "0": {
        "name": "formatContinent",
        "decl": {
          "start": { "line": 12, "column": 9 },
          "end": { "line": 12, "column": 24 }
        },
        "loc": {
          "start": { "line": 12, "column": 64 },
          "end": { "line": 37, "column": 1 }
        },
        "line": 12
      },
      "1": {
        "name": "ContinentLearningPage",
        "decl": {
          "start": { "line": 45, "column": 30 },
          "end": { "line": 45, "column": 51 }
        },
        "loc": {
          "start": { "line": 45, "column": 79 },
          "end": { "line": 126, "column": 1 }
        },
        "line": 45
      }
    },
    "branchMap": {
      "0": {
        "loc": {
          "start": { "line": 22, "column": 2 },
          "end": { "line": 24, "column": 3 }
        },
        "type": "if",
        "locations": [
          {
            "start": { "line": 22, "column": 2 },
            "end": { "line": 24, "column": 3 }
          },
          { "start": {}, "end": {} }
        ],
        "line": 22
      },
      "1": {
        "loc": {
          "start": { "line": 53, "column": 2 },
          "end": { "line": 55, "column": 3 }
        },
        "type": "if",
        "locations": [
          {
            "start": { "line": 53, "column": 2 },
            "end": { "line": 55, "column": 3 }
          },
          { "start": {}, "end": {} }
        ],
        "line": 53
      },
      "2": {
        "loc": {
          "start": { "line": 66, "column": 4 },
          "end": { "line": 86, "column": 5 }
        },
        "type": "if",
        "locations": [
          {
            "start": { "line": 66, "column": 4 },
            "end": { "line": 86, "column": 5 }
          },
          { "start": {}, "end": {} }
        ],
        "line": 66
      },
      "3": {
        "loc": {
          "start": { "line": 66, "column": 8 },
          "end": { "line": 66, "column": 54 }
        },
        "type": "binary-expr",
        "locations": [
          {
            "start": { "line": 66, "column": 8 },
            "end": { "line": 66, "column": 23 }
          },
          {
            "start": { "line": 66, "column": 27 },
            "end": { "line": 66, "column": 54 }
          }
        ],
        "line": 66
      }
    },
    "s": {
      "0": 0,
      "1": 0,
      "2": 0,
      "3": 0,
      "4": 0,
      "5": 0,
      "6": 0,
      "7": 0,
      "8": 0,
      "9": 0,
      "10": 0,
      "11": 0,
      "12": 0,
      "13": 0,
      "14": 0,
      "15": 0,
      "16": 0,
      "17": 0,
      "18": 0
    },
    "f": { "0": 0, "1": 0 },
    "b": { "0": [0, 0], "1": [0, 0], "2": [0, 0], "3": [0, 0] }
  },
  "/Users/tristan.marsh/projects/flag-trainer/src/app/learn/quick/page.tsx": {
    "path": "/Users/tristan.marsh/projects/flag-trainer/src/app/learn/quick/page.tsx",
    "statementMap": {
      "0": {
        "start": { "line": 7, "column": 23 },
        "end": { "line": 7, "column": 38 }
      },
      "1": {
        "start": { "line": 8, "column": 26 },
        "end": { "line": 8, "column": 42 }
      },
      "2": {
        "start": { "line": 11, "column": 2 },
        "end": { "line": 65, "column": 3 }
      },
      "3": {
        "start": { "line": 13, "column": 24 },
        "end": { "line": 16, "column": 6 }
      },
      "4": {
        "start": { "line": 19, "column": 4 },
        "end": { "line": 34, "column": 5 }
      },
      "5": {
        "start": { "line": 20, "column": 6 },
        "end": { "line": 33, "column": 8 }
      },
      "6": {
        "start": { "line": 36, "column": 4 },
        "end": { "line": 47, "column": 6 }
      },
      "7": {
        "start": { "line": 49, "column": 4 },
        "end": { "line": 49, "column": 57 }
      },
      "8": {
        "start": { "line": 51, "column": 4 },
        "end": { "line": 64, "column": 6 }
      }
    },
    "fnMap": {
      "0": {
        "name": "QuickSessionPage",
        "decl": {
          "start": { "line": 10, "column": 30 },
          "end": { "line": 10, "column": 46 }
        },
        "loc": {
          "start": { "line": 10, "column": 49 },
          "end": { "line": 66, "column": 1 }
        },
        "line": 10
      }
    },
    "branchMap": {
      "0": {
        "loc": {
          "start": { "line": 19, "column": 4 },
          "end": { "line": 34, "column": 5 }
        },
        "type": "if",
        "locations": [
          {
            "start": { "line": 19, "column": 4 },
            "end": { "line": 34, "column": 5 }
          },
          { "start": {}, "end": {} }
        ],
        "line": 19
      },
      "1": {
        "loc": {
          "start": { "line": 19, "column": 8 },
          "end": { "line": 19, "column": 48 }
        },
        "type": "binary-expr",
        "locations": [
          {
            "start": { "line": 19, "column": 8 },
            "end": { "line": 19, "column": 20 }
          },
          {
            "start": { "line": 19, "column": 24 },
            "end": { "line": 19, "column": 48 }
          }
        ],
        "line": 19
      }
    },
    "s": {
      "0": 0,
      "1": 0,
      "2": 0,
      "3": 0,
      "4": 0,
      "5": 0,
      "6": 0,
      "7": 0,
      "8": 0
    },
    "f": { "0": 0 },
    "b": { "0": [0, 0], "1": [0, 0] }
  },
  "/Users/tristan.marsh/projects/flag-trainer/src/app/library/page.tsx": {
    "path": "/Users/tristan.marsh/projects/flag-trainer/src/app/library/page.tsx",
    "statementMap": {
      "0": {
        "start": { "line": 14, "column": 16 },
        "end": { "line": 16, "column": 4 }
      },
      "1": {
        "start": { "line": 15, "column": 33 },
        "end": { "line": 15, "column": 50 }
      },
      "2": {
        "start": { "line": 18, "column": 2 },
        "end": { "line": 56, "column": 4 }
      },
      "3": {
        "start": { "line": 29, "column": 10 },
        "end": { "line": 52, "column": 17 }
      }
    },
    "fnMap": {
      "0": {
        "name": "LibraryPage",
        "decl": {
          "start": { "line": 13, "column": 30 },
          "end": { "line": 13, "column": 41 }
        },
        "loc": {
          "start": { "line": 13, "column": 44 },
          "end": { "line": 57, "column": 1 }
        },
        "line": 13
      },
      "1": {
        "name": "(anonymous_1)",
        "decl": {
          "start": { "line": 15, "column": 13 },
          "end": { "line": 15, "column": 14 }
        },
        "loc": {
          "start": { "line": 15, "column": 33 },
          "end": { "line": 15, "column": 50 }
        },
        "line": 15
      },
      "2": {
        "name": "(anonymous_2)",
        "decl": {
          "start": { "line": 28, "column": 19 },
          "end": { "line": 28, "column": 20 }
        },
        "loc": {
          "start": { "line": 29, "column": 10 },
          "end": { "line": 52, "column": 17 }
        },
        "line": 29
      }
    },
    "branchMap": {},
    "s": { "0": 0, "1": 0, "2": 0, "3": 0 },
    "f": { "0": 0, "1": 0, "2": 0 },
    "b": {}
  },
  "/Users/tristan.marsh/projects/flag-trainer/src/app/library/[code]/page.tsx": {
    "path": "/Users/tristan.marsh/projects/flag-trainer/src/app/library/[code]/page.tsx",
    "statementMap": {
      "0": {
        "start": { "line": 28, "column": 25 },
        "end": { "line": 28, "column": 37 }
      },
      "1": {
        "start": { "line": 30, "column": 15 },
        "end": { "line": 32, "column": 4 }
      },
      "2": {
        "start": { "line": 34, "column": 2 },
        "end": { "line": 38, "column": 3 }
      },
      "3": {
        "start": { "line": 35, "column": 4 },
        "end": { "line": 37, "column": 6 }
      },
      "4": {
        "start": { "line": 40, "column": 2 },
        "end": { "line": 43, "column": 4 }
      },
      "5": {
        "start": { "line": 48, "column": 25 },
        "end": { "line": 48, "column": 37 }
      },
      "6": {
        "start": { "line": 49, "column": 19 },
        "end": { "line": 49, "column": 33 }
      },
      "7": {
        "start": { "line": 51, "column": 15 },
        "end": { "line": 53, "column": 4 }
      },
      "8": {
        "start": { "line": 55, "column": 2 },
        "end": { "line": 57, "column": 3 }
      },
      "9": {
        "start": { "line": 56, "column": 4 },
        "end": { "line": 56, "column": 15 }
      },
      "10": {
        "start": { "line": 60, "column": 19 },
        "end": { "line": 60, "column": 75 }
      },
      "11": {
        "start": { "line": 62, "column": 2 },
        "end": { "line": 131, "column": 4 }
      },
      "12": {
        "start": { "line": 123, "column": 18 },
        "end": { "line": 123, "column": 45 }
      }
    },
    "fnMap": {
      "0": {
        "name": "generateMetadata",
        "decl": {
          "start": { "line": 25, "column": 22 },
          "end": { "line": 25, "column": 38 }
        },
        "loc": {
          "start": { "line": 27, "column": 34 },
          "end": { "line": 44, "column": 1 }
        },
        "line": 27
      },
      "1": {
        "name": "FlagDetailPage",
        "decl": {
          "start": { "line": 47, "column": 30 },
          "end": { "line": 47, "column": 44 }
        },
        "loc": {
          "start": { "line": 47, "column": 69 },
          "end": { "line": 132, "column": 1 }
        },
        "line": 47
      },
      "2": {
        "name": "(anonymous_2)",
        "decl": {
          "start": { "line": 122, "column": 30 },
          "end": { "line": 122, "column": 31 }
        },
        "loc": {
          "start": { "line": 123, "column": 18 },
          "end": { "line": 123, "column": 45 }
        },
        "line": 123
      }
    },
    "branchMap": {
      "0": {
        "loc": {
          "start": { "line": 34, "column": 2 },
          "end": { "line": 38, "column": 3 }
        },
        "type": "if",
        "locations": [
          {
            "start": { "line": 34, "column": 2 },
            "end": { "line": 38, "column": 3 }
          },
          { "start": {}, "end": {} }
        ],
        "line": 34
      },
      "1": {
        "loc": {
          "start": { "line": 55, "column": 2 },
          "end": { "line": 57, "column": 3 }
        },
        "type": "if",
        "locations": [
          {
            "start": { "line": 55, "column": 2 },
            "end": { "line": 57, "column": 3 }
          },
          { "start": {}, "end": {} }
        ],
        "line": 55
      },
      "2": {
        "loc": {
          "start": { "line": 60, "column": 19 },
          "end": { "line": 60, "column": 75 }
        },
        "type": "cond-expr",
        "locations": [
          {
            "start": { "line": 60, "column": 35 },
            "end": { "line": 60, "column": 70 }
          },
          {
            "start": { "line": 60, "column": 73 },
            "end": { "line": 60, "column": 75 }
          }
        ],
        "line": 60
      },
      "3": {
        "loc": {
          "start": { "line": 112, "column": 9 },
          "end": { "line": 128, "column": 9 }
        },
        "type": "binary-expr",
        "locations": [
          {
            "start": { "line": 112, "column": 9 },
            "end": { "line": 112, "column": 28 }
          },
          {
            "start": { "line": 113, "column": 10 },
            "end": { "line": 127, "column": 17 }
          }
        ],
        "line": 112
      }
    },
    "s": {
      "0": 0,
      "1": 0,
      "2": 0,
      "3": 0,
      "4": 0,
      "5": 0,
      "6": 0,
      "7": 0,
      "8": 0,
      "9": 0,
      "10": 0,
      "11": 0,
      "12": 0
    },
    "f": { "0": 0, "1": 0, "2": 0 },
    "b": { "0": [0, 0], "1": [0, 0], "2": [0, 0], "3": [0, 0] }
  },
  "/Users/tristan.marsh/projects/flag-trainer/src/app/stats/page.tsx": {
    "path": "/Users/tristan.marsh/projects/flag-trainer/src/app/stats/page.tsx",
    "statementMap": {
      "0": {
        "start": { "line": 16, "column": 20 },
        "end": { "line": 20, "column": 23 }
      },
      "1": {
        "start": { "line": 21, "column": 21 },
        "end": { "line": 21, "column": 39 }
      },
      "2": {
        "start": { "line": 23, "column": 2 },
        "end": { "line": 110, "column": 4 }
      }
    },
    "fnMap": {
      "0": {
        "name": "StatsPage",
        "decl": {
          "start": { "line": 14, "column": 30 },
          "end": { "line": 14, "column": 39 }
        },
        "loc": {
          "start": { "line": 14, "column": 42 },
          "end": { "line": 111, "column": 1 }
        },
        "line": 14
      }
    },
    "branchMap": {},
    "s": { "0": 0, "1": 0, "2": 0 },
    "f": { "0": 0 },
    "b": {}
  },
  "/Users/tristan.marsh/projects/flag-trainer/src/components/analytics.tsx": {
    "path": "/Users/tristan.marsh/projects/flag-trainer/src/components/analytics.tsx",
    "statementMap": {
      "0": {
        "start": { "line": 34, "column": 2 },
        "end": { "line": 36, "column": 3 }
      },
      "1": {
        "start": { "line": 35, "column": 4 },
        "end": { "line": 35, "column": 16 }
      },
      "2": {
        "start": { "line": 38, "column": 2 },
        "end": { "line": 38, "column": 55 }
      }
    },
    "fnMap": {
      "0": {
        "name": "Analytics",
        "decl": {
          "start": { "line": 28, "column": 16 },
          "end": { "line": 28, "column": 25 }
        },
        "loc": {
          "start": { "line": 32, "column": 19 },
          "end": { "line": 39, "column": 1 }
        },
        "line": 32
      }
    },
    "branchMap": {
      "0": {
        "loc": {
          "start": { "line": 29, "column": 2 },
          "end": { "line": 29, "column": 49 }
        },
        "type": "default-arg",
        "locations": [
          {
            "start": { "line": 29, "column": 12 },
            "end": { "line": 29, "column": 49 }
          }
        ],
        "line": 29
      },
      "1": {
        "loc": {
          "start": { "line": 30, "column": 2 },
          "end": { "line": 30, "column": 15 }
        },
        "type": "default-arg",
        "locations": [
          {
            "start": { "line": 30, "column": 10 },
            "end": { "line": 30, "column": 15 }
          }
        ],
        "line": 30
      },
      "2": {
        "loc": {
          "start": { "line": 31, "column": 2 },
          "end": { "line": 31, "column": 15 }
        },
        "type": "default-arg",
        "locations": [
          {
            "start": { "line": 31, "column": 9 },
            "end": { "line": 31, "column": 15 }
          }
        ],
        "line": 31
      },
      "3": {
        "loc": {
          "start": { "line": 34, "column": 2 },
          "end": { "line": 36, "column": 3 }
        },
        "type": "if",
        "locations": [
          {
            "start": { "line": 34, "column": 2 },
            "end": { "line": 36, "column": 3 }
          },
          { "start": {}, "end": {} }
        ],
        "line": 34
      }
    },
    "s": { "0": 0, "1": 0, "2": 0 },
    "f": { "0": 0 },
    "b": { "0": [0], "1": [0], "2": [0], "3": [0, 0] }
  },
  "/Users/tristan.marsh/projects/flag-trainer/src/components/mode-toggle.tsx": {
    "path": "/Users/tristan.marsh/projects/flag-trainer/src/components/mode-toggle.tsx",
    "statementMap": {
      "0": {
        "start": { "line": 16, "column": 23 },
        "end": { "line": 16, "column": 33 }
      },
      "1": {
        "start": { "line": 18, "column": 2 },
        "end": { "line": 39, "column": 4 }
      },
      "2": {
        "start": { "line": 28, "column": 41 },
        "end": { "line": 28, "column": 58 }
      },
      "3": {
        "start": { "line": 31, "column": 41 },
        "end": { "line": 31, "column": 57 }
      },
      "4": {
        "start": { "line": 34, "column": 41 },
        "end": { "line": 34, "column": 59 }
      }
    },
    "fnMap": {
      "0": {
        "name": "ModeToggle",
        "decl": {
          "start": { "line": 15, "column": 16 },
          "end": { "line": 15, "column": 26 }
        },
        "loc": {
          "start": { "line": 15, "column": 29 },
          "end": { "line": 40, "column": 1 }
        },
        "line": 15
      },
      "1": {
        "name": "(anonymous_1)",
        "decl": {
          "start": { "line": 28, "column": 35 },
          "end": { "line": 28, "column": 36 }
        },
        "loc": {
          "start": { "line": 28, "column": 41 },
          "end": { "line": 28, "column": 58 }
        },
        "line": 28
      },
      "2": {
        "name": "(anonymous_2)",
        "decl": {
          "start": { "line": 31, "column": 35 },
          "end": { "line": 31, "column": 36 }
        },
        "loc": {
          "start": { "line": 31, "column": 41 },
          "end": { "line": 31, "column": 57 }
        },
        "line": 31
      },
      "3": {
        "name": "(anonymous_3)",
        "decl": {
          "start": { "line": 34, "column": 35 },
          "end": { "line": 34, "column": 36 }
        },
        "loc": {
          "start": { "line": 34, "column": 41 },
          "end": { "line": 34, "column": 59 }
        },
        "line": 34
      }
    },
    "branchMap": {},
    "s": { "0": 0, "1": 0, "2": 0, "3": 0, "4": 0 },
    "f": { "0": 0, "1": 0, "2": 0, "3": 0 },
    "b": {}
  },
  "/Users/tristan.marsh/projects/flag-trainer/src/components/quick-learning-session.tsx": {
    "path": "/Users/tristan.marsh/projects/flag-trainer/src/components/quick-learning-session.tsx",
    "statementMap": {
      "0": {
        "start": { "line": 39, "column": 42 },
        "end": { "line": 39, "column": 53 }
      },
      "1": {
        "start": { "line": 40, "column": 46 },
        "end": { "line": 40, "column": 75 }
      },
      "2": {
        "start": { "line": 41, "column": 38 },
        "end": { "line": 41, "column": 53 }
      },
      "3": {
        "start": { "line": 42, "column": 28 },
        "end": { "line": 42, "column": 39 }
      },
      "4": {
        "start": { "line": 43, "column": 52 },
        "end": { "line": 43, "column": 67 }
      },
      "5": {
        "start": { "line": 44, "column": 36 },
        "end": { "line": 44, "column": 62 }
      },
      "6": {
        "start": { "line": 44, "column": 51 },
        "end": { "line": 44, "column": 61 }
      },
      "7": {
        "start": { "line": 45, "column": 48 },
        "end": { "line": 45, "column": 74 }
      },
      "8": {
        "start": { "line": 45, "column": 63 },
        "end": { "line": 45, "column": 73 }
      },
      "9": {
        "start": { "line": 46, "column": 29 },
        "end": { "line": 46, "column": 56 }
      },
      "10": {
        "start": { "line": 50, "column": 4 },
        "end": { "line": 50, "column": 63 }
      },
      "11": {
        "start": { "line": 54, "column": 18 },
        "end": { "line": 75, "column": 26 }
      },
      "12": {
        "start": { "line": 55, "column": 4 },
        "end": { "line": 55, "column": 32 }
      },
      "13": {
        "start": { "line": 55, "column": 22 },
        "end": { "line": 55, "column": 32 }
      },
      "14": {
        "start": { "line": 57, "column": 20 },
        "end": { "line": 57, "column": 38 }
      },
      "15": {
        "start": { "line": 58, "column": 23 },
        "end": { "line": 58, "column": 72 }
      },
      "16": {
        "start": { "line": 58, "column": 48 },
        "end": { "line": 58, "column": 71 }
      },
      "17": {
        "start": { "line": 61, "column": 4 },
        "end": { "line": 64, "column": 5 }
      },
      "18": {
        "start": { "line": 61, "column": 17 },
        "end": { "line": 61, "column": 38 }
      },
      "19": {
        "start": { "line": 62, "column": 16 },
        "end": { "line": 62, "column": 51 }
      },
      "20": {
        "start": { "line": 63, "column": 6 },
        "end": { "line": 63, "column": 70 }
      },
      "21": {
        "start": { "line": 66, "column": 4 },
        "end": { "line": 66, "column": 63 }
      },
      "22": {
        "start": { "line": 66, "column": 54 },
        "end": { "line": 66, "column": 60 }
      },
      "23": {
        "start": { "line": 69, "column": 4 },
        "end": { "line": 72, "column": 5 }
      },
      "24": {
        "start": { "line": 69, "column": 17 },
        "end": { "line": 69, "column": 35 }
      },
      "25": {
        "start": { "line": 70, "column": 16 },
        "end": { "line": 70, "column": 51 }
      },
      "26": {
        "start": { "line": 71, "column": 6 },
        "end": { "line": 71, "column": 58 }
      },
      "27": {
        "start": { "line": 74, "column": 4 },
        "end": { "line": 74, "column": 19 }
      },
      "28": {
        "start": { "line": 78, "column": 2 },
        "end": { "line": 89, "column": 28 }
      },
      "29": {
        "start": { "line": 79, "column": 4 },
        "end": { "line": 82, "column": 5 }
      },
      "30": {
        "start": { "line": 80, "column": 6 },
        "end": { "line": 80, "column": 40 }
      },
      "31": {
        "start": { "line": 81, "column": 6 },
        "end": { "line": 81, "column": 52 }
      },
      "32": {
        "start": { "line": 84, "column": 4 },
        "end": { "line": 88, "column": 6 }
      },
      "33": {
        "start": { "line": 85, "column": 6 },
        "end": { "line": 87, "column": 7 }
      },
      "34": {
        "start": { "line": 86, "column": 8 },
        "end": { "line": 86, "column": 40 }
      },
      "35": {
        "start": { "line": 92, "column": 2 },
        "end": { "line": 97, "column": 41 }
      },
      "36": {
        "start": { "line": 93, "column": 4 },
        "end": { "line": 96, "column": 5 }
      },
      "37": {
        "start": { "line": 95, "column": 6 },
        "end": { "line": 95, "column": 76 }
      },
      "38": {
        "start": { "line": 100, "column": 2 },
        "end": { "line": 118, "column": 3 }
      },
      "39": {
        "start": { "line": 101, "column": 4 },
        "end": { "line": 117, "column": 6 }
      },
      "40": {
        "start": { "line": 122, "column": 2 },
        "end": { "line": 140, "column": 3 }
      },
      "41": {
        "start": { "line": 123, "column": 4 },
        "end": { "line": 139, "column": 6 }
      },
      "42": {
        "start": { "line": 142, "column": 23 },
        "end": { "line": 164, "column": 3 }
      },
      "43": {
        "start": { "line": 143, "column": 4 },
        "end": { "line": 143, "column": 32 }
      },
      "44": {
        "start": { "line": 143, "column": 25 },
        "end": { "line": 143, "column": 32 }
      },
      "45": {
        "start": { "line": 146, "column": 4 },
        "end": { "line": 146, "column": 55 }
      },
      "46": {
        "start": { "line": 148, "column": 22 },
        "end": { "line": 148, "column": 57 }
      },
      "47": {
        "start": { "line": 149, "column": 27 },
        "end": { "line": 149, "column": 55 }
      },
      "48": {
        "start": { "line": 151, "column": 4 },
        "end": { "line": 151, "column": 24 }
      },
      "49": {
        "start": { "line": 152, "column": 4 },
        "end": { "line": 154, "column": 5 }
      },
      "50": {
        "start": { "line": 153, "column": 6 },
        "end": { "line": 153, "column": 26 }
      },
      "51": {
        "start": { "line": 157, "column": 4 },
        "end": { "line": 157, "column": 61 }
      },
      "52": {
        "start": { "line": 160, "column": 23 },
        "end": { "line": 160, "column": 71 }
      },
      "53": {
        "start": { "line": 161, "column": 4 },
        "end": { "line": 163, "column": 5 }
      },
      "54": {
        "start": { "line": 162, "column": 6 },
        "end": { "line": 162, "column": 68 }
      },
      "55": {
        "start": { "line": 166, "column": 21 },
        "end": { "line": 193, "column": 3 }
      },
      "56": {
        "start": { "line": 168, "column": 4 },
        "end": { "line": 168, "column": 35 }
      },
      "57": {
        "start": { "line": 170, "column": 4 },
        "end": { "line": 192, "column": 5 }
      },
      "58": {
        "start": { "line": 171, "column": 6 },
        "end": { "line": 171, "column": 40 }
      },
      "59": {
        "start": { "line": 172, "column": 6 },
        "end": { "line": 172, "column": 30 }
      },
      "60": {
        "start": { "line": 173, "column": 6 },
        "end": { "line": 173, "column": 27 }
      },
      "61": {
        "start": { "line": 175, "column": 6 },
        "end": { "line": 175, "column": 33 }
      },
      "62": {
        "start": { "line": 178, "column": 6 },
        "end": { "line": 180, "column": 7 }
      },
      "63": {
        "start": { "line": 179, "column": 8 },
        "end": { "line": 179, "column": 74 }
      },
      "64": {
        "start": { "line": 183, "column": 37 },
        "end": { "line": 185, "column": 7 }
      },
      "65": {
        "start": { "line": 186, "column": 6 },
        "end": { "line": 191, "column": 8 }
      },
      "66": {
        "start": { "line": 195, "column": 23 },
        "end": { "line": 203, "column": 3 }
      },
      "67": {
        "start": { "line": 196, "column": 4 },
        "end": { "line": 196, "column": 23 }
      },
      "68": {
        "start": { "line": 197, "column": 4 },
        "end": { "line": 197, "column": 16 }
      },
      "69": {
        "start": { "line": 198, "column": 4 },
        "end": { "line": 198, "column": 25 }
      },
      "70": {
        "start": { "line": 199, "column": 4 },
        "end": { "line": 199, "column": 28 }
      },
      "71": {
        "start": { "line": 200, "column": 4 },
        "end": { "line": 200, "column": 32 }
      },
      "72": {
        "start": { "line": 201, "column": 4 },
        "end": { "line": 201, "column": 29 }
      },
      "73": {
        "start": { "line": 202, "column": 4 },
        "end": { "line": 202, "column": 50 }
      },
      "74": {
        "start": { "line": 205, "column": 2 },
        "end": { "line": 237, "column": 3 }
      },
      "75": {
        "start": { "line": 206, "column": 4 },
        "end": { "line": 236, "column": 6 }
      },
      "76": {
        "start": { "line": 228, "column": 51 },
        "end": { "line": 228, "column": 65 }
      },
      "77": {
        "start": { "line": 239, "column": 2 },
        "end": { "line": 317, "column": 4 }
      },
      "78": {
        "start": { "line": 271, "column": 14 },
        "end": { "line": 300, "column": 20 }
      }
    },
    "fnMap": {
      "0": {
        "name": "QuickLearningSession",
        "decl": {
          "start": { "line": 34, "column": 16 },
          "end": { "line": 34, "column": 36 }
        },
        "loc": {
          "start": { "line": 37, "column": 30 },
          "end": { "line": 318, "column": 1 }
        },
        "line": 37
      },
      "1": {
        "name": "(anonymous_1)",
        "decl": {
          "start": { "line": 44, "column": 45 },
          "end": { "line": 44, "column": 46 }
        },
        "loc": {
          "start": { "line": 44, "column": 51 },
          "end": { "line": 44, "column": 61 }
        },
        "line": 44
      },
      "2": {
        "name": "(anonymous_2)",
        "decl": {
          "start": { "line": 45, "column": 57 },
          "end": { "line": 45, "column": 58 }
        },
        "loc": {
          "start": { "line": 45, "column": 63 },
          "end": { "line": 45, "column": 73 }
        },
        "line": 45
      },
      "3": {
        "name": "(anonymous_3)",
        "decl": {
          "start": { "line": 54, "column": 26 },
          "end": { "line": 54, "column": 27 }
        },
        "loc": {
          "start": { "line": 54, "column": 32 },
          "end": { "line": 75, "column": 3 }
        },
        "line": 54
      },
      "4": {
        "name": "(anonymous_4)",
        "decl": {
          "start": { "line": 58, "column": 41 },
          "end": { "line": 58, "column": 42 }
        },
        "loc": {
          "start": { "line": 58, "column": 48 },
          "end": { "line": 58, "column": 71 }
        },
        "line": 58
      },
      "5": {
        "name": "(anonymous_5)",
        "decl": {
          "start": { "line": 66, "column": 47 },
          "end": { "line": 66, "column": 48 }
        },
        "loc": {
          "start": { "line": 66, "column": 54 },
          "end": { "line": 66, "column": 60 }
        },
        "line": 66
      },
      "6": {
        "name": "(anonymous_6)",
        "decl": {
          "start": { "line": 78, "column": 12 },
          "end": { "line": 78, "column": 13 }
        },
        "loc": {
          "start": { "line": 78, "column": 18 },
          "end": { "line": 89, "column": 3 }
        },
        "line": 78
      },
      "7": {
        "name": "(anonymous_7)",
        "decl": {
          "start": { "line": 84, "column": 11 },
          "end": { "line": 84, "column": 12 }
        },
        "loc": {
          "start": { "line": 84, "column": 17 },
          "end": { "line": 88, "column": 5 }
        },
        "line": 84
      },
      "8": {
        "name": "(anonymous_8)",
        "decl": {
          "start": { "line": 92, "column": 12 },
          "end": { "line": 92, "column": 13 }
        },
        "loc": {
          "start": { "line": 92, "column": 18 },
          "end": { "line": 97, "column": 3 }
        },
        "line": 92
      },
      "9": {
        "name": "(anonymous_9)",
        "decl": {
          "start": { "line": 142, "column": 23 },
          "end": { "line": 142, "column": 24 }
        },
        "loc": {
          "start": { "line": 142, "column": 29 },
          "end": { "line": 164, "column": 3 }
        },
        "line": 142
      },
      "10": {
        "name": "(anonymous_10)",
        "decl": {
          "start": { "line": 166, "column": 21 },
          "end": { "line": 166, "column": 22 }
        },
        "loc": {
          "start": { "line": 166, "column": 27 },
          "end": { "line": 193, "column": 3 }
        },
        "line": 166
      },
      "11": {
        "name": "(anonymous_11)",
        "decl": {
          "start": { "line": 195, "column": 23 },
          "end": { "line": 195, "column": 24 }
        },
        "loc": {
          "start": { "line": 195, "column": 29 },
          "end": { "line": 203, "column": 3 }
        },
        "line": 195
      },
      "12": {
        "name": "(anonymous_12)",
        "decl": {
          "start": { "line": 228, "column": 45 },
          "end": { "line": 228, "column": 46 }
        },
        "loc": {
          "start": { "line": 228, "column": 51 },
          "end": { "line": 228, "column": 65 }
        },
        "line": 228
      },
      "13": {
        "name": "(anonymous_13)",
        "decl": {
          "start": { "line": 270, "column": 25 },
          "end": { "line": 270, "column": 26 }
        },
        "loc": {
          "start": { "line": 271, "column": 14 },
          "end": { "line": 300, "column": 20 }
        },
        "line": 271
      }
    },
    "branchMap": {
      "0": {
        "loc": {
          "start": { "line": 36, "column": 2 },
          "end": { "line": 36, "column": 41 }
        },
        "type": "default-arg",
        "locations": [
          {
            "start": { "line": 36, "column": 17 },
            "end": { "line": 36, "column": 41 }
          }
        ],
        "line": 36
      },
      "1": {
        "loc": {
          "start": { "line": 50, "column": 4 },
          "end": { "line": 50, "column": 63 }
        },
        "type": "cond-expr",
        "locations": [
          {
            "start": { "line": 50, "column": 32 },
            "end": { "line": 50, "column": 51 }
          },
          {
            "start": { "line": 50, "column": 54 },
            "end": { "line": 50, "column": 63 }
          }
        ],
        "line": 50
      },
      "2": {
        "loc": {
          "start": { "line": 50, "column": 4 },
          "end": { "line": 50, "column": 29 }
        },
        "type": "binary-expr",
        "locations": [
          {
            "start": { "line": 50, "column": 4 },
            "end": { "line": 50, "column": 9 }
          },
          {
            "start": { "line": 50, "column": 13 },
            "end": { "line": 50, "column": 29 }
          }
        ],
        "line": 50
      },
      "3": {
        "loc": {
          "start": { "line": 55, "column": 4 },
          "end": { "line": 55, "column": 32 }
        },
        "type": "if",
        "locations": [
          {
            "start": { "line": 55, "column": 4 },
            "end": { "line": 55, "column": 32 }
          },
          { "start": {}, "end": {} }
        ],
        "line": 55
      },
      "4": {
        "loc": {
          "start": { "line": 79, "column": 4 },
          "end": { "line": 82, "column": 5 }
        },
        "type": "if",
        "locations": [
          {
            "start": { "line": 79, "column": 4 },
            "end": { "line": 82, "column": 5 }
          },
          { "start": {}, "end": {} }
        ],
        "line": 79
      },
      "5": {
        "loc": {
          "start": { "line": 79, "column": 8 },
          "end": { "line": 79, "column": 33 }
        },
        "type": "binary-expr",
        "locations": [
          {
            "start": { "line": 79, "column": 8 },
            "end": { "line": 79, "column": 13 }
          },
          {
            "start": { "line": 79, "column": 17 },
            "end": { "line": 79, "column": 33 }
          }
        ],
        "line": 79
      },
      "6": {
        "loc": {
          "start": { "line": 85, "column": 6 },
          "end": { "line": 87, "column": 7 }
        },
        "type": "if",
        "locations": [
          {
            "start": { "line": 85, "column": 6 },
            "end": { "line": 87, "column": 7 }
          },
          { "start": {}, "end": {} }
        ],
        "line": 85
      },
      "7": {
        "loc": {
          "start": { "line": 85, "column": 10 },
          "end": { "line": 85, "column": 35 }
        },
        "type": "binary-expr",
        "locations": [
          {
            "start": { "line": 85, "column": 10 },
            "end": { "line": 85, "column": 15 }
          },
          {
            "start": { "line": 85, "column": 19 },
            "end": { "line": 85, "column": 35 }
          }
        ],
        "line": 85
      },
      "8": {
        "loc": {
          "start": { "line": 93, "column": 4 },
          "end": { "line": 96, "column": 5 }
        },
        "type": "if",
        "locations": [
          {
            "start": { "line": 93, "column": 4 },
            "end": { "line": 96, "column": 5 }
          },
          { "start": {}, "end": {} }
        ],
        "line": 93
      },
      "9": {
        "loc": {
          "start": { "line": 100, "column": 2 },
          "end": { "line": 118, "column": 3 }
        },
        "type": "if",
        "locations": [
          {
            "start": { "line": 100, "column": 2 },
            "end": { "line": 118, "column": 3 }
          },
          { "start": {}, "end": {} }
        ],
        "line": 100
      },
      "10": {
        "loc": {
          "start": { "line": 100, "column": 6 },
          "end": { "line": 100, "column": 34 }
        },
        "type": "binary-expr",
        "locations": [
          {
            "start": { "line": 100, "column": 6 },
            "end": { "line": 100, "column": 12 }
          },
          {
            "start": { "line": 100, "column": 16 },
            "end": { "line": 100, "column": 34 }
          }
        ],
        "line": 100
      },
      "11": {
        "loc": {
          "start": { "line": 122, "column": 2 },
          "end": { "line": 140, "column": 3 }
        },
        "type": "if",
        "locations": [
          {
            "start": { "line": 122, "column": 2 },
            "end": { "line": 140, "column": 3 }
          },
          { "start": {}, "end": {} }
        ],
        "line": 122
      },
      "12": {
        "loc": {
          "start": { "line": 143, "column": 4 },
          "end": { "line": 143, "column": 32 }
        },
        "type": "if",
        "locations": [
          {
            "start": { "line": 143, "column": 4 },
            "end": { "line": 143, "column": 32 }
          },
          { "start": {}, "end": {} }
        ],
        "line": 143
      },
      "13": {
        "loc": {
          "start": { "line": 152, "column": 4 },
          "end": { "line": 154, "column": 5 }
        },
        "type": "if",
        "locations": [
          {
            "start": { "line": 152, "column": 4 },
            "end": { "line": 154, "column": 5 }
          },
          { "start": {}, "end": {} }
        ],
        "line": 152
      },
      "14": {
        "loc": {
          "start": { "line": 161, "column": 4 },
          "end": { "line": 163, "column": 5 }
        },
        "type": "if",
        "locations": [
          {
            "start": { "line": 161, "column": 4 },
            "end": { "line": 163, "column": 5 }
          },
          { "start": {}, "end": {} }
        ],
        "line": 161
      },
      "15": {
        "loc": {
          "start": { "line": 161, "column": 8 },
          "end": { "line": 161, "column": 59 }
        },
        "type": "binary-expr",
        "locations": [
          {
            "start": { "line": 161, "column": 8 },
            "end": { "line": 161, "column": 45 }
          },
          {
            "start": { "line": 161, "column": 49 },
            "end": { "line": 161, "column": 59 }
          }
        ],
        "line": 161
      },
      "16": {
        "loc": {
          "start": { "line": 170, "column": 4 },
          "end": { "line": 192, "column": 5 }
        },
        "type": "if",
        "locations": [
          {
            "start": { "line": 170, "column": 4 },
            "end": { "line": 192, "column": 5 }
          },
          {
            "start": { "line": 174, "column": 11 },
            "end": { "line": 192, "column": 5 }
          }
        ],
        "line": 170
      },
      "17": {
        "loc": {
          "start": { "line": 178, "column": 6 },
          "end": { "line": 180, "column": 7 }
        },
        "type": "if",
        "locations": [
          {
            "start": { "line": 178, "column": 6 },
            "end": { "line": 180, "column": 7 }
          },
          { "start": {}, "end": {} }
        ],
        "line": 178
      },
      "18": {
        "loc": {
          "start": { "line": 179, "column": 37 },
          "end": { "line": 179, "column": 73 }
        },
        "type": "binary-expr",
        "locations": [
          {
            "start": { "line": 179, "column": 37 },
            "end": { "line": 179, "column": 68 }
          },
          {
            "start": { "line": 179, "column": 72 },
            "end": { "line": 179, "column": 73 }
          }
        ],
        "line": 179
      },
      "19": {
        "loc": {
          "start": { "line": 188, "column": 17 },
          "end": { "line": 188, "column": 60 }
        },
        "type": "cond-expr",
        "locations": [
          {
            "start": { "line": 188, "column": 55 },
            "end": { "line": 188, "column": 56 }
          },
          {
            "start": { "line": 188, "column": 59 },
            "end": { "line": 188, "column": 60 }
          }
        ],
        "line": 188
      },
      "20": {
        "loc": {
          "start": { "line": 205, "column": 2 },
          "end": { "line": 237, "column": 3 }
        },
        "type": "if",
        "locations": [
          {
            "start": { "line": 205, "column": 2 },
            "end": { "line": 237, "column": 3 }
          },
          { "start": {}, "end": {} }
        ],
        "line": 205
      },
      "21": {
        "loc": {
          "start": { "line": 218, "column": 15 },
          "end": { "line": 222, "column": 69 }
        },
        "type": "cond-expr",
        "locations": [
          {
            "start": { "line": 219, "column": 18 },
            "end": { "line": 219, "column": 56 }
          },
          {
            "start": { "line": 220, "column": 18 },
            "end": { "line": 222, "column": 69 }
          }
        ],
        "line": 218
      },
      "22": {
        "loc": {
          "start": { "line": 220, "column": 18 },
          "end": { "line": 222, "column": 69 }
        },
        "type": "cond-expr",
        "locations": [
          {
            "start": { "line": 221, "column": 20 },
            "end": { "line": 221, "column": 70 }
          },
          {
            "start": { "line": 222, "column": 20 },
            "end": { "line": 222, "column": 69 }
          }
        ],
        "line": 220
      },
      "23": {
        "loc": {
          "start": { "line": 267, "column": 19 },
          "end": { "line": 267, "column": 39 }
        },
        "type": "binary-expr",
        "locations": [
          {
            "start": { "line": 267, "column": 19 },
            "end": { "line": 267, "column": 33 }
          },
          {
            "start": { "line": 267, "column": 37 },
            "end": { "line": 267, "column": 39 }
          }
        ],
        "line": 267
      },
      "24": {
        "loc": {
          "start": { "line": 274, "column": 18 },
          "end": { "line": 278, "column": 62 }
        },
        "type": "cond-expr",
        "locations": [
          {
            "start": { "line": 275, "column": 22 },
            "end": { "line": 275, "column": 73 }
          },
          {
            "start": { "line": 276, "column": 22 },
            "end": { "line": 278, "column": 62 }
          }
        ],
        "line": 274
      },
      "25": {
        "loc": {
          "start": { "line": 274, "column": 18 },
          "end": { "line": 274, "column": 59 }
        },
        "type": "binary-expr",
        "locations": [
          {
            "start": { "line": 274, "column": 18 },
            "end": { "line": 274, "column": 28 }
          },
          {
            "start": { "line": 274, "column": 32 },
            "end": { "line": 274, "column": 59 }
          }
        ],
        "line": 274
      },
      "26": {
        "loc": {
          "start": { "line": 276, "column": 22 },
          "end": { "line": 278, "column": 62 }
        },
        "type": "cond-expr",
        "locations": [
          {
            "start": { "line": 277, "column": 24 },
            "end": { "line": 277, "column": 69 }
          },
          {
            "start": { "line": 278, "column": 24 },
            "end": { "line": 278, "column": 62 }
          }
        ],
        "line": 276
      },
      "27": {
        "loc": {
          "start": { "line": 276, "column": 22 },
          "end": { "line": 276, "column": 61 }
        },
        "type": "binary-expr",
        "locations": [
          {
            "start": { "line": 276, "column": 22 },
            "end": { "line": 276, "column": 32 }
          },
          {
            "start": { "line": 276, "column": 36 },
            "end": { "line": 276, "column": 61 }
          }
        ],
        "line": 276
      },
      "28": {
        "loc": {
          "start": { "line": 292, "column": 17 },
          "end": { "line": 294, "column": 17 }
        },
        "type": "binary-expr",
        "locations": [
          {
            "start": { "line": 292, "column": 17 },
            "end": { "line": 292, "column": 27 }
          },
          {
            "start": { "line": 292, "column": 31 },
            "end": { "line": 292, "column": 58 }
          },
          {
            "start": { "line": 293, "column": 18 },
            "end": { "line": 293, "column": 59 }
          }
        ],
        "line": 292
      },
      "29": {
        "loc": {
          "start": { "line": 295, "column": 17 },
          "end": { "line": 299, "column": 19 }
        },
        "type": "binary-expr",
        "locations": [
          {
            "start": { "line": 295, "column": 17 },
            "end": { "line": 295, "column": 27 }
          },
          {
            "start": { "line": 296, "column": 18 },
            "end": { "line": 296, "column": 43 }
          },
          {
            "start": { "line": 297, "column": 18 },
            "end": { "line": 297, "column": 45 }
          },
          {
            "start": { "line": 298, "column": 20 },
            "end": { "line": 298, "column": 59 }
          }
        ],
        "line": 295
      },
      "30": {
        "loc": {
          "start": { "line": 306, "column": 9 },
          "end": { "line": 314, "column": 9 }
        },
        "type": "cond-expr",
        "locations": [
          {
            "start": { "line": 307, "column": 10 },
            "end": { "line": 309, "column": 19 }
          },
          {
            "start": { "line": 311, "column": 10 },
            "end": { "line": 313, "column": 19 }
          }
        ],
        "line": 306
      },
      "31": {
        "loc": {
          "start": { "line": 312, "column": 13 },
          "end": { "line": 312, "column": 74 }
        },
        "type": "cond-expr",
        "locations": [
          {
            "start": { "line": 312, "column": 47 },
            "end": { "line": 312, "column": 58 }
          },
          {
            "start": { "line": 312, "column": 61 },
            "end": { "line": 312, "column": 74 }
          }
        ],
        "line": 312
      }
    },
    "s": {
      "0": 0,
      "1": 0,
      "2": 0,
      "3": 0,
      "4": 0,
      "5": 0,
      "6": 0,
      "7": 0,
      "8": 0,
      "9": 0,
      "10": 0,
      "11": 0,
      "12": 0,
      "13": 0,
      "14": 0,
      "15": 0,
      "16": 0,
      "17": 0,
      "18": 0,
      "19": 0,
      "20": 0,
      "21": 0,
      "22": 0,
      "23": 0,
      "24": 0,
      "25": 0,
      "26": 0,
      "27": 0,
      "28": 0,
      "29": 0,
      "30": 0,
      "31": 0,
      "32": 0,
      "33": 0,
      "34": 0,
      "35": 0,
      "36": 0,
      "37": 0,
      "38": 0,
      "39": 0,
      "40": 0,
      "41": 0,
      "42": 0,
      "43": 0,
      "44": 0,
      "45": 0,
      "46": 0,
      "47": 0,
      "48": 0,
      "49": 0,
      "50": 0,
      "51": 0,
      "52": 0,
      "53": 0,
      "54": 0,
      "55": 0,
      "56": 0,
      "57": 0,
      "58": 0,
      "59": 0,
      "60": 0,
      "61": 0,
      "62": 0,
      "63": 0,
      "64": 0,
      "65": 0,
      "66": 0,
      "67": 0,
      "68": 0,
      "69": 0,
      "70": 0,
      "71": 0,
      "72": 0,
      "73": 0,
      "74": 0,
      "75": 0,
      "76": 0,
      "77": 0,
      "78": 0
    },
    "f": {
      "0": 0,
      "1": 0,
      "2": 0,
      "3": 0,
      "4": 0,
      "5": 0,
      "6": 0,
      "7": 0,
      "8": 0,
      "9": 0,
      "10": 0,
      "11": 0,
      "12": 0,
      "13": 0
    },
    "b": {
      "0": [0],
      "1": [0, 0],
      "2": [0, 0],
      "3": [0, 0],
      "4": [0, 0],
      "5": [0, 0],
      "6": [0, 0],
      "7": [0, 0],
      "8": [0, 0],
      "9": [0, 0],
      "10": [0, 0],
      "11": [0, 0],
      "12": [0, 0],
      "13": [0, 0],
      "14": [0, 0],
      "15": [0, 0],
      "16": [0, 0],
      "17": [0, 0],
      "18": [0, 0],
      "19": [0, 0],
      "20": [0, 0],
      "21": [0, 0],
      "22": [0, 0],
      "23": [0, 0],
      "24": [0, 0],
      "25": [0, 0],
      "26": [0, 0],
      "27": [0, 0],
      "28": [0, 0, 0],
      "29": [0, 0, 0, 0],
      "30": [0, 0],
      "31": [0, 0]
    }
  },
  "/Users/tristan.marsh/projects/flag-trainer/src/components/speed-insights.tsx": {
    "path": "/Users/tristan.marsh/projects/flag-trainer/src/components/speed-insights.tsx",
    "statementMap": {
      "0": {
        "start": { "line": 38, "column": 2 },
        "end": { "line": 40, "column": 3 }
      },
      "1": {
        "start": { "line": 39, "column": 4 },
        "end": { "line": 39, "column": 16 }
      },
      "2": {
        "start": { "line": 42, "column": 2 },
        "end": { "line": 44, "column": 4 }
      }
    },
    "fnMap": {
      "0": {
        "name": "SpeedInsights",
        "decl": {
          "start": { "line": 32, "column": 16 },
          "end": { "line": 32, "column": 29 }
        },
        "loc": {
          "start": { "line": 37, "column": 23 },
          "end": { "line": 45, "column": 1 }
        },
        "line": 37
      }
    },
    "branchMap": {
      "0": {
        "loc": {
          "start": { "line": 33, "column": 2 },
          "end": { "line": 33, "column": 49 }
        },
        "type": "default-arg",
        "locations": [
          {
            "start": { "line": 33, "column": 12 },
            "end": { "line": 33, "column": 49 }
          }
        ],
        "line": 33
      },
      "1": {
        "loc": {
          "start": { "line": 34, "column": 2 },
          "end": { "line": 34, "column": 15 }
        },
        "type": "default-arg",
        "locations": [
          {
            "start": { "line": 34, "column": 10 },
            "end": { "line": 34, "column": 15 }
          }
        ],
        "line": 34
      },
      "2": {
        "loc": {
          "start": { "line": 35, "column": 2 },
          "end": { "line": 35, "column": 16 }
        },
        "type": "default-arg",
        "locations": [
          {
            "start": { "line": 35, "column": 15 },
            "end": { "line": 35, "column": 16 }
          }
        ],
        "line": 35
      },
      "3": {
        "loc": {
          "start": { "line": 36, "column": 2 },
          "end": { "line": 36, "column": 15 }
        },
        "type": "default-arg",
        "locations": [
          {
            "start": { "line": 36, "column": 10 },
            "end": { "line": 36, "column": 15 }
          }
        ],
        "line": 36
      },
      "4": {
        "loc": {
          "start": { "line": 38, "column": 2 },
          "end": { "line": 40, "column": 3 }
        },
        "type": "if",
        "locations": [
          {
            "start": { "line": 38, "column": 2 },
            "end": { "line": 40, "column": 3 }
          },
          { "start": {}, "end": {} }
        ],
        "line": 38
      }
    },
    "s": { "0": 0, "1": 0, "2": 0 },
    "f": { "0": 0 },
    "b": { "0": [0], "1": [0], "2": [0], "3": [0], "4": [0, 0] }
  },
  "/Users/tristan.marsh/projects/flag-trainer/src/components/theme-provider.tsx": {
    "path": "/Users/tristan.marsh/projects/flag-trainer/src/components/theme-provider.tsx",
    "statementMap": {
      "0": {
        "start": { "line": 8, "column": 2 },
        "end": { "line": 8, "column": 72 }
      }
    },
    "fnMap": {
      "0": {
        "name": "ThemeProvider",
        "decl": {
          "start": { "line": 7, "column": 16 },
          "end": { "line": 7, "column": 29 }
        },
        "loc": {
          "start": { "line": 7, "column": 74 },
          "end": { "line": 9, "column": 1 }
        },
        "line": 7
      }
    },
    "branchMap": {},
    "s": { "0": 0 },
    "f": { "0": 0 },
    "b": {}
  },
  "/Users/tristan.marsh/projects/flag-trainer/src/components/ui/button.tsx": {
    "path": "/Users/tristan.marsh/projects/flag-trainer/src/components/ui/button.tsx",
    "statementMap": {
      "0": {
        "start": { "line": 7, "column": 23 },
        "end": { "line": 35, "column": 1 }
      },
      "1": {
        "start": { "line": 47, "column": 15 },
        "end": { "line": 47, "column": 40 }
      },
      "2": {
        "start": { "line": 49, "column": 2 },
        "end": { "line": 55, "column": 4 }
      }
    },
    "fnMap": {
      "0": {
        "name": "Button",
        "decl": {
          "start": { "line": 37, "column": 9 },
          "end": { "line": 37, "column": 15 }
        },
        "loc": {
          "start": { "line": 46, "column": 5 },
          "end": { "line": 56, "column": 1 }
        },
        "line": 46
      }
    },
    "branchMap": {
      "0": {
        "loc": {
          "start": { "line": 41, "column": 2 },
          "end": { "line": 41, "column": 17 }
        },
        "type": "default-arg",
        "locations": [
          {
            "start": { "line": 41, "column": 12 },
            "end": { "line": 41, "column": 17 }
          }
        ],
        "line": 41
      },
      "1": {
        "loc": {
          "start": { "line": 47, "column": 15 },
          "end": { "line": 47, "column": 40 }
        },
        "type": "cond-expr",
        "locations": [
          {
            "start": { "line": 47, "column": 25 },
            "end": { "line": 47, "column": 29 }
          },
          {
            "start": { "line": 47, "column": 32 },
            "end": { "line": 47, "column": 40 }
          }
        ],
        "line": 47
      }
    },
    "s": { "0": 0, "1": 0, "2": 0 },
    "f": { "0": 0 },
    "b": { "0": [0], "1": [0, 0] }
  },
  "/Users/tristan.marsh/projects/flag-trainer/src/components/ui/card.tsx": {
    "path": "/Users/tristan.marsh/projects/flag-trainer/src/components/ui/card.tsx",
    "statementMap": {
      "0": {
        "start": { "line": 6, "column": 2 },
        "end": { "line": 15, "column": 4 }
      },
      "1": {
        "start": { "line": 19, "column": 2 },
        "end": { "line": 25, "column": 4 }
      },
      "2": {
        "start": { "line": 29, "column": 2 },
        "end": { "line": 35, "column": 4 }
      },
      "3": {
        "start": { "line": 39, "column": 2 },
        "end": { "line": 45, "column": 4 }
      },
      "4": {
        "start": { "line": 49, "column": 2 },
        "end": { "line": 55, "column": 4 }
      },
      "5": {
        "start": { "line": 59, "column": 2 },
        "end": { "line": 65, "column": 4 }
      }
    },
    "fnMap": {
      "0": {
        "name": "Card",
        "decl": {
          "start": { "line": 5, "column": 9 },
          "end": { "line": 5, "column": 13 }
        },
        "loc": {
          "start": { "line": 5, "column": 68 },
          "end": { "line": 16, "column": 1 }
        },
        "line": 5
      },
      "1": {
        "name": "CardHeader",
        "decl": {
          "start": { "line": 18, "column": 9 },
          "end": { "line": 18, "column": 19 }
        },
        "loc": {
          "start": { "line": 18, "column": 74 },
          "end": { "line": 26, "column": 1 }
        },
        "line": 18
      },
      "2": {
        "name": "CardTitle",
        "decl": {
          "start": { "line": 28, "column": 9 },
          "end": { "line": 28, "column": 18 }
        },
        "loc": {
          "start": { "line": 28, "column": 73 },
          "end": { "line": 36, "column": 1 }
        },
        "line": 28
      },
      "3": {
        "name": "CardDescription",
        "decl": {
          "start": { "line": 38, "column": 9 },
          "end": { "line": 38, "column": 24 }
        },
        "loc": {
          "start": { "line": 38, "column": 79 },
          "end": { "line": 46, "column": 1 }
        },
        "line": 38
      },
      "4": {
        "name": "CardContent",
        "decl": {
          "start": { "line": 48, "column": 9 },
          "end": { "line": 48, "column": 20 }
        },
        "loc": {
          "start": { "line": 48, "column": 75 },
          "end": { "line": 56, "column": 1 }
        },
        "line": 48
      },
      "5": {
        "name": "CardFooter",
        "decl": {
          "start": { "line": 58, "column": 9 },
          "end": { "line": 58, "column": 19 }
        },
        "loc": {
          "start": { "line": 58, "column": 74 },
          "end": { "line": 66, "column": 1 }
        },
        "line": 58
      }
    },
    "branchMap": {},
    "s": { "0": 0, "1": 0, "2": 0, "3": 0, "4": 0, "5": 0 },
    "f": { "0": 0, "1": 0, "2": 0, "3": 0, "4": 0, "5": 0 },
    "b": {}
  },
  "/Users/tristan.marsh/projects/flag-trainer/src/components/ui/dialog.tsx": {
    "path": "/Users/tristan.marsh/projects/flag-trainer/src/components/ui/dialog.tsx",
    "statementMap": {
      "0": {
        "start": { "line": 12, "column": 2 },
        "end": { "line": 12, "column": 64 }
      },
      "1": {
        "start": { "line": 18, "column": 2 },
        "end": { "line": 18, "column": 75 }
      },
      "2": {
        "start": { "line": 24, "column": 2 },
        "end": { "line": 24, "column": 73 }
      },
      "3": {
        "start": { "line": 30, "column": 2 },
        "end": { "line": 30, "column": 71 }
      },
      "4": {
        "start": { "line": 37, "column": 2 },
        "end": { "line": 46, "column": 4 }
      },
      "5": {
        "start": { "line": 54, "column": 2 },
        "end": { "line": 72, "column": 4 }
      },
      "6": {
        "start": { "line": 76, "column": 2 },
        "end": { "line": 82, "column": 4 }
      },
      "7": {
        "start": { "line": 86, "column": 2 },
        "end": { "line": 95, "column": 4 }
      },
      "8": {
        "start": { "line": 102, "column": 2 },
        "end": { "line": 108, "column": 4 }
      },
      "9": {
        "start": { "line": 115, "column": 2 },
        "end": { "line": 121, "column": 4 }
      }
    },
    "fnMap": {
      "0": {
        "name": "Dialog",
        "decl": {
          "start": { "line": 9, "column": 9 },
          "end": { "line": 9, "column": 15 }
        },
        "loc": {
          "start": { "line": 11, "column": 54 },
          "end": { "line": 13, "column": 1 }
        },
        "line": 11
      },
      "1": {
        "name": "DialogTrigger",
        "decl": {
          "start": { "line": 15, "column": 9 },
          "end": { "line": 15, "column": 22 }
        },
        "loc": {
          "start": { "line": 17, "column": 57 },
          "end": { "line": 19, "column": 1 }
        },
        "line": 17
      },
      "2": {
        "name": "DialogPortal",
        "decl": {
          "start": { "line": 21, "column": 9 },
          "end": { "line": 21, "column": 21 }
        },
        "loc": {
          "start": { "line": 23, "column": 56 },
          "end": { "line": 25, "column": 1 }
        },
        "line": 23
      },
      "3": {
        "name": "DialogClose",
        "decl": {
          "start": { "line": 27, "column": 9 },
          "end": { "line": 27, "column": 20 }
        },
        "loc": {
          "start": { "line": 29, "column": 55 },
          "end": { "line": 31, "column": 1 }
        },
        "line": 29
      },
      "4": {
        "name": "DialogOverlay",
        "decl": {
          "start": { "line": 33, "column": 9 },
          "end": { "line": 33, "column": 22 }
        },
        "loc": {
          "start": { "line": 36, "column": 57 },
          "end": { "line": 47, "column": 1 }
        },
        "line": 36
      },
      "5": {
        "name": "DialogContent",
        "decl": {
          "start": { "line": 49, "column": 9 },
          "end": { "line": 49, "column": 22 }
        },
        "loc": {
          "start": { "line": 53, "column": 57 },
          "end": { "line": 73, "column": 1 }
        },
        "line": 53
      },
      "6": {
        "name": "DialogHeader",
        "decl": {
          "start": { "line": 75, "column": 9 },
          "end": { "line": 75, "column": 21 }
        },
        "loc": {
          "start": { "line": 75, "column": 76 },
          "end": { "line": 83, "column": 1 }
        },
        "line": 75
      },
      "7": {
        "name": "DialogFooter",
        "decl": {
          "start": { "line": 85, "column": 9 },
          "end": { "line": 85, "column": 21 }
        },
        "loc": {
          "start": { "line": 85, "column": 76 },
          "end": { "line": 96, "column": 1 }
        },
        "line": 85
      },
      "8": {
        "name": "DialogTitle",
        "decl": {
          "start": { "line": 98, "column": 9 },
          "end": { "line": 98, "column": 20 }
        },
        "loc": {
          "start": { "line": 101, "column": 55 },
          "end": { "line": 109, "column": 1 }
        },
        "line": 101
      },
      "9": {
        "name": "DialogDescription",
        "decl": {
          "start": { "line": 111, "column": 9 },
          "end": { "line": 111, "column": 26 }
        },
        "loc": {
          "start": { "line": 114, "column": 61 },
          "end": { "line": 122, "column": 1 }
        },
        "line": 114
      }
    },
    "branchMap": {},
    "s": {
      "0": 0,
      "1": 0,
      "2": 0,
      "3": 0,
      "4": 0,
      "5": 0,
      "6": 0,
      "7": 0,
      "8": 0,
      "9": 0
    },
    "f": {
      "0": 0,
      "1": 0,
      "2": 0,
      "3": 0,
      "4": 0,
      "5": 0,
      "6": 0,
      "7": 0,
      "8": 0,
      "9": 0
    },
    "b": {}
  },
  "/Users/tristan.marsh/projects/flag-trainer/src/components/ui/dropdown-menu.tsx": {
    "path": "/Users/tristan.marsh/projects/flag-trainer/src/components/ui/dropdown-menu.tsx",
    "statementMap": {
      "0": {
        "start": { "line": 9, "column": 21 },
        "end": { "line": 9, "column": 47 }
      },
      "1": {
        "start": { "line": 11, "column": 28 },
        "end": { "line": 11, "column": 57 }
      },
      "2": {
        "start": { "line": 13, "column": 26 },
        "end": { "line": 13, "column": 53 }
      },
      "3": {
        "start": { "line": 15, "column": 27 },
        "end": { "line": 15, "column": 55 }
      },
      "4": {
        "start": { "line": 17, "column": 24 },
        "end": { "line": 17, "column": 49 }
      },
      "5": {
        "start": { "line": 19, "column": 31 },
        "end": { "line": 19, "column": 63 }
      },
      "6": {
        "start": { "line": 21, "column": 31 },
        "end": { "line": 39, "column": 2 }
      },
      "7": {
        "start": { "line": 27, "column": 2 },
        "end": { "line": 38, "column": 37 }
      },
      "8": {
        "start": { "line": 40, "column": 0 },
        "end": { "line": 41, "column": 47 }
      },
      "9": {
        "start": { "line": 43, "column": 31 },
        "end": { "line": 55, "column": 2 }
      },
      "10": {
        "start": { "line": 47, "column": 2 },
        "end": { "line": 54, "column": 4 }
      },
      "11": {
        "start": { "line": 56, "column": 0 },
        "end": { "line": 57, "column": 47 }
      },
      "12": {
        "start": { "line": 59, "column": 28 },
        "end": { "line": 74, "column": 2 }
      },
      "13": {
        "start": { "line": 63, "column": 2 },
        "end": { "line": 73, "column": 33 }
      },
      "14": {
        "start": { "line": 75, "column": 0 },
        "end": { "line": 75, "column": 76 }
      },
      "15": {
        "start": { "line": 77, "column": 25 },
        "end": { "line": 92, "column": 2 }
      },
      "16": {
        "start": { "line": 83, "column": 2 },
        "end": { "line": 91, "column": 4 }
      },
      "17": {
        "start": { "line": 93, "column": 0 },
        "end": { "line": 93, "column": 70 }
      },
      "18": {
        "start": { "line": 95, "column": 33 },
        "end": { "line": 115, "column": 2 }
      },
      "19": {
        "start": { "line": 99, "column": 2 },
        "end": { "line": 114, "column": 39 }
      },
      "20": {
        "start": { "line": 116, "column": 0 },
        "end": { "line": 117, "column": 49 }
      },
      "21": {
        "start": { "line": 119, "column": 30 },
        "end": { "line": 138, "column": 2 }
      },
      "22": {
        "start": { "line": 123, "column": 2 },
        "end": { "line": 137, "column": 36 }
      },
      "23": {
        "start": { "line": 139, "column": 0 },
        "end": { "line": 139, "column": 80 }
      },
      "24": {
        "start": { "line": 141, "column": 26 },
        "end": { "line": 156, "column": 2 }
      },
      "25": {
        "start": { "line": 147, "column": 2 },
        "end": { "line": 155, "column": 4 }
      },
      "26": {
        "start": { "line": 157, "column": 0 },
        "end": { "line": 157, "column": 72 }
      },
      "27": {
        "start": { "line": 159, "column": 30 },
        "end": { "line": 168, "column": 2 }
      },
      "28": {
        "start": { "line": 163, "column": 2 },
        "end": { "line": 167, "column": 4 }
      },
      "29": {
        "start": { "line": 169, "column": 0 },
        "end": { "line": 169, "column": 80 }
      },
      "30": {
        "start": { "line": 171, "column": 29 },
        "end": { "line": 181, "column": 1 }
      },
      "31": {
        "start": { "line": 175, "column": 2 },
        "end": { "line": 180, "column": 4 }
      },
      "32": {
        "start": { "line": 182, "column": 0 },
        "end": { "line": 182, "column": 58 }
      }
    },
    "fnMap": {
      "0": {
        "name": "(anonymous_0)",
        "decl": {
          "start": { "line": 26, "column": 2 },
          "end": { "line": 26, "column": 3 }
        },
        "loc": {
          "start": { "line": 27, "column": 2 },
          "end": { "line": 38, "column": 37 }
        },
        "line": 27
      },
      "1": {
        "name": "(anonymous_1)",
        "decl": {
          "start": { "line": 46, "column": 2 },
          "end": { "line": 46, "column": 3 }
        },
        "loc": {
          "start": { "line": 47, "column": 2 },
          "end": { "line": 54, "column": 4 }
        },
        "line": 47
      },
      "2": {
        "name": "(anonymous_2)",
        "decl": {
          "start": { "line": 62, "column": 2 },
          "end": { "line": 62, "column": 3 }
        },
        "loc": {
          "start": { "line": 63, "column": 2 },
          "end": { "line": 73, "column": 33 }
        },
        "line": 63
      },
      "3": {
        "name": "(anonymous_3)",
        "decl": {
          "start": { "line": 82, "column": 2 },
          "end": { "line": 82, "column": 3 }
        },
        "loc": {
          "start": { "line": 83, "column": 2 },
          "end": { "line": 91, "column": 4 }
        },
        "line": 83
      },
      "4": {
        "name": "(anonymous_4)",
        "decl": {
          "start": { "line": 98, "column": 2 },
          "end": { "line": 98, "column": 3 }
        },
        "loc": {
          "start": { "line": 99, "column": 2 },
          "end": { "line": 114, "column": 39 }
        },
        "line": 99
      },
      "5": {
        "name": "(anonymous_5)",
        "decl": {
          "start": { "line": 122, "column": 2 },
[...]
      "7": {
        "start": { "line": 56, "column": 24 },
        "end": { "line": 56, "column": 68 }
      },
      "8": {
        "start": { "line": 57, "column": 4 },
        "end": { "line": 59, "column": 5 }
      },
      "9": {
        "start": { "line": 58, "column": 6 },
        "end": { "line": 58, "column": 56 }
      },
      "10": {
        "start": { "line": 61, "column": 21 },
        "end": { "line": 61, "column": 64 }
      },
      "11": {
        "start": { "line": 62, "column": 4 },
        "end": { "line": 64, "column": 5 }
      },
      "12": {
        "start": { "line": 63, "column": 6 },
        "end": { "line": 63, "column": 54 }
      },
      "13": {
        "start": { "line": 66, "column": 4 },
        "end": { "line": 66, "column": 73 }
      },
      "14": {
        "start": { "line": 70, "column": 2 },
        "end": { "line": 70, "column": 50 }
      },
      "15": {
        "start": { "line": 71, "column": 2 },
        "end": { "line": 71, "column": 52 }
      },
      "16": {
        "start": { "line": 74, "column": 2 },
        "end": { "line": 74, "column": 40 }
      },
      "17": {
        "start": { "line": 77, "column": 2 },
        "end": { "line": 79, "column": 3 }
      },
      "18": {
        "start": { "line": 78, "column": 4 },
        "end": { "line": 78, "column": 25 }
      },
      "19": {
        "start": { "line": 81, "column": 2 },
        "end": { "line": 81, "column": 19 }
      },
      "20": {
        "start": { "line": 89, "column": 2 },
        "end": { "line": 91, "column": 3 }
      },
      "21": {
        "start": { "line": 90, "column": 4 },
        "end": { "line": 90, "column": 11 }
      },
      "22": {
        "start": { "line": 93, "column": 2 },
        "end": { "line": 93, "column": 53 }
      },
      "23": {
        "start": { "line": 94, "column": 2 },
        "end": { "line": 94, "column": 55 }
      },
      "24": {
        "start": { "line": 102, "column": 2 },
        "end": { "line": 102, "column": 28 }
      },
      "25": {
        "start": { "line": 103, "column": 2 },
        "end": { "line": 103, "column": 23 }
      },
      "26": {
        "start": { "line": 110, "column": 2 },
        "end": { "line": 110, "column": 29 }
      },
      "27": {
        "start": { "line": 119, "column": 30 },
        "end": { "line": 125, "column": 3 }
      },
      "28": {
        "start": { "line": 127, "column": 2 },
        "end": { "line": 127, "column": 37 }
      },
      "29": {
        "start": { "line": 128, "column": 2 },
        "end": { "line": 128, "column": 23 }
      },
      "30": {
        "start": { "line": 131, "column": 2 },
        "end": { "line": 133, "column": 3 }
      },
      "31": {
        "start": { "line": 132, "column": 4 },
        "end": { "line": 132, "column": 25 }
      },
      "32": {
        "start": { "line": 145, "column": 2 },
        "end": { "line": 145, "column": 48 }
      },
      "33": {
        "start": { "line": 154, "column": 2 },
        "end": { "line": 160, "column": 3 }
      },
      "34": {
        "start": { "line": 159, "column": 4 },
        "end": { "line": 159, "column": 11 }
      },
      "35": {
        "start": { "line": 162, "column": 2 },
        "end": { "line": 162, "column": 29 }
      },
      "36": {
        "start": { "line": 163, "column": 2 },
        "end": { "line": 163, "column": 29 }
      },
      "37": {
        "start": { "line": 165, "column": 2 },
        "end": { "line": 210, "column": 3 }
      },
      "38": {
        "start": { "line": 167, "column": 38 },
        "end": { "line": 167, "column": 40 }
      },
      "39": {
        "start": { "line": 168, "column": 41 },
        "end": { "line": 168, "column": 43 }
      },
      "40": {
        "start": { "line": 171, "column": 18 },
        "end": { "line": 171, "column": 46 }
      },
      "41": {
        "start": { "line": 173, "column": 4 },
        "end": { "line": 188, "column": 5 }
      },
      "42": {
        "start": { "line": 174, "column": 6 },
        "end": { "line": 187, "column": 7 }
      },
      "43": {
        "start": { "line": 175, "column": 8 },
        "end": { "line": 175, "column": 29 }
      },
      "44": {
        "start": { "line": 176, "column": 8 },
        "end": { "line": 176, "column": 38 }
      },
      "45": {
        "start": { "line": 179, "column": 8 },
        "end": { "line": 179, "column": 29 }
      },
      "46": {
        "start": { "line": 182, "column": 8 },
        "end": { "line": 186, "column": 9 }
      },
      "47": {
        "start": { "line": 183, "column": 10 },
        "end": { "line": 183, "column": 33 }
      },
      "48": {
        "start": { "line": 185, "column": 10 },
        "end": { "line": 185, "column": 76 }
      },
      "49": {
        "start": { "line": 191, "column": 4 },
        "end": { "line": 193, "column": 6 }
      },
      "50": {
        "start": { "line": 192, "column": 16 },
        "end": { "line": 192, "column": 50 }
      },
      "51": {
        "start": { "line": 196, "column": 4 },
        "end": { "line": 196, "column": 40 }
      },
      "52": {
        "start": { "line": 197, "column": 4 },
        "end": { "line": 200, "column": 6 }
      },
      "53": {
        "start": { "line": 203, "column": 4 },
        "end": { "line": 203, "column": 25 }
      },
      "54": {
        "start": { "line": 205, "column": 4 },
        "end": { "line": 205, "column": 51 }
      },
      "55": {
        "start": { "line": 206, "column": 4 },
        "end": { "line": 207, "column": 68 }
      },
      "56": {
        "start": { "line": 209, "column": 4 },
        "end": { "line": 209, "column": 32 }
      },
      "57": {
        "start": { "line": 221, "column": 2 },
        "end": { "line": 234, "column": 5 }
      },
      "58": {
        "start": { "line": 223, "column": 4 },
        "end": { "line": 233, "column": 12 }
      },
      "59": {
        "start": { "line": 225, "column": 6 },
        "end": { "line": 228, "column": 7 }
      },
      "60": {
        "start": { "line": 226, "column": 8 },
        "end": { "line": 226, "column": 52 }
      },
      "61": {
        "start": { "line": 227, "column": 8 },
        "end": { "line": 227, "column": 15 }
      },
      "62": {
        "start": { "line": 231, "column": 6 },
        "end": { "line": 231, "column": 64 }
      },
      "63": {
        "start": { "line": 232, "column": 6 },
        "end": { "line": 232, "column": 16 }
      },
      "64": {
        "start": { "line": 241, "column": 2 },
        "end": { "line": 248, "column": 3 }
      },
      "65": {
        "start": { "line": 242, "column": 4 },
        "end": { "line": 245, "column": 6 }
      },
      "66": {
        "start": { "line": 247, "column": 4 },
        "end": { "line": 247, "column": 71 }
      },
      "67": {
        "start": { "line": 256, "column": 2 },
        "end": { "line": 256, "column": 26 }
      },
      "68": {
        "start": { "line": 264, "column": 2 },
        "end": { "line": 264, "column": 30 }
      },
      "69": {
        "start": { "line": 272, "column": 2 },
        "end": { "line": 272, "column": 31 }
      },
      "70": {
        "start": { "line": 273, "column": 2 },
        "end": { "line": 273, "column": 23 }
      }
    },
    "fnMap": {
      "0": {
        "name": "initializeSync",
        "decl": {
          "start": { "line": 48, "column": 16 },
          "end": { "line": 48, "column": 30 }
        },
        "loc": {
          "start": { "line": 48, "column": 44 },
          "end": { "line": 82, "column": 1 }
        },
        "line": 48
      },
      "1": {
        "name": "cleanupSync",
        "decl": {
          "start": { "line": 88, "column": 16 },
          "end": { "line": 88, "column": 27 }
        },
        "loc": {
          "start": { "line": 88, "column": 36 },
          "end": { "line": 95, "column": 1 }
        },
        "line": 88
      },
      "2": {
        "name": "handleOnline",
        "decl": {
          "start": { "line": 101, "column": 9 },
          "end": { "line": 101, "column": 21 }
        },
        "loc": {
          "start": { "line": 101, "column": 30 },
          "end": { "line": 104, "column": 1 }
        },
        "line": 101
      },
      "3": {
        "name": "handleOffline",
        "decl": {
          "start": { "line": 109, "column": 9 },
          "end": { "line": 109, "column": 22 }
        },
        "loc": {
          "start": { "line": 109, "column": 31 },
          "end": { "line": 111, "column": 1 }
        },
        "line": 109
      },
      "4": {
        "name": "queueChange",
        "decl": {
          "start": { "line": 118, "column": 16 },
          "end": { "line": 118, "column": 27 }
        },
        "loc": {
          "start": { "line": 118, "column": 74 },
          "end": { "line": 134, "column": 1 }
        },
        "line": 118
      },
      "5": {
        "name": "queueProgressUpdate",
        "decl": {
          "start": { "line": 141, "column": 16 },
          "end": { "line": 141, "column": 35 }
        },
        "loc": {
          "start": { "line": 144, "column": 8 },
          "end": { "line": 146, "column": 1 }
        },
        "line": 144
      },
      "6": {
        "name": "synchronizeChanges",
        "decl": {
          "start": { "line": 152, "column": 22 },
          "end": { "line": 152, "column": 40 }
        },
        "loc": {
          "start": { "line": 152, "column": 58 },
          "end": { "line": 211, "column": 1 }
        },
        "line": 152
      },
      "7": {
        "name": "(anonymous_7)",
        "decl": {
          "start": { "line": 192, "column": 6 },
          "end": { "line": 192, "column": 7 }
        },
        "loc": {
          "start": { "line": 192, "column": 16 },
          "end": { "line": 192, "column": 50 }
        },
        "line": 192
      },
      "8": {
        "name": "syncItem",
        "decl": {
          "start": { "line": 217, "column": 15 },
          "end": { "line": 217, "column": 23 }
        },
        "loc": {
          "start": { "line": 217, "column": 60 },
          "end": { "line": 235, "column": 1 }
        },
        "line": 217
      },
      "9": {
        "name": "(anonymous_9)",
        "decl": {
          "start": { "line": 221, "column": 27 },
          "end": { "line": 221, "column": 28 }
        },
        "loc": {
          "start": { "line": 221, "column": 48 },
          "end": { "line": 234, "column": 3 }
        },
        "line": 221
      },
      "10": {
        "name": "(anonymous_10)",
        "decl": {
          "start": { "line": 223, "column": 15 },
          "end": { "line": 223, "column": 16 }
        },
        "loc": {
          "start": { "line": 223, "column": 21 },
          "end": { "line": 233, "column": 5 }
        },
        "line": 223
      },
      "11": {
        "name": "saveQueueToStorage",
        "decl": {
          "start": { "line": 240, "column": 9 },
          "end": { "line": 240, "column": 27 }
        },
        "loc": {
          "start": { "line": 240, "column": 36 },
          "end": { "line": 249, "column": 1 }
        },
        "line": 240
      },
      "12": {
        "name": "getSyncState",
        "decl": {
          "start": { "line": 255, "column": 16 },
          "end": { "line": 255, "column": 28 }
        },
        "loc": {
          "start": { "line": 255, "column": 42 },
          "end": { "line": 257, "column": 1 }
        },
        "line": 255
      },
      "13": {
        "name": "forceSynchronization",
        "decl": {
          "start": { "line": 263, "column": 16 },
          "end": { "line": 263, "column": 36 }
        },
        "loc": {
          "start": { "line": 263, "column": 54 },
          "end": { "line": 265, "column": 1 }
        },
        "line": 263
      },
      "14": {
        "name": "clearSyncQueue",
        "decl": {
          "start": { "line": 271, "column": 16 },
          "end": { "line": 271, "column": 30 }
        },
        "loc": {
          "start": { "line": 271, "column": 39 },
          "end": { "line": 274, "column": 1 }
        },
        "line": 271
      }
    },
    "branchMap": {
      "0": {
        "loc": {
          "start": { "line": 34, "column": 12 },
          "end": { "line": 34, "column": 70 }
        },
        "type": "cond-expr",
        "locations": [
          {
            "start": { "line": 34, "column": 47 },
            "end": { "line": 34, "column": 63 }
          },
          {
            "start": { "line": 34, "column": 66 },
            "end": { "line": 34, "column": 70 }
          }
        ],
        "line": 34
      },
      "1": {
        "loc": {
          "start": { "line": 50, "column": 2 },
          "end": { "line": 52, "column": 3 }
        },
        "type": "if",
        "locations": [
          {
            "start": { "line": 50, "column": 2 },
            "end": { "line": 52, "column": 3 }
          },
          { "start": {}, "end": {} }
        ],
        "line": 50
      },
      "2": {
        "loc": {
          "start": { "line": 57, "column": 4 },
          "end": { "line": 59, "column": 5 }
        },
        "type": "if",
        "locations": [
          {
            "start": { "line": 57, "column": 4 },
            "end": { "line": 59, "column": 5 }
          },
          { "start": {}, "end": {} }
        ],
        "line": 57
      },
      "3": {
        "loc": {
          "start": { "line": 62, "column": 4 },
          "end": { "line": 64, "column": 5 }
        },
        "type": "if",
        "locations": [
          {
            "start": { "line": 62, "column": 4 },
            "end": { "line": 64, "column": 5 }
          },
          { "start": {}, "end": {} }
        ],
        "line": 62
      },
      "4": {
        "loc": {
          "start": { "line": 77, "column": 2 },
          "end": { "line": 79, "column": 3 }
        },
        "type": "if",
        "locations": [
          {
            "start": { "line": 77, "column": 2 },
            "end": { "line": 79, "column": 3 }
          },
          { "start": {}, "end": {} }
        ],
        "line": 77
      },
      "5": {
        "loc": {
          "start": { "line": 77, "column": 6 },
          "end": { "line": 77, "column": 62 }
        },
        "type": "binary-expr",
        "locations": [
          {
            "start": { "line": 77, "column": 6 },
            "end": { "line": 77, "column": 24 }
          },
          {
            "start": { "line": 77, "column": 28 },
            "end": { "line": 77, "column": 62 }
          }
        ],
        "line": 77
      },
      "6": {
        "loc": {
          "start": { "line": 89, "column": 2 },
          "end": { "line": 91, "column": 3 }
        },
        "type": "if",
        "locations": [
          {
            "start": { "line": 89, "column": 2 },
            "end": { "line": 91, "column": 3 }
          },
          { "start": {}, "end": {} }
        ],
        "line": 89
      },
      "7": {
        "loc": {
          "start": { "line": 131, "column": 2 },
          "end": { "line": 133, "column": 3 }
        },
        "type": "if",
        "locations": [
          {
            "start": { "line": 131, "column": 2 },
            "end": { "line": 133, "column": 3 }
          },
          { "start": {}, "end": {} }
        ],
        "line": 131
      },
      "8": {
        "loc": {
          "start": { "line": 131, "column": 6 },
          "end": { "line": 131, "column": 48 }
        },
        "type": "binary-expr",
        "locations": [
          {
            "start": { "line": 131, "column": 6 },
            "end": { "line": 131, "column": 24 }
          },
          {
            "start": { "line": 131, "column": 28 },
            "end": { "line": 131, "column": 48 }
          }
        ],
        "line": 131
      },
      "9": {
        "loc": {
          "start": { "line": 154, "column": 2 },
          "end": { "line": 160, "column": 3 }
        },
        "type": "if",
        "locations": [
          {
            "start": { "line": 154, "column": 2 },
            "end": { "line": 160, "column": 3 }
          },
          { "start": {}, "end": {} }
        ],
        "line": 154
      },
      "10": {
        "loc": {
          "start": { "line": 155, "column": 4 },
          "end": { "line": 157, "column": 40 }
        },
        "type": "binary-expr",
        "locations": [
          {
            "start": { "line": 155, "column": 4 },
            "end": { "line": 155, "column": 23 }
          },
          {
            "start": { "line": 156, "column": 4 },
            "end": { "line": 156, "column": 23 }
          },
          {
            "start": { "line": 157, "column": 4 },
            "end": { "line": 157, "column": 40 }
          }
        ],
        "line": 155
      },
      "11": {
        "loc": {
          "start": { "line": 182, "column": 8 },
          "end": { "line": 186, "column": 9 }
        },
        "type": "if",
        "locations": [
          {
            "start": { "line": 182, "column": 8 },
            "end": { "line": 186, "column": 9 }
          },
          {
            "start": { "line": 184, "column": 15 },
            "end": { "line": 186, "column": 9 }
          }
        ],
        "line": 182
      },
      "12": {
        "loc": {
          "start": { "line": 207, "column": 6 },
          "end": { "line": 207, "column": 67 }
        },
        "type": "cond-expr",
        "locations": [
          {
            "start": { "line": 207, "column": 31 },
            "end": { "line": 207, "column": 44 }
          },
          {
            "start": { "line": 207, "column": 47 },
            "end": { "line": 207, "column": 67 }
          }
        ],
        "line": 207
      },
      "13": {
        "loc": {
          "start": { "line": 225, "column": 6 },
          "end": { "line": 228, "column": 7 }
        },
        "type": "if",
        "locations": [
          {
            "start": { "line": 225, "column": 6 },
            "end": { "line": 228, "column": 7 }
          },
          { "start": {}, "end": {} }
        ],
        "line": 225
      }
    },
    "s": {
      "0": 1,
      "1": 1,
      "2": 1,
      "3": 1,
      "4": 9,
      "5": 0,
      "6": 9,
      "7": 9,
      "8": 9,
      "9": 9,
      "10": 9,
      "11": 9,
      "12": 0,
      "13": 0,
      "14": 9,
      "15": 9,
      "16": 9,
      "17": 9,
      "18": 1,
      "19": 9,
      "20": 1,
      "21": 0,
      "22": 1,
      "23": 1,
      "24": 0,
      "25": 0,
      "26": 0,
      "27": 7,
      "28": 7,
      "29": 7,
      "30": 7,
      "31": 0,
      "32": 1,
      "33": 3,
      "34": 2,
      "35": 1,
      "36": 1,
      "37": 1,
      "38": 1,
      "39": 1,
      "40": 1,
      "41": 1,
      "42": 1,
      "43": 1,
      "44": 0,
      "45": 0,
      "46": 0,
      "47": 0,
      "48": 0,
      "49": 0,
      "50": 0,
      "51": 0,
      "52": 0,
      "53": 0,
      "54": 0,
      "55": 0,
      "56": 0,
      "57": 1,
      "58": 1,
      "59": 0,
      "60": 0,
      "61": 0,
      "62": 0,
      "63": 0,
      "64": 17,
      "65": 17,
      "66": 0,
      "67": 6,
      "68": 2,
      "69": 10,
      "70": 10
    },
    "f": {
      "0": 9,
      "1": 1,
      "2": 0,
      "3": 0,
      "4": 7,
      "5": 1,
      "6": 3,
      "7": 0,
      "8": 1,
      "9": 1,
      "10": 0,
      "11": 17,
      "12": 6,
      "13": 2,
      "14": 10
    },
    "b": {
      "0": [1, 0],
      "1": [0, 9],
      "2": [9, 0],
      "3": [0, 9],
      "4": [1, 8],
      "5": [9, 9],
      "6": [0, 1],
      "7": [0, 7],
      "8": [7, 7],
      "9": [2, 1],
      "10": [3, 3, 1],
      "11": [0, 0],
      "12": [0, 0],
      "13": [0, 0]
    },
    "_coverageSchema": "1a1c01bbd47fc00a2c39e90264f33305004495a9",
    "hash": "1b72c09536862aaa4ab4e66c39bf70e90b83454e"
  }
}
