{
  "/Users/tristan.marsh/projects/flag-trainer/src/middleware.ts": {
    "path": "/Users/tristan.marsh/projects/flag-trainer/src/middleware.ts",
    "statementMap": {
      "0": {
        "start": { "line": 7, "column": 2 },
        "end": { "line": 7, "column": 29 }
      }
    },
    "fnMap": {
      "0": {
        "name": "middleware",
        "decl": {
          "start": { "line": 5, "column": 16 },
          "end": { "line": 5, "column": 26 }
        },
        "loc": {
          "start": { "line": 5, "column": 50 },
          "end": { "line": 8, "column": 1 }
        },
        "line": 5
      }
    },
    "branchMap": {},
    "s": { "0": 0 },
    "f": { "0": 0 },
    "b": {}
  },
  "/Users/tristan.marsh/projects/flag-trainer/src/app/layout.tsx": {
    "path": "/Users/tristan.marsh/projects/flag-trainer/src/app/layout.tsx",
    "statementMap": {
      "0": {
        "start": { "line": 15, "column": 0 },
        "end": { "line": 17, "column": 1 }
      },
      "1": {
        "start": { "line": 16, "column": 2 },
        "end": { "line": 16, "column": 20 }
      },
      "2": {
        "start": { "line": 19, "column": 14 },
        "end": { "line": 19, "column": 43 }
      },
      "3": {
        "start": { "line": 21, "column": 34 },
        "end": { "line": 24, "column": 1 }
      },
      "4": {
        "start": { "line": 31, "column": 2 },
        "end": { "line": 139, "column": 4 }
      }
    },
    "fnMap": {
      "0": {
        "name": "RootLayout",
        "decl": {
          "start": { "line": 26, "column": 24 },
          "end": { "line": 26, "column": 34 }
        },
        "loc": {
          "start": { "line": 30, "column": 4 },
          "end": { "line": 140, "column": 1 }
        },
        "line": 30
      }
    },
    "branchMap": {
      "0": {
        "loc": {
          "start": { "line": 15, "column": 0 },
          "end": { "line": 17, "column": 1 }
        },
        "type": "if",
        "locations": [
          {
            "start": { "line": 15, "column": 0 },
            "end": { "line": 17, "column": 1 }
          },
          { "start": {}, "end": {} }
        ],
        "line": 15
      }
    },
    "s": { "0": 0, "1": 0, "2": 0, "3": 0, "4": 0 },
    "f": { "0": 0 },
    "b": { "0": [0, 0] }
  },
  "/Users/tristan.marsh/projects/flag-trainer/src/app/page.tsx": {
    "path": "/Users/tristan.marsh/projects/flag-trainer/src/app/page.tsx",
    "statementMap": {
      "0": {
        "start": { "line": 13, "column": 2 },
        "end": { "line": 52, "column": 4 }
      },
      "1": {
        "start": { "line": 63, "column": 2 },
        "end": { "line": 77, "column": 4 }
      }
    },
    "fnMap": {
      "0": {
        "name": "Home",
        "decl": {
          "start": { "line": 12, "column": 24 },
          "end": { "line": 12, "column": 28 }
        },
        "loc": {
          "start": { "line": 12, "column": 31 },
          "end": { "line": 53, "column": 1 }
        },
        "line": 12
      },
      "1": {
        "name": "FeatureCard",
        "decl": {
          "start": { "line": 62, "column": 9 },
          "end": { "line": 62, "column": 20 }
        },
        "loc": {
          "start": { "line": 62, "column": 79 },
          "end": { "line": 78, "column": 1 }
        },
        "line": 62
      }
    },
    "branchMap": {},
    "s": { "0": 0, "1": 0 },
    "f": { "0": 0, "1": 0 },
    "b": {}
  },
  "/Users/tristan.marsh/projects/flag-trainer/src/app/reportWebVitals.ts": {
    "path": "/Users/tristan.marsh/projects/flag-trainer/src/app/reportWebVitals.ts",
    "statementMap": {
      "0": {
        "start": { "line": 6, "column": 2 },
        "end": { "line": 8, "column": 3 }
      },
      "1": {
        "start": { "line": 7, "column": 4 },
        "end": { "line": 7, "column": 11 }
      },
      "2": {
        "start": { "line": 11, "column": 2 },
        "end": { "line": 18, "column": 5 }
      },
      "3": {
        "start": { "line": 12, "column": 4 },
        "end": { "line": 17, "column": 7 }
      },
      "4": {
        "start": { "line": 21, "column": 2 },
        "end": { "line": 28, "column": 5 }
      },
      "5": {
        "start": { "line": 22, "column": 4 },
        "end": { "line": 27, "column": 7 }
      },
      "6": {
        "start": { "line": 31, "column": 2 },
        "end": { "line": 38, "column": 5 }
      },
      "7": {
        "start": { "line": 32, "column": 4 },
        "end": { "line": 37, "column": 7 }
      },
      "8": {
        "start": { "line": 41, "column": 2 },
        "end": { "line": 48, "column": 5 }
      },
      "9": {
        "start": { "line": 42, "column": 4 },
        "end": { "line": 47, "column": 7 }
      },
      "10": {
        "start": { "line": 51, "column": 2 },
        "end": { "line": 58, "column": 5 }
      },
      "11": {
        "start": { "line": 52, "column": 4 },
        "end": { "line": 57, "column": 7 }
      }
    },
    "fnMap": {
      "0": {
        "name": "reportWebVitals",
        "decl": {
          "start": { "line": 4, "column": 16 },
          "end": { "line": 4, "column": 31 }
        },
        "loc": {
          "start": { "line": 4, "column": 34 },
          "end": { "line": 59, "column": 1 }
        },
        "line": 4
      },
      "1": {
        "name": "(anonymous_1)",
        "decl": {
          "start": { "line": 11, "column": 8 },
          "end": { "line": 11, "column": 9 }
        },
        "loc": {
          "start": { "line": 11, "column": 20 },
          "end": { "line": 18, "column": 3 }
        },
        "line": 11
      },
      "2": {
        "name": "(anonymous_2)",
        "decl": {
          "start": { "line": 21, "column": 8 },
          "end": { "line": 21, "column": 9 }
        },
        "loc": {
          "start": { "line": 21, "column": 20 },
          "end": { "line": 28, "column": 3 }
        },
        "line": 21
      },
      "3": {
        "name": "(anonymous_3)",
        "decl": {
          "start": { "line": 31, "column": 8 },
          "end": { "line": 31, "column": 9 }
        },
        "loc": {
          "start": { "line": 31, "column": 20 },
          "end": { "line": 38, "column": 3 }
        },
        "line": 31
      },
      "4": {
        "name": "(anonymous_4)",
        "decl": {
          "start": { "line": 41, "column": 8 },
          "end": { "line": 41, "column": 9 }
        },
        "loc": {
          "start": { "line": 41, "column": 20 },
          "end": { "line": 48, "column": 3 }
        },
        "line": 41
      },
      "5": {
        "name": "(anonymous_5)",
        "decl": {
          "start": { "line": 51, "column": 9 },
          "end": { "line": 51, "column": 10 }
        },
        "loc": {
          "start": { "line": 51, "column": 21 },
          "end": { "line": 58, "column": 3 }
        },
        "line": 51
      }
    },
    "branchMap": {
      "0": {
        "loc": {
          "start": { "line": 6, "column": 2 },
          "end": { "line": 8, "column": 3 }
        },
        "type": "if",
        "locations": [
          {
            "start": { "line": 6, "column": 2 },
            "end": { "line": 8, "column": 3 }
          },
          { "start": {}, "end": {} }
        ],
        "line": 6
      }
    },
    "s": {
      "0": 0,
      "1": 0,
      "2": 0,
      "3": 0,
      "4": 0,
      "5": 0,
      "6": 0,
      "7": 0,
      "8": 0,
      "9": 0,
      "10": 0,
      "11": 0
    },
    "f": { "0": 0, "1": 0, "2": 0, "3": 0, "4": 0, "5": 0 },
    "b": { "0": [0, 0] }
  },
  "/Users/tristan.marsh/projects/flag-trainer/src/app/types.ts": {
    "path": "/Users/tristan.marsh/projects/flag-trainer/src/app/types.ts",
    "statementMap": {},
    "fnMap": {},
    "branchMap": {},
    "s": {},
    "f": {},
    "b": {}
  },
  "/Users/tristan.marsh/projects/flag-trainer/src/app/learn/page.tsx": {
    "path": "/Users/tristan.marsh/projects/flag-trainer/src/app/learn/page.tsx",
    "statementMap": {
      "0": {
        "start": { "line": 17, "column": 20 },
        "end": { "line": 21, "column": 23 }
      },
      "1": {
        "start": { "line": 22, "column": 21 },
        "end": { "line": 22, "column": 39 }
      },
      "2": {
        "start": { "line": 24, "column": 2 },
        "end": { "line": 135, "column": 4 }
      }
    },
    "fnMap": {
      "0": {
        "name": "LearnPage",
        "decl": {
          "start": { "line": 15, "column": 30 },
          "end": { "line": 15, "column": 39 }
        },
        "loc": {
          "start": { "line": 15, "column": 42 },
          "end": { "line": 136, "column": 1 }
        },
        "line": 15
      }
    },
    "branchMap": {},
    "s": { "0": 0, "1": 0, "2": 0 },
    "f": { "0": 0 },
    "b": {}
  },
  "/Users/tristan.marsh/projects/flag-trainer/src/app/learn/quick/page.tsx": {
    "path": "/Users/tristan.marsh/projects/flag-trainer/src/app/learn/quick/page.tsx",
    "statementMap": {
      "0": {
        "start": { "line": 7, "column": 23 },
        "end": { "line": 7, "column": 38 }
      },
      "1": {
        "start": { "line": 8, "column": 26 },
        "end": { "line": 8, "column": 42 }
      },
      "2": {
        "start": { "line": 11, "column": 2 },
        "end": { "line": 65, "column": 3 }
      },
      "3": {
        "start": { "line": 13, "column": 24 },
        "end": { "line": 16, "column": 6 }
      },
      "4": {
        "start": { "line": 19, "column": 4 },
        "end": { "line": 34, "column": 5 }
      },
      "5": {
        "start": { "line": 20, "column": 6 },
        "end": { "line": 33, "column": 8 }
      },
      "6": {
        "start": { "line": 36, "column": 4 },
        "end": { "line": 47, "column": 6 }
      },
      "7": {
        "start": { "line": 49, "column": 4 },
        "end": { "line": 49, "column": 57 }
      },
      "8": {
        "start": { "line": 51, "column": 4 },
        "end": { "line": 64, "column": 6 }
      }
    },
    "fnMap": {
      "0": {
        "name": "QuickSessionPage",
        "decl": {
          "start": { "line": 10, "column": 30 },
          "end": { "line": 10, "column": 46 }
        },
        "loc": {
          "start": { "line": 10, "column": 49 },
          "end": { "line": 66, "column": 1 }
        },
        "line": 10
      }
    },
    "branchMap": {
      "0": {
        "loc": {
          "start": { "line": 19, "column": 4 },
          "end": { "line": 34, "column": 5 }
        },
        "type": "if",
        "locations": [
          {
            "start": { "line": 19, "column": 4 },
            "end": { "line": 34, "column": 5 }
          },
          { "start": {}, "end": {} }
        ],
        "line": 19
      },
      "1": {
        "loc": {
          "start": { "line": 19, "column": 8 },
          "end": { "line": 19, "column": 48 }
        },
        "type": "binary-expr",
        "locations": [
          {
            "start": { "line": 19, "column": 8 },
            "end": { "line": 19, "column": 20 }
          },
          {
            "start": { "line": 19, "column": 24 },
            "end": { "line": 19, "column": 48 }
          }
        ],
        "line": 19
      }
    },
    "s": {
      "0": 0,
      "1": 0,
      "2": 0,
      "3": 0,
      "4": 0,
      "5": 0,
      "6": 0,
      "7": 0,
      "8": 0
    },
    "f": { "0": 0 },
    "b": { "0": [0, 0], "1": [0, 0] }
  },
  "/Users/tristan.marsh/projects/flag-trainer/src/app/library/page.tsx": {
    "path": "/Users/tristan.marsh/projects/flag-trainer/src/app/library/page.tsx",
    "statementMap": {
      "0": {
        "start": { "line": 15, "column": 16 },
        "end": { "line": 17, "column": 4 }
      },
      "1": {
        "start": { "line": 16, "column": 33 },
        "end": { "line": 16, "column": 50 }
      },
      "2": {
        "start": { "line": 19, "column": 2 },
        "end": { "line": 57, "column": 4 }
      },
      "3": {
        "start": { "line": 30, "column": 10 },
        "end": { "line": 53, "column": 17 }
      }
    },
    "fnMap": {
      "0": {
        "name": "LibraryPage",
        "decl": {
          "start": { "line": 14, "column": 30 },
          "end": { "line": 14, "column": 41 }
        },
        "loc": {
          "start": { "line": 14, "column": 44 },
          "end": { "line": 58, "column": 1 }
        },
        "line": 14
      },
      "1": {
        "name": "(anonymous_1)",
        "decl": {
          "start": { "line": 16, "column": 13 },
          "end": { "line": 16, "column": 14 }
        },
        "loc": {
          "start": { "line": 16, "column": 33 },
          "end": { "line": 16, "column": 50 }
        },
        "line": 16
      },
      "2": {
        "name": "(anonymous_2)",
        "decl": {
          "start": { "line": 29, "column": 19 },
          "end": { "line": 29, "column": 20 }
        },
        "loc": {
          "start": { "line": 30, "column": 10 },
          "end": { "line": 53, "column": 17 }
        },
        "line": 30
      }
    },
    "branchMap": {},
    "s": { "0": 0, "1": 0, "2": 0, "3": 0 },
    "f": { "0": 0, "1": 0, "2": 0 },
    "b": {}
  },
  "/Users/tristan.marsh/projects/flag-trainer/src/app/library/[code]/page.tsx": {
    "path": "/Users/tristan.marsh/projects/flag-trainer/src/app/library/[code]/page.tsx",
    "statementMap": {
      "0": {
        "start": { "line": 22, "column": 15 },
        "end": { "line": 24, "column": 4 }
      },
      "1": {
        "start": { "line": 26, "column": 2 },
        "end": { "line": 30, "column": 3 }
      },
      "2": {
        "start": { "line": 27, "column": 4 },
        "end": { "line": 29, "column": 6 }
      },
      "3": {
        "start": { "line": 32, "column": 2 },
        "end": { "line": 35, "column": 4 }
      },
      "4": {
        "start": { "line": 39, "column": 19 },
        "end": { "line": 39, "column": 25 }
      },
      "5": {
        "start": { "line": 41, "column": 15 },
        "end": { "line": 43, "column": 4 }
      },
      "6": {
        "start": { "line": 45, "column": 2 },
        "end": { "line": 47, "column": 3 }
      },
      "7": {
        "start": { "line": 46, "column": 4 },
        "end": { "line": 46, "column": 15 }
      },
      "8": {
        "start": { "line": 50, "column": 19 },
        "end": { "line": 50, "column": 75 }
      },
      "9": {
        "start": { "line": 52, "column": 2 },
        "end": { "line": 121, "column": 4 }
      },
      "10": {
        "start": { "line": 113, "column": 18 },
        "end": { "line": 113, "column": 45 }
      }
    },
    "fnMap": {
      "0": {
        "name": "generateMetadata",
        "decl": {
          "start": { "line": 19, "column": 22 },
          "end": { "line": 19, "column": 38 }
        },
        "loc": {
          "start": { "line": 21, "column": 43 },
          "end": { "line": 36, "column": 1 }
        },
        "line": 21
      },
      "1": {
        "name": "FlagDetailPage",
        "decl": {
          "start": { "line": 38, "column": 30 },
          "end": { "line": 38, "column": 44 }
        },
        "loc": {
          "start": { "line": 38, "column": 78 },
          "end": { "line": 122, "column": 1 }
        },
        "line": 38
      },
      "2": {
        "name": "(anonymous_2)",
        "decl": {
          "start": { "line": 112, "column": 30 },
          "end": { "line": 112, "column": 31 }
        },
        "loc": {
          "start": { "line": 113, "column": 18 },
          "end": { "line": 113, "column": 45 }
        },
        "line": 113
      }
    },
    "branchMap": {
      "0": {
        "loc": {
          "start": { "line": 26, "column": 2 },
          "end": { "line": 30, "column": 3 }
        },
        "type": "if",
        "locations": [
          {
            "start": { "line": 26, "column": 2 },
            "end": { "line": 30, "column": 3 }
          },
          { "start": {}, "end": {} }
        ],
        "line": 26
      },
      "1": {
        "loc": {
          "start": { "line": 45, "column": 2 },
          "end": { "line": 47, "column": 3 }
        },
        "type": "if",
        "locations": [
          {
            "start": { "line": 45, "column": 2 },
            "end": { "line": 47, "column": 3 }
          },
          { "start": {}, "end": {} }
        ],
        "line": 45
      },
      "2": {
        "loc": {
          "start": { "line": 50, "column": 19 },
          "end": { "line": 50, "column": 75 }
        },
        "type": "cond-expr",
        "locations": [
          {
            "start": { "line": 50, "column": 35 },
            "end": { "line": 50, "column": 70 }
          },
          {
            "start": { "line": 50, "column": 73 },
            "end": { "line": 50, "column": 75 }
          }
        ],
        "line": 50
      },
      "3": {
        "loc": {
          "start": { "line": 102, "column": 9 },
          "end": { "line": 118, "column": 9 }
        },
        "type": "binary-expr",
        "locations": [
          {
            "start": { "line": 102, "column": 9 },
            "end": { "line": 102, "column": 28 }
          },
          {
            "start": { "line": 103, "column": 10 },
            "end": { "line": 117, "column": 17 }
          }
        ],
        "line": 102
      }
    },
    "s": {
      "0": 0,
      "1": 0,
      "2": 0,
      "3": 0,
      "4": 0,
      "5": 0,
      "6": 0,
      "7": 0,
      "8": 0,
      "9": 0,
      "10": 0
    },
    "f": { "0": 0, "1": 0, "2": 0 },
    "b": { "0": [0, 0], "1": [0, 0], "2": [0, 0], "3": [0, 0] }
  },
  "/Users/tristan.marsh/projects/flag-trainer/src/app/stats/page.tsx": {
    "path": "/Users/tristan.marsh/projects/flag-trainer/src/app/stats/page.tsx",
    "statementMap": {
      "0": {
        "start": { "line": 16, "column": 20 },
        "end": { "line": 20, "column": 23 }
      },
      "1": {
        "start": { "line": 21, "column": 21 },
        "end": { "line": 21, "column": 39 }
      },
      "2": {
        "start": { "line": 23, "column": 2 },
        "end": { "line": 105, "column": 4 }
      }
    },
    "fnMap": {
      "0": {
        "name": "StatsPage",
        "decl": {
          "start": { "line": 14, "column": 30 },
          "end": { "line": 14, "column": 39 }
        },
        "loc": {
          "start": { "line": 14, "column": 42 },
          "end": { "line": 106, "column": 1 }
        },
        "line": 14
      }
    },
    "branchMap": {},
    "s": { "0": 0, "1": 0, "2": 0 },
    "f": { "0": 0 },
    "b": {}
  },
  "/Users/tristan.marsh/projects/flag-trainer/src/components/analytics.tsx": {
    "path": "/Users/tristan.marsh/projects/flag-trainer/src/components/analytics.tsx",
    "statementMap": {
      "0": {
        "start": { "line": 34, "column": 2 },
        "end": { "line": 36, "column": 3 }
      },
      "1": {
        "start": { "line": 35, "column": 4 },
        "end": { "line": 35, "column": 16 }
      },
      "2": {
        "start": { "line": 38, "column": 2 },
        "end": { "line": 38, "column": 55 }
      }
    },
    "fnMap": {
      "0": {
        "name": "Analytics",
        "decl": {
          "start": { "line": 28, "column": 16 },
          "end": { "line": 28, "column": 25 }
        },
        "loc": {
          "start": { "line": 32, "column": 19 },
          "end": { "line": 39, "column": 1 }
        },
        "line": 32
      }
    },
    "branchMap": {
      "0": {
        "loc": {
          "start": { "line": 29, "column": 2 },
          "end": { "line": 29, "column": 49 }
        },
        "type": "default-arg",
        "locations": [
          {
            "start": { "line": 29, "column": 12 },
            "end": { "line": 29, "column": 49 }
          }
        ],
        "line": 29
      },
      "1": {
        "loc": {
          "start": { "line": 30, "column": 2 },
          "end": { "line": 30, "column": 15 }
        },
        "type": "default-arg",
        "locations": [
          {
            "start": { "line": 30, "column": 10 },
            "end": { "line": 30, "column": 15 }
          }
        ],
        "line": 30
      },
      "2": {
        "loc": {
          "start": { "line": 31, "column": 2 },
          "end": { "line": 31, "column": 15 }
        },
        "type": "default-arg",
        "locations": [
          {
            "start": { "line": 31, "column": 9 },
            "end": { "line": 31, "column": 15 }
          }
        ],
        "line": 31
      },
      "3": {
        "loc": {
          "start": { "line": 34, "column": 2 },
          "end": { "line": 36, "column": 3 }
        },
        "type": "if",
        "locations": [
          {
            "start": { "line": 34, "column": 2 },
            "end": { "line": 36, "column": 3 }
          },
          { "start": {}, "end": {} }
        ],
        "line": 34
      }
    },
    "s": { "0": 0, "1": 0, "2": 0 },
    "f": { "0": 0 },
    "b": { "0": [0], "1": [0], "2": [0], "3": [0, 0] }
  },
  "/Users/tristan.marsh/projects/flag-trainer/src/components/mode-toggle.tsx": {
    "path": "/Users/tristan.marsh/projects/flag-trainer/src/components/mode-toggle.tsx",
    "statementMap": {
      "0": {
        "start": { "line": 16, "column": 23 },
        "end": { "line": 16, "column": 33 }
      },
      "1": {
        "start": { "line": 18, "column": 2 },
        "end": { "line": 39, "column": 4 }
      },
      "2": {
        "start": { "line": 28, "column": 41 },
        "end": { "line": 28, "column": 58 }
      },
      "3": {
        "start": { "line": 31, "column": 41 },
        "end": { "line": 31, "column": 57 }
      },
      "4": {
        "start": { "line": 34, "column": 41 },
        "end": { "line": 34, "column": 59 }
      }
    },
    "fnMap": {
      "0": {
        "name": "ModeToggle",
        "decl": {
          "start": { "line": 15, "column": 16 },
          "end": { "line": 15, "column": 26 }
        },
        "loc": {
          "start": { "line": 15, "column": 29 },
          "end": { "line": 40, "column": 1 }
        },
        "line": 15
      },
      "1": {
        "name": "(anonymous_1)",
        "decl": {
          "start": { "line": 28, "column": 35 },
          "end": { "line": 28, "column": 36 }
        },
        "loc": {
          "start": { "line": 28, "column": 41 },
          "end": { "line": 28, "column": 58 }
        },
        "line": 28
      },
      "2": {
        "name": "(anonymous_2)",
        "decl": {
          "start": { "line": 31, "column": 35 },
          "end": { "line": 31, "column": 36 }
        },
        "loc": {
          "start": { "line": 31, "column": 41 },
          "end": { "line": 31, "column": 57 }
        },
        "line": 31
      },
      "3": {
        "name": "(anonymous_3)",
        "decl": {
          "start": { "line": 34, "column": 35 },
          "end": { "line": 34, "column": 36 }
        },
        "loc": {
          "start": { "line": 34, "column": 41 },
          "end": { "line": 34, "column": 59 }
        },
        "line": 34
      }
    },
    "branchMap": {},
    "s": { "0": 0, "1": 0, "2": 0, "3": 0, "4": 0 },
    "f": { "0": 0, "1": 0, "2": 0, "3": 0 },
    "b": {}
  },
  "/Users/tristan.marsh/projects/flag-trainer/src/components/quick-learning-session.tsx": {
    "path": "/Users/tristan.marsh/projects/flag-trainer/src/components/quick-learning-session.tsx",
    "statementMap": {
      "0": {
        "start": { "line": 35, "column": 42 },
        "end": { "line": 35, "column": 53 }
      },
      "1": {
        "start": { "line": 36, "column": 46 },
        "end": { "line": 36, "column": 75 }
      },
      "2": {
        "start": { "line": 37, "column": 38 },
        "end": { "line": 37, "column": 53 }
      },
      "3": {
        "start": { "line": 38, "column": 28 },
        "end": { "line": 38, "column": 39 }
      },
      "4": {
        "start": { "line": 39, "column": 52 },
        "end": { "line": 39, "column": 67 }
      },
      "5": {
        "start": { "line": 40, "column": 22 },
        "end": { "line": 40, "column": 48 }
      },
      "6": {
        "start": { "line": 40, "column": 37 },
        "end": { "line": 40, "column": 47 }
      },
      "7": {
        "start": { "line": 41, "column": 48 },
        "end": { "line": 41, "column": 74 }
      },
      "8": {
        "start": { "line": 41, "column": 63 },
        "end": { "line": 41, "column": 73 }
      },
      "9": {
        "start": { "line": 42, "column": 44 },
        "end": { "line": 42, "column": 59 }
      },
      "10": {
        "start": { "line": 43, "column": 29 },
        "end": { "line": 43, "column": 56 }
      },
      "11": {
        "start": { "line": 47, "column": 4 },
        "end": { "line": 47, "column": 63 }
      },
      "12": {
        "start": { "line": 50, "column": 2 },
        "end": { "line": 62, "column": 14 }
      },
      "13": {
        "start": { "line": 51, "column": 4 },
        "end": { "line": 54, "column": 5 }
      },
      "14": {
        "start": { "line": 52, "column": 6 },
        "end": { "line": 52, "column": 40 }
      },
      "15": {
        "start": { "line": 53, "column": 6 },
        "end": { "line": 53, "column": 47 }
      },
      "16": {
        "start": { "line": 56, "column": 4 },
        "end": { "line": 61, "column": 6 }
      },
      "17": {
        "start": { "line": 58, "column": 6 },
        "end": { "line": 60, "column": 7 }
      },
      "18": {
        "start": { "line": 59, "column": 8 },
        "end": { "line": 59, "column": 77 }
      },
      "19": {
        "start": { "line": 65, "column": 2 },
        "end": { "line": 76, "column": 41 }
      },
      "20": {
        "start": { "line": 66, "column": 4 },
        "end": { "line": 75, "column": 5 }
      },
      "21": {
        "start": { "line": 67, "column": 6 },
        "end": { "line": 67, "column": 30 }
      },
      "22": {
        "start": { "line": 69, "column": 6 },
        "end": { "line": 74, "column": 9 }
      },
      "23": {
        "start": { "line": 73, "column": 8 },
        "end": { "line": 73, "column": 31 }
      },
      "24": {
        "start": { "line": 79, "column": 2 },
        "end": { "line": 97, "column": 3 }
      },
      "25": {
        "start": { "line": 80, "column": 4 },
        "end": { "line": 96, "column": 6 }
      },
      "26": {
        "start": { "line": 101, "column": 2 },
        "end": { "line": 119, "column": 3 }
      },
      "27": {
        "start": { "line": 102, "column": 4 },
        "end": { "line": 118, "column": 6 }
      },
      "28": {
        "start": { "line": 122, "column": 26 },
        "end": { "line": 141, "column": 3 }
      },
      "29": {
        "start": { "line": 123, "column": 20 },
        "end": { "line": 123, "column": 38 }
      },
      "30": {
        "start": { "line": 124, "column": 23 },
        "end": { "line": 124, "column": 72 }
      },
      "31": {
        "start": { "line": 124, "column": 48 },
        "end": { "line": 124, "column": 71 }
      },
      "32": {
        "start": { "line": 127, "column": 4 },
        "end": { "line": 130, "column": 5 }
      },
      "33": {
        "start": { "line": 127, "column": 17 },
        "end": { "line": 127, "column": 38 }
      },
      "34": {
        "start": { "line": 128, "column": 16 },
        "end": { "line": 128, "column": 51 }
      },
      "35": {
        "start": { "line": 129, "column": 6 },
        "end": { "line": 129, "column": 70 }
      },
      "36": {
        "start": { "line": 132, "column": 4 },
        "end": { "line": 132, "column": 63 }
      },
      "37": {
        "start": { "line": 132, "column": 54 },
        "end": { "line": 132, "column": 60 }
      },
      "38": {
        "start": { "line": 135, "column": 4 },
        "end": { "line": 138, "column": 5 }
      },
      "39": {
        "start": { "line": 135, "column": 17 },
        "end": { "line": 135, "column": 35 }
      },
      "40": {
        "start": { "line": 136, "column": 16 },
        "end": { "line": 136, "column": 51 }
      },
      "41": {
        "start": { "line": 137, "column": 6 },
        "end": { "line": 137, "column": 58 }
      },
      "42": {
        "start": { "line": 140, "column": 4 },
        "end": { "line": 140, "column": 19 }
      },
      "43": {
        "start": { "line": 143, "column": 18 },
        "end": { "line": 143, "column": 35 }
      },
      "44": {
        "start": { "line": 145, "column": 23 },
        "end": { "line": 167, "column": 3 }
      },
      "45": {
        "start": { "line": 146, "column": 4 },
        "end": { "line": 146, "column": 32 }
      },
      "46": {
        "start": { "line": 146, "column": 25 },
        "end": { "line": 146, "column": 32 }
      },
      "47": {
        "start": { "line": 149, "column": 4 },
        "end": { "line": 149, "column": 55 }
      },
      "48": {
        "start": { "line": 151, "column": 22 },
        "end": { "line": 151, "column": 57 }
      },
      "49": {
        "start": { "line": 152, "column": 27 },
        "end": { "line": 152, "column": 55 }
      },
      "50": {
        "start": { "line": 154, "column": 4 },
        "end": { "line": 154, "column": 24 }
      },
      "51": {
        "start": { "line": 155, "column": 4 },
        "end": { "line": 157, "column": 5 }
      },
      "52": {
        "start": { "line": 156, "column": 6 },
        "end": { "line": 156, "column": 26 }
      },
      "53": {
        "start": { "line": 160, "column": 4 },
        "end": { "line": 160, "column": 61 }
      },
      "54": {
        "start": { "line": 163, "column": 23 },
        "end": { "line": 163, "column": 71 }
      },
      "55": {
        "start": { "line": 164, "column": 4 },
        "end": { "line": 166, "column": 5 }
      },
      "56": {
        "start": { "line": 165, "column": 6 },
        "end": { "line": 165, "column": 68 }
      },
      "57": {
        "start": { "line": 169, "column": 21 },
        "end": { "line": 196, "column": 3 }
      },
      "58": {
        "start": { "line": 171, "column": 4 },
        "end": { "line": 171, "column": 35 }
      },
      "59": {
        "start": { "line": 173, "column": 4 },
        "end": { "line": 195, "column": 5 }
      },
      "60": {
        "start": { "line": 174, "column": 6 },
        "end": { "line": 174, "column": 40 }
      },
      "61": {
        "start": { "line": 175, "column": 6 },
        "end": { "line": 175, "column": 30 }
      },
      "62": {
        "start": { "line": 176, "column": 6 },
        "end": { "line": 176, "column": 27 }
      },
      "63": {
        "start": { "line": 178, "column": 6 },
        "end": { "line": 178, "column": 33 }
      },
      "64": {
        "start": { "line": 181, "column": 6 },
        "end": { "line": 183, "column": 7 }
      },
      "65": {
        "start": { "line": 182, "column": 8 },
        "end": { "line": 182, "column": 74 }
      },
      "66": {
        "start": { "line": 186, "column": 37 },
        "end": { "line": 188, "column": 7 }
      },
      "67": {
        "start": { "line": 189, "column": 6 },
        "end": { "line": 194, "column": 8 }
      },
      "68": {
        "start": { "line": 198, "column": 2 },
        "end": { "line": 234, "column": 3 }
      },
      "69": {
        "start": { "line": 199, "column": 4 },
        "end": { "line": 233, "column": 6 }
      },
      "70": {
        "start": { "line": 236, "column": 2 },
        "end": { "line": 320, "column": 4 }
      },
      "71": {
        "start": { "line": 261, "column": 26 },
        "end": { "line": 261, "column": 48 }
      },
      "72": {
        "start": { "line": 274, "column": 14 },
        "end": { "line": 303, "column": 20 }
      }
    },
    "fnMap": {
      "0": {
        "name": "QuickLearningSession",
        "decl": {
          "start": { "line": 33, "column": 16 },
          "end": { "line": 33, "column": 36 }
        },
        "loc": {
          "start": { "line": 33, "column": 75 },
          "end": { "line": 321, "column": 1 }
        },
        "line": 33
      },
      "1": {
        "name": "(anonymous_1)",
        "decl": {
          "start": { "line": 40, "column": 31 },
          "end": { "line": 40, "column": 32 }
        },
        "loc": {
          "start": { "line": 40, "column": 37 },
          "end": { "line": 40, "column": 47 }
        },
        "line": 40
      },
      "2": {
        "name": "(anonymous_2)",
        "decl": {
          "start": { "line": 41, "column": 57 },
          "end": { "line": 41, "column": 58 }
        },
        "loc": {
          "start": { "line": 41, "column": 63 },
          "end": { "line": 41, "column": 73 }
        },
        "line": 41
      },
      "3": {
        "name": "(anonymous_3)",
        "decl": {
          "start": { "line": 50, "column": 12 },
          "end": { "line": 50, "column": 13 }
        },
        "loc": {
          "start": { "line": 50, "column": 18 },
          "end": { "line": 62, "column": 3 }
        },
        "line": 50
      },
      "4": {
        "name": "(anonymous_4)",
        "decl": {
          "start": { "line": 56, "column": 11 },
          "end": { "line": 56, "column": 12 }
        },
        "loc": {
          "start": { "line": 56, "column": 17 },
          "end": { "line": 61, "column": 5 }
        },
        "line": 56
      },
      "5": {
        "name": "(anonymous_5)",
        "decl": {
          "start": { "line": 65, "column": 12 },
          "end": { "line": 65, "column": 13 }
        },
        "loc": {
          "start": { "line": 65, "column": 18 },
          "end": { "line": 76, "column": 3 }
        },
        "line": 65
      },
      "6": {
        "name": "(anonymous_6)",
        "decl": {
          "start": { "line": 72, "column": 13 },
          "end": { "line": 72, "column": 14 }
        },
        "loc": {
          "start": { "line": 72, "column": 19 },
          "end": { "line": 74, "column": 7 }
        },
        "line": 72
      },
      "7": {
        "name": "(anonymous_7)",
        "decl": {
          "start": { "line": 122, "column": 26 },
          "end": { "line": 122, "column": 27 }
        },
        "loc": {
          "start": { "line": 122, "column": 32 },
          "end": { "line": 141, "column": 3 }
        },
        "line": 122
      },
      "8": {
        "name": "(anonymous_8)",
        "decl": {
          "start": { "line": 124, "column": 41 },
          "end": { "line": 124, "column": 42 }
        },
        "loc": {
          "start": { "line": 124, "column": 48 },
          "end": { "line": 124, "column": 71 }
        },
        "line": 124
      },
      "9": {
        "name": "(anonymous_9)",
        "decl": {
          "start": { "line": 132, "column": 47 },
          "end": { "line": 132, "column": 48 }
        },
        "loc": {
          "start": { "line": 132, "column": 54 },
          "end": { "line": 132, "column": 60 }
        },
        "line": 132
      },
      "10": {
        "name": "(anonymous_10)",
        "decl": {
          "start": { "line": 145, "column": 23 },
          "end": { "line": 145, "column": 24 }
        },
        "loc": {
          "start": { "line": 145, "column": 29 },
          "end": { "line": 167, "column": 3 }
        },
        "line": 145
      },
      "11": {
        "name": "(anonymous_11)",
        "decl": {
          "start": { "line": 169, "column": 21 },
          "end": { "line": 169, "column": 22 }
        },
        "loc": {
          "start": { "line": 169, "column": 27 },
          "end": { "line": 196, "column": 3 }
        },
        "line": 169
      },
      "12": {
        "name": "(anonymous_12)",
        "decl": {
          "start": { "line": 261, "column": 20 },
          "end": { "line": 261, "column": 21 }
        },
        "loc": {
          "start": { "line": 261, "column": 26 },
          "end": { "line": 261, "column": 48 }
        },
        "line": 261
      },
      "13": {
        "name": "(anonymous_13)",
        "decl": {
          "start": { "line": 273, "column": 25 },
          "end": { "line": 273, "column": 26 }
        },
        "loc": {
          "start": { "line": 274, "column": 14 },
          "end": { "line": 303, "column": 20 }
        },
        "line": 274
      }
    },
    "branchMap": {
      "0": {
        "loc": {
          "start": { "line": 47, "column": 4 },
          "end": { "line": 47, "column": 63 }
        },
        "type": "cond-expr",
        "locations": [
          {
            "start": { "line": 47, "column": 32 },
            "end": { "line": 47, "column": 51 }
          },
          {
            "start": { "line": 47, "column": 54 },
            "end": { "line": 47, "column": 63 }
          }
        ],
        "line": 47
      },
      "1": {
        "loc": {
          "start": { "line": 47, "column": 4 },
          "end": { "line": 47, "column": 29 }
        },
        "type": "binary-expr",
        "locations": [
          {
            "start": { "line": 47, "column": 4 },
            "end": { "line": 47, "column": 9 }
          },
          {
            "start": { "line": 47, "column": 13 },
            "end": { "line": 47, "column": 29 }
          }
        ],
        "line": 47
      },
      "2": {
        "loc": {
          "start": { "line": 51, "column": 4 },
          "end": { "line": 54, "column": 5 }
        },
        "type": "if",
        "locations": [
          {
            "start": { "line": 51, "column": 4 },
            "end": { "line": 54, "column": 5 }
          },
          { "start": {}, "end": {} }
        ],
        "line": 51
      },
      "3": {
        "loc": {
          "start": { "line": 51, "column": 8 },
          "end": { "line": 51, "column": 33 }
        },
        "type": "binary-expr",
        "locations": [
          {
            "start": { "line": 51, "column": 8 },
            "end": { "line": 51, "column": 13 }
          },
          {
            "start": { "line": 51, "column": 17 },
            "end": { "line": 51, "column": 33 }
          }
        ],
        "line": 51
      },
      "4": {
        "loc": {
          "start": { "line": 58, "column": 6 },
          "end": { "line": 60, "column": 7 }
        },
        "type": "if",
        "locations": [
          {
            "start": { "line": 58, "column": 6 },
            "end": { "line": 60, "column": 7 }
          },
          { "start": {}, "end": {} }
        ],
        "line": 58
      },
      "5": {
        "loc": {
          "start": { "line": 59, "column": 37 },
          "end": { "line": 59, "column": 76 }
        },
        "type": "binary-expr",
        "locations": [
          {
            "start": { "line": 59, "column": 37 },
            "end": { "line": 59, "column": 68 }
          },
          {
            "start": { "line": 59, "column": 72 },
            "end": { "line": 59, "column": 76 }
          }
        ],
        "line": 59
      },
      "6": {
        "loc": {
          "start": { "line": 66, "column": 4 },
          "end": { "line": 75, "column": 5 }
        },
        "type": "if",
        "locations": [
          {
            "start": { "line": 66, "column": 4 },
            "end": { "line": 75, "column": 5 }
          },
          { "start": {}, "end": {} }
        ],
        "line": 66
      },
      "7": {
        "loc": {
          "start": { "line": 79, "column": 2 },
          "end": { "line": 97, "column": 3 }
        },
        "type": "if",
        "locations": [
          {
            "start": { "line": 79, "column": 2 },
            "end": { "line": 97, "column": 3 }
          },
          { "start": {}, "end": {} }
        ],
        "line": 79
      },
      "8": {
        "loc": {
          "start": { "line": 79, "column": 6 },
          "end": { "line": 79, "column": 34 }
        },
        "type": "binary-expr",
        "locations": [
          {
            "start": { "line": 79, "column": 6 },
            "end": { "line": 79, "column": 12 }
          },
          {
            "start": { "line": 79, "column": 16 },
            "end": { "line": 79, "column": 34 }
          }
        ],
        "line": 79
      },
      "9": {
        "loc": {
          "start": { "line": 101, "column": 2 },
          "end": { "line": 119, "column": 3 }
        },
        "type": "if",
        "locations": [
          {
            "start": { "line": 101, "column": 2 },
            "end": { "line": 119, "column": 3 }
          },
          { "start": {}, "end": {} }
        ],
        "line": 101
      },
      "10": {
        "loc": {
          "start": { "line": 146, "column": 4 },
          "end": { "line": 146, "column": 32 }
        },
        "type": "if",
        "locations": [
          {
            "start": { "line": 146, "column": 4 },
            "end": { "line": 146, "column": 32 }
          },
          { "start": {}, "end": {} }
        ],
        "line": 146
      },
      "11": {
        "loc": {
          "start": { "line": 155, "column": 4 },
          "end": { "line": 157, "column": 5 }
        },
        "type": "if",
        "locations": [
          {
            "start": { "line": 155, "column": 4 },
            "end": { "line": 157, "column": 5 }
          },
          { "start": {}, "end": {} }
        ],
        "line": 155
      },
      "12": {
        "loc": {
          "start": { "line": 164, "column": 4 },
          "end": { "line": 166, "column": 5 }
        },
        "type": "if",
        "locations": [
          {
            "start": { "line": 164, "column": 4 },
            "end": { "line": 166, "column": 5 }
          },
          { "start": {}, "end": {} }
        ],
        "line": 164
      },
      "13": {
        "loc": {
          "start": { "line": 164, "column": 8 },
          "end": { "line": 164, "column": 59 }
        },
        "type": "binary-expr",
        "locations": [
          {
            "start": { "line": 164, "column": 8 },
            "end": { "line": 164, "column": 45 }
          },
          {
            "start": { "line": 164, "column": 49 },
            "end": { "line": 164, "column": 59 }
          }
        ],
        "line": 164
      },
      "14": {
        "loc": {
          "start": { "line": 173, "column": 4 },
          "end": { "line": 195, "column": 5 }
        },
        "type": "if",
        "locations": [
          {
            "start": { "line": 173, "column": 4 },
            "end": { "line": 195, "column": 5 }
          },
          {
            "start": { "line": 177, "column": 11 },
            "end": { "line": 195, "column": 5 }
          }
        ],
        "line": 173
      },
      "15": {
        "loc": {
          "start": { "line": 181, "column": 6 },
          "end": { "line": 183, "column": 7 }
        },
        "type": "if",
        "locations": [
          {
            "start": { "line": 181, "column": 6 },
            "end": { "line": 183, "column": 7 }
          },
          { "start": {}, "end": {} }
        ],
        "line": 181
      },
      "16": {
        "loc": {
          "start": { "line": 182, "column": 37 },
          "end": { "line": 182, "column": 73 }
        },
        "type": "binary-expr",
        "locations": [
          {
            "start": { "line": 182, "column": 37 },
            "end": { "line": 182, "column": 68 }
          },
          {
            "start": { "line": 182, "column": 72 },
            "end": { "line": 182, "column": 73 }
          }
        ],
        "line": 182
      },
      "17": {
        "loc": {
          "start": { "line": 191, "column": 17 },
          "end": { "line": 191, "column": 60 }
        },
        "type": "cond-expr",
        "locations": [
          {
            "start": { "line": 191, "column": 55 },
            "end": { "line": 191, "column": 56 }
          },
          {
            "start": { "line": 191, "column": 59 },
            "end": { "line": 191, "column": 60 }
          }
        ],
        "line": 191
      },
      "18": {
        "loc": {
          "start": { "line": 198, "column": 2 },
          "end": { "line": 234, "column": 3 }
        },
        "type": "if",
        "locations": [
          {
            "start": { "line": 198, "column": 2 },
            "end": { "line": 234, "column": 3 }
          },
          { "start": {}, "end": {} }
        ],
        "line": 198
      },
      "19": {
        "loc": {
          "start": { "line": 216, "column": 15 },
          "end": { "line": 220, "column": 69 }
        },
        "type": "cond-expr",
        "locations": [
          {
            "start": { "line": 217, "column": 18 },
            "end": { "line": 217, "column": 56 }
          },
          {
            "start": { "line": 218, "column": 18 },
            "end": { "line": 220, "column": 69 }
          }
        ],
        "line": 216
      },
      "20": {
        "loc": {
          "start": { "line": 218, "column": 18 },
          "end": { "line": 220, "column": 69 }
        },
        "type": "cond-expr",
        "locations": [
          {
            "start": { "line": 219, "column": 20 },
            "end": { "line": 219, "column": 70 }
          },
          {
            "start": { "line": 220, "column": 20 },
            "end": { "line": 220, "column": 69 }
          }
        ],
        "line": 218
      },
      "21": {
        "loc": {
          "start": { "line": 251, "column": 11 },
          "end": { "line": 255, "column": 11 }
        },
        "type": "binary-expr",
        "locations": [
          {
            "start": { "line": 251, "column": 11 },
            "end": { "line": 251, "column": 25 }
          },
          {
            "start": { "line": 252, "column": 12 },
            "end": { "line": 254, "column": 18 }
          }
        ],
        "line": 251
      },
      "22": {
        "loc": {
          "start": { "line": 260, "column": 71 },
          "end": { "line": 260, "column": 114 }
        },
        "type": "cond-expr",
        "locations": [
          {
            "start": { "line": 260, "column": 87 },
            "end": { "line": 260, "column": 100 }
          },
          {
            "start": { "line": 260, "column": 103 },
            "end": { "line": 260, "column": 114 }
          }
        ],
        "line": 260
      },
      "23": {
        "loc": {
          "start": { "line": 270, "column": 19 },
          "end": { "line": 270, "column": 39 }
        },
        "type": "binary-expr",
        "locations": [
          {
            "start": { "line": 270, "column": 19 },
            "end": { "line": 270, "column": 33 }
          },
          {
            "start": { "line": 270, "column": 37 },
            "end": { "line": 270, "column": 39 }
          }
        ],
        "line": 270
      },
      "24": {
        "loc": {
          "start": { "line": 277, "column": 18 },
          "end": { "line": 281, "column": 62 }
        },
        "type": "cond-expr",
        "locations": [
          {
            "start": { "line": 278, "column": 22 },
            "end": { "line": 278, "column": 73 }
          },
          {
            "start": { "line": 279, "column": 22 },
            "end": { "line": 281, "column": 62 }
          }
        ],
        "line": 277
      },
      "25": {
        "loc": {
          "start": { "line": 277, "column": 18 },
          "end": { "line": 277, "column": 59 }
        },
        "type": "binary-expr",
        "locations": [
          {
            "start": { "line": 277, "column": 18 },
            "end": { "line": 277, "column": 28 }
          },
          {
            "start": { "line": 277, "column": 32 },
            "end": { "line": 277, "column": 59 }
          }
        ],
        "line": 277
      },
      "26": {
        "loc": {
          "start": { "line": 279, "column": 22 },
          "end": { "line": 281, "column": 62 }
        },
        "type": "cond-expr",
        "locations": [
          {
            "start": { "line": 280, "column": 24 },
            "end": { "line": 280, "column": 69 }
          },
          {
            "start": { "line": 281, "column": 24 },
            "end": { "line": 281, "column": 62 }
          }
        ],
        "line": 279
      },
      "27": {
        "loc": {
          "start": { "line": 279, "column": 22 },
          "end": { "line": 279, "column": 61 }
        },
        "type": "binary-expr",
        "locations": [
          {
            "start": { "line": 279, "column": 22 },
            "end": { "line": 279, "column": 32 }
          },
          {
            "start": { "line": 279, "column": 36 },
            "end": { "line": 279, "column": 61 }
          }
        ],
        "line": 279
      },
      "28": {
        "loc": {
          "start": { "line": 295, "column": 17 },
          "end": { "line": 297, "column": 17 }
        },
        "type": "binary-expr",
        "locations": [
          {
            "start": { "line": 295, "column": 17 },
            "end": { "line": 295, "column": 27 }
          },
          {
            "start": { "line": 295, "column": 31 },
            "end": { "line": 295, "column": 58 }
          },
          {
            "start": { "line": 296, "column": 18 },
            "end": { "line": 296, "column": 59 }
          }
        ],
        "line": 295
      },
      "29": {
        "loc": {
          "start": { "line": 298, "column": 17 },
          "end": { "line": 302, "column": 19 }
        },
        "type": "binary-expr",
        "locations": [
          {
            "start": { "line": 298, "column": 17 },
            "end": { "line": 298, "column": 27 }
          },
          {
            "start": { "line": 299, "column": 18 },
            "end": { "line": 299, "column": 43 }
          },
          {
            "start": { "line": 300, "column": 18 },
            "end": { "line": 300, "column": 45 }
          },
          {
            "start": { "line": 301, "column": 20 },
            "end": { "line": 301, "column": 59 }
          }
        ],
        "line": 298
      },
      "30": {
        "loc": {
          "start": { "line": 309, "column": 9 },
          "end": { "line": 317, "column": 9 }
        },
        "type": "cond-expr",
        "locations": [
          {
            "start": { "line": 310, "column": 10 },
            "end": { "line": 312, "column": 19 }
          },
          {
            "start": { "line": 314, "column": 10 },
            "end": { "line": 316, "column": 19 }
          }
        ],
        "line": 309
      },
      "31": {
        "loc": {
          "start": { "line": 315, "column": 13 },
          "end": { "line": 315, "column": 74 }
        },
        "type": "cond-expr",
        "locations": [
          {
            "start": { "line": 315, "column": 47 },
            "end": { "line": 315, "column": 58 }
          },
          {
            "start": { "line": 315, "column": 61 },
            "end": { "line": 315, "column": 74 }
          }
        ],
        "line": 315
      }
    },
    "s": {
      "0": 0,
      "1": 0,
      "2": 0,
      "3": 0,
      "4": 0,
      "5": 0,
      "6": 0,
      "7": 0,
      "8": 0,
      "9": 0,
      "10": 0,
      "11": 0,
      "12": 0,
      "13": 0,
      "14": 0,
      "15": 0,
      "16": 0,
      "17": 0,
      "18": 0,
      "19": 0,
      "20": 0,
      "21": 0,
      "22": 0,
      "23": 0,
      "24": 0,
      "25": 0,
      "26": 0,
      "27": 0,
      "28": 0,
      "29": 0,
      "30": 0,
      "31": 0,
      "32": 0,
      "33": 0,
      "34": 0,
      "35": 0,
      "36": 0,
      "37": 0,
      "38": 0,
      "39": 0,
      "40": 0,
      "41": 0,
      "42": 0,
      "43": 0,
      "44": 0,
      "45": 0,
      "46": 0,
      "47": 0,
      "48": 0,
      "49": 0,
      "50": 0,
      "51": 0,
      "52": 0,
      "53": 0,
      "54": 0,
      "55": 0,
      "56": 0,
      "57": 0,
      "58": 0,
      "59": 0,
      "60": 0,
      "61": 0,
      "62": 0,
      "63": 0,
      "64": 0,
      "65": 0,
      "66": 0,
      "67": 0,
      "68": 0,
      "69": 0,
      "70": 0,
      "71": 0,
      "72": 0
    },
    "f": {
      "0": 0,
      "1": 0,
      "2": 0,
      "3": 0,
      "4": 0,
      "5": 0,
      "6": 0,
      "7": 0,
      "8": 0,
      "9": 0,
      "10": 0,
      "11": 0,
      "12": 0,
      "13": 0
    },
    "b": {
      "0": [0, 0],
      "1": [0, 0],
      "2": [0, 0],
      "3": [0, 0],
      "4": [0, 0],
      "5": [0, 0],
      "6": [0, 0],
      "7": [0, 0],
      "8": [0, 0],
      "9": [0, 0],
      "10": [0, 0],
      "11": [0, 0],
      "12": [0, 0],
      "13": [0, 0],
      "14": [0, 0],
      "15": [0, 0],
      "16": [0, 0],
      "17": [0, 0],
      "18": [0, 0],
      "19": [0, 0],
      "20": [0, 0],
      "21": [0, 0],
      "22": [0, 0],
      "23": [0, 0],
      "24": [0, 0],
      "25": [0, 0],
      "26": [0, 0],
      "27": [0, 0],
      "28": [0, 0, 0],
      "29": [0, 0, 0, 0],
      "30": [0, 0],
      "31": [0, 0]
    }
  },
  "/Users/tristan.marsh/projects/flag-trainer/src/components/speed-insights.tsx": {
    "path": "/Users/tristan.marsh/projects/flag-trainer/src/components/speed-insights.tsx",
    "statementMap": {
      "0": {
        "start": { "line": 38, "column": 2 },
        "end": { "line": 40, "column": 3 }
      },
      "1": {
        "start": { "line": 39, "column": 4 },
        "end": { "line": 39, "column": 16 }
      },
      "2": {
        "start": { "line": 42, "column": 2 },
        "end": { "line": 44, "column": 4 }
      }
    },
    "fnMap": {
      "0": {
        "name": "SpeedInsights",
        "decl": {
          "start": { "line": 32, "column": 16 },
          "end": { "line": 32, "column": 29 }
        },
        "loc": {
          "start": { "line": 37, "column": 23 },
          "end": { "line": 45, "column": 1 }
        },
        "line": 37
      }
    },
    "branchMap": {
      "0": {
        "loc": {
          "start": { "line": 33, "column": 2 },
          "end": { "line": 33, "column": 49 }
        },
        "type": "default-arg",
        "locations": [
          {
            "start": { "line": 33, "column": 12 },
            "end": { "line": 33, "column": 49 }
          }
        ],
        "line": 33
      },
      "1": {
        "loc": {
          "start": { "line": 34, "column": 2 },
          "end": { "line": 34, "column": 15 }
        },
        "type": "default-arg",
        "locations": [
          {
            "start": { "line": 34, "column": 10 },
            "end": { "line": 34, "column": 15 }
          }
        ],
        "line": 34
      },
      "2": {
        "loc": {
          "start": { "line": 35, "column": 2 },
          "end": { "line": 35, "column": 16 }
        },
        "type": "default-arg",
        "locations": [
          {
            "start": { "line": 35, "column": 15 },
            "end": { "line": 35, "column": 16 }
          }
        ],
        "line": 35
      },
      "3": {
        "loc": {
          "start": { "line": 36, "column": 2 },
          "end": { "line": 36, "column": 15 }
        },
        "type": "default-arg",
        "locations": [
          {
            "start": { "line": 36, "column": 10 },
            "end": { "line": 36, "column": 15 }
          }
        ],
        "line": 36
      },
      "4": {
        "loc": {
          "start": { "line": 38, "column": 2 },
          "end": { "line": 40, "column": 3 }
        },
        "type": "if",
        "locations": [
          {
            "start": { "line": 38, "column": 2 },
            "end": { "line": 40, "column": 3 }
          },
          { "start": {}, "end": {} }
        ],
        "line": 38
      }
    },
    "s": { "0": 0, "1": 0, "2": 0 },
    "f": { "0": 0 },
    "b": { "0": [0], "1": [0], "2": [0], "3": [0], "4": [0, 0] }
  },
  "/Users/tristan.marsh/projects/flag-trainer/src/components/theme-provider.tsx": {
    "path": "/Users/tristan.marsh/projects/flag-trainer/src/components/theme-provider.tsx",
    "statementMap": {
      "0": {
        "start": { "line": 8, "column": 2 },
        "end": { "line": 8, "column": 72 }
      }
    },
    "fnMap": {
      "0": {
        "name": "ThemeProvider",
        "decl": {
          "start": { "line": 7, "column": 16 },
          "end": { "line": 7, "column": 29 }
        },
        "loc": {
          "start": { "line": 7, "column": 74 },
          "end": { "line": 9, "column": 1 }
        },
        "line": 7
      }
    },
    "branchMap": {},
    "s": { "0": 0 },
    "f": { "0": 0 },
    "b": {}
  },
  "/Users/tristan.marsh/projects/flag-trainer/src/components/ui/button.tsx": {
    "path": "/Users/tristan.marsh/projects/flag-trainer/src/components/ui/button.tsx",
    "statementMap": {
      "0": {
        "start": { "line": 7, "column": 23 },
        "end": { "line": 35, "column": 1 }
      },
      "1": {
        "start": { "line": 47, "column": 15 },
        "end": { "line": 47, "column": 40 }
      },
      "2": {
        "start": { "line": 49, "column": 2 },
        "end": { "line": 55, "column": 4 }
      }
    },
    "fnMap": {
      "0": {
        "name": "Button",
        "decl": {
          "start": { "line": 37, "column": 9 },
          "end": { "line": 37, "column": 15 }
        },
        "loc": {
          "start": { "line": 46, "column": 5 },
          "end": { "line": 56, "column": 1 }
        },
        "line": 46
      }
    },
    "branchMap": {
      "0": {
        "loc": {
          "start": { "line": 41, "column": 2 },
          "end": { "line": 41, "column": 17 }
        },
        "type": "default-arg",
        "locations": [
          {
            "start": { "line": 41, "column": 12 },
            "end": { "line": 41, "column": 17 }
          }
        ],
        "line": 41
      },
      "1": {
        "loc": {
          "start": { "line": 47, "column": 15 },
          "end": { "line": 47, "column": 40 }
        },
        "type": "cond-expr",
        "locations": [
          {
            "start": { "line": 47, "column": 25 },
            "end": { "line": 47, "column": 29 }
          },
          {
            "start": { "line": 47, "column": 32 },
            "end": { "line": 47, "column": 40 }
          }
        ],
        "line": 47
      }
    },
    "s": { "0": 1, "1": 5, "2": 5 },
    "f": { "0": 5 },
    "b": { "0": [4], "1": [1, 4] },
    "_coverageSchema": "1a1c01bbd47fc00a2c39e90264f33305004495a9",
    "hash": "6072c7b118b0caf1f2bdf69f59023830172e1c6e"
  },
  "/Users/tristan.marsh/projects/flag-trainer/src/components/ui/card.tsx": {
    "path": "/Users/tristan.marsh/projects/flag-trainer/src/components/ui/card.tsx",
    "statementMap": {
      "0": {
        "start": { "line": 6, "column": 2 },
        "end": { "line": 15, "column": 4 }
      },
      "1": {
        "start": { "line": 19, "column": 2 },
        "end": { "line": 25, "column": 4 }
      },
      "2": {
        "start": { "line": 29, "column": 2 },
        "end": { "line": 35, "column": 4 }
      },
      "3": {
        "start": { "line": 39, "column": 2 },
        "end": { "line": 45, "column": 4 }
      },
      "4": {
        "start": { "line": 49, "column": 2 },
        "end": { "line": 55, "column": 4 }
      },
      "5": {
        "start": { "line": 59, "column": 2 },
        "end": { "line": 65, "column": 4 }
      }
    },
    "fnMap": {
      "0": {
        "name": "Card",
        "decl": {
          "start": { "line": 5, "column": 9 },
          "end": { "line": 5, "column": 13 }
        },
        "loc": {
          "start": { "line": 5, "column": 68 },
          "end": { "line": 16, "column": 1 }
        },
        "line": 5
      },
      "1": {
        "name": "CardHeader",
        "decl": {
          "start": { "line": 18, "column": 9 },
          "end": { "line": 18, "column": 19 }
        },
        "loc": {
          "start": { "line": 18, "column": 74 },
          "end": { "line": 26, "column": 1 }
        },
        "line": 18
      },
      "2": {
        "name": "CardTitle",
        "decl": {
          "start": { "line": 28, "column": 9 },
          "end": { "line": 28, "column": 18 }
        },
        "loc": {
          "start": { "line": 28, "column": 73 },
          "end": { "line": 36, "column": 1 }
        },
        "line": 28
      },
      "3": {
        "name": "CardDescription",
        "decl": {
          "start": { "line": 38, "column": 9 },
          "end": { "line": 38, "column": 24 }
        },
        "loc": {
          "start": { "line": 38, "column": 79 },
          "end": { "line": 46, "column": 1 }
        },
        "line": 38
      },
      "4": {
        "name": "CardContent",
        "decl": {
          "start": { "line": 48, "column": 9 },
          "end": { "line": 48, "column": 20 }
        },
        "loc": {
          "start": { "line": 48, "column": 75 },
          "end": { "line": 56, "column": 1 }
        },
        "line": 48
      },
      "5": {
        "name": "CardFooter",
        "decl": {
          "start": { "line": 58, "column": 9 },
          "end": { "line": 58, "column": 19 }
        },
        "loc": {
          "start": { "line": 58, "column": 74 },
          "end": { "line": 66, "column": 1 }
        },
        "line": 58
      }
    },
    "branchMap": {},
    "s": { "0": 2, "1": 2, "2": 2, "3": 2, "4": 2, "5": 2 },
    "f": { "0": 2, "1": 2, "2": 2, "3": 2, "4": 2, "5": 2 },
    "b": {},
    "_coverageSchema": "1a1c01bbd47fc00a2c39e90264f33305004495a9",
    "hash": "2ddccad7d6711ce0a263523c3c5de1d4a4c9acdf"
  },
  "/Users/tristan.marsh/projects/flag-trainer/src/components/ui/dialog.tsx": {
    "path": "/Users/tristan.marsh/projects/flag-trainer/src/components/ui/dialog.tsx",
    "statementMap": {
      "0": {
        "start": { "line": 12, "column": 2 },
        "end": { "line": 12, "column": 64 }
      },
      "1": {
        "start": { "line": 18, "column": 2 },
        "end": { "line": 18, "column": 75 }
      },
      "2": {
        "start": { "line": 24, "column": 2 },
        "end": { "line": 24, "column": 73 }
      },
      "3": {
        "start": { "line": 30, "column": 2 },
        "end": { "line": 30, "column": 71 }
      },
      "4": {
        "start": { "line": 37, "column": 2 },
        "end": { "line": 46, "column": 4 }
      },
      "5": {
        "start": { "line": 54, "column": 2 },
        "end": { "line": 72, "column": 4 }
      },
      "6": {
        "start": { "line": 76, "column": 2 },
        "end": { "line": 82, "column": 4 }
      },
      "7": {
        "start": { "line": 86, "column": 2 },
        "end": { "line": 95, "column": 4 }
      },
      "8": {
        "start": { "line": 102, "column": 2 },
        "end": { "line": 108, "column": 4 }
      },
      "9": {
        "start": { "line": 115, "column": 2 },
        "end": { "line": 121, "column": 4 }
      }
    },
    "fnMap": {
      "0": {
        "name": "Dialog",
        "decl": {
          "start": { "line": 9, "column": 9 },
          "end": { "line": 9, "column": 15 }
        },
        "loc": {
          "start": { "line": 11, "column": 54 },
          "end": { "line": 13, "column": 1 }
        },
        "line": 11
      },
      "1": {
        "name": "DialogTrigger",
        "decl": {
          "start": { "line": 15, "column": 9 },
          "end": { "line": 15, "column": 22 }
        },
        "loc": {
          "start": { "line": 17, "column": 57 },
          "end": { "line": 19, "column": 1 }
        },
        "line": 17
      },
      "2": {
        "name": "DialogPortal",
        "decl": {
          "start": { "line": 21, "column": 9 },
          "end": { "line": 21, "column": 21 }
        },
        "loc": {
          "start": { "line": 23, "column": 56 },
          "end": { "line": 25, "column": 1 }
        },
        "line": 23
      },
      "3": {
        "name": "DialogClose",
        "decl": {
          "start": { "line": 27, "column": 9 },
          "end": { "line": 27, "column": 20 }
        },
        "loc": {
          "start": { "line": 29, "column": 55 },
          "end": { "line": 31, "column": 1 }
        },
        "line": 29
      },
      "4": {
        "name": "DialogOverlay",
        "decl": {
          "start": { "line": 33, "column": 9 },
          "end": { "line": 33, "column": 22 }
        },
        "loc": {
          "start": { "line": 36, "column": 57 },
          "end": { "line": 47, "column": 1 }
        },
        "line": 36
      },
      "5": {
        "name": "DialogContent",
        "decl": {
          "start": { "line": 49, "column": 9 },
          "end": { "line": 49, "column": 22 }
        },
        "loc": {
          "start": { "line": 53, "column": 57 },
          "end": { "line": 73, "column": 1 }
        },
        "line": 53
      },
      "6": {
        "name": "DialogHeader",
        "decl": {
          "start": { "line": 75, "column": 9 },
          "end": { "line": 75, "column": 21 }
        },
        "loc": {
          "start": { "line": 75, "column": 76 },
          "end": { "line": 83, "column": 1 }
        },
        "line": 75
      },
      "7": {
        "name": "DialogFooter",
        "decl": {
          "start": { "line": 85, "column": 9 },
          "end": { "line": 85, "column": 21 }
        },
        "loc": {
          "start": { "line": 85, "column": 76 },
          "end": { "line": 96, "column": 1 }
        },
        "line": 85
      },
      "8": {
        "name": "DialogTitle",
        "decl": {
          "start": { "line": 98, "column": 9 },
          "end": { "line": 98, "column": 20 }
        },
        "loc": {
          "start": { "line": 101, "column": 55 },
          "end": { "line": 109, "column": 1 }
        },
        "line": 101
      },
      "9": {
        "name": "DialogDescription",
        "decl": {
          "start": { "line": 111, "column": 9 },
          "end": { "line": 111, "column": 26 }
        },
        "loc": {
          "start": { "line": 114, "column": 61 },
          "end": { "line": 122, "column": 1 }
        },
        "line": 114
      }
    },
    "branchMap": {},
    "s": {
      "0": 0,
      "1": 0,
      "2": 0,
      "3": 0,
      "4": 0,
      "5": 0,
      "6": 0,
      "7": 0,
      "8": 0,
      "9": 0
    },
    "f": {
      "0": 0,
      "1": 0,
      "2": 0,
      "3": 0,
      "4": 0,
      "5": 0,
      "6": 0,
      "7": 0,
      "8": 0,
      "9": 0
    },
    "b": {}
  },
  "/Users/tristan.marsh/projects/flag-trainer/src/components/ui/dropdown-menu.tsx": {
    "path": "/Users/tristan.marsh/projects/flag-trainer/src/components/ui/dropdown-menu.tsx",
    "statementMap": {
      "0": {
        "start": { "line": 9, "column": 21 },
        "end": { "line": 9, "column": 47 }
      },
      "1": {
        "start": { "line": 11, "column": 28 },
        "end": { "line": 11, "column": 57 }
      },
      "2": {
        "start": { "line": 13, "column": 26 },
        "end": { "line": 13, "column": 53 }
      },
      "3": {
        "start": { "line": 15, "column": 27 },
        "end": { "line": 15, "column": 55 }
      },
      "4": {
        "start": { "line": 17, "column": 24 },
        "end": { "line": 17, "column": 49 }
      },
      "5": {
        "start": { "line": 19, "column": 31 },
        "end": { "line": 19, "column": 63 }
      },
      "6": {
        "start": { "line": 21, "column": 31 },
        "end": { "line": 39, "column": 2 }
      },
      "7": {
        "start": { "line": 27, "column": 2 },
        "end": { "line": 38, "column": 37 }
      },
      "8": {
        "start": { "line": 40, "column": 0 },
        "end": { "line": 41, "column": 47 }
      },
      "9": {
        "start": { "line": 43, "column": 31 },
        "end": { "line": 55, "column": 2 }
      },
      "10": {
        "start": { "line": 47, "column": 2 },
        "end": { "line": 54, "column": 4 }
      },
      "11": {
        "start": { "line": 56, "column": 0 },
        "end": { "line": 57, "column": 47 }
      },
      "12": {
        "start": { "line": 59, "column": 28 },
        "end": { "line": 74, "column": 2 }
      },
      "13": {
        "start": { "line": 63, "column": 2 },
        "end": { "line": 73, "column": 33 }
      },
      "14": {
        "start": { "line": 75, "column": 0 },
        "end": { "line": 75, "column": 76 }
      },
      "15": {
        "start": { "line": 77, "column": 25 },
        "end": { "line": 92, "column": 2 }
      },
      "16": {
        "start": { "line": 83, "column": 2 },
        "end": { "line": 91, "column": 4 }
      },
      "17": {
        "start": { "line": 93, "column": 0 },
        "end": { "line": 93, "column": 70 }
      },
      "18": {
        "start": { "line": 95, "column": 33 },
        "end": { "line": 115, "column": 2 }
      },
      "19": {
        "start": { "line": 99, "column": 2 },
        "end": { "line": 114, "column": 39 }
      },
      "20": {
        "start": { "line": 116, "column": 0 },
        "end": { "line": 117, "column": 49 }
      },
      "21": {
        "start": { "line": 119, "column": 30 },
        "end": { "line": 138, "column": 2 }
      },
      "22": {
        "start": { "line": 123, "column": 2 },
        "end": { "line": 137, "column": 36 }
      },
      "23": {
        "start": { "line": 139, "column": 0 },
        "end": { "line": 139, "column": 80 }
      },
      "24": {
        "start": { "line": 141, "column": 26 },
        "end": { "line": 156, "column": 2 }
      },
      "25": {
        "start": { "line": 147, "column": 2 },
        "end": { "line": 155, "column": 4 }
      },
      "26": {
        "start": { "line": 157, "column": 0 },
        "end": { "line": 157, "column": 72 }
      },
      "27": {
        "start": { "line": 159, "column": 30 },
        "end": { "line": 168, "column": 2 }
      },
      "28": {
        "start": { "line": 163, "column": 2 },
        "end": { "line": 167, "column": 4 }
      },
      "29": {
        "start": { "line": 169, "column": 0 },
        "end": { "line": 169, "column": 80 }
      },
      "30": {
        "start": { "line": 171, "column": 29 },
        "end": { "line": 181, "column": 1 }
      },
      "31": {
        "start": { "line": 175, "column": 2 },
        "end": { "line": 180, "column": 4 }
      },
      "32": {
        "start": { "line": 182, "column": 0 },
        "end": { "line": 182, "column": 58 }
      }
    },
    "fnMap": {
      "0": {
        "name": "(anonymous_0)",
        "decl": {
          "start": { "line": 26, "column": 2 },
          "end": { "line": 26, "column": 3 }
        },
        "loc": {
          "start": { "line": 27, "column": 2 },
          "end": { "line": 38, "column": 37 }
        },
        "line": 27
      },
      "1": {
        "name": "(anonymous_1)",
        "decl": {
          "start": { "line": 46, "column": 2 },
          "end": { "line": 46, "column": 3 }
        },
        "loc": {
          "start": { "line": 47, "column": 2 },
          "end": { "line": 54, "column": 4 }
        },
        "line": 47
      },
      "2": {
        "name": "(anonymous_2)",
        "decl": {
          "start": { "line": 62, "column": 2 },
          "end": { "line": 62, "column": 3 }
        },
        "loc": {
          "start": { "line": 63, "column": 2 },
          "end": { "line": 73, "column": 33 }
        },
        "line": 63
      },
      "3": {
        "name": "(anonymous_3)",
        "decl": {
          "start": { "line": 82, "column": 2 },
          "end": { "line": 82, "column": 3 }
        },
        "loc": {
          "start": { "line": 83, "column": 2 },
          "end": { "line": 91, "column": 4 }
        },
        "line": 83
      },
      "4": {
        "name": "(anonymous_4)",
        "decl": {
          "start": { "line": 98, "column": 2 },
          "end": { "line": 98, "column": 3 }
        },
        "loc": {
          "start": { "line": 99, "column": 2 },
          "end": { "line": 114, "column": 39 }
        },
        "line": 99
      },
      "5": {
        "name": "(anonymous_5)",
        "decl": {
          "start": { "line": 122, "column": 2 },
          "end": { "line": 122, "column": 3 }
        },
        "loc": {
          "start": { "line": 123, "column": 2 },
          "end": { "line": 137, "column": 36 }
        },
        "line": 123
      },
      "6": {
        "name": "(anonymous_6)",
        "decl": {
          "start": { "line": 146, "column": 2 },
          "end": { "line": 146, "column": 3 }
        },
        "loc": {
          "start": { "line": 147, "column": 2 },
          "end": { "line": 155, "column": 4 }
        },
        "line": 147
      },
      "7": {
        "name": "(anonymous_7)",
        "decl": {
          "start": { "line": 162, "column": 2 },
          "end": { "line": 162, "column": 3 }
        },
        "loc": {
          "start": { "line": 163, "column": 2 },
          "end": { "line": 167, "column": 4 }
        },
        "line": 163
      },
      "8": {
        "name": "(anonymous_8)",
        "decl": {
          "start": { "line": 171, "column": 29 },
          "end": { "line": 171, "column": 30 }
        },
        "loc": {
          "start": { "line": 174, "column": 45 },
          "end": { "line": 181, "column": 1 }
        },
        "line": 174
      }
    },
    "branchMap": {
      "0": {
        "loc": {
          "start": { "line": 31, "column": 6 },
          "end": { "line": 31, "column": 21 }
        },
        "type": "binary-expr",
        "locations": [
          {
            "start": { "line": 31, "column": 6 },
            "end": { "line": 31, "column": 11 }
          },
          {
            "start": { "line": 31, "column": 15 },
            "end": { "line": 31, "column": 21 }
          }
        ],
        "line": 31
      },
      "1": {
        "loc": {
          "start": { "line": 62, "column": 16 },
          "end": { "line": 62, "column": 30 }
        },
        "type": "default-arg",
        "locations": [
          {
            "start": { "line": 62, "column": 29 },
            "end": { "line": 62, "column": 30 }
          }
        ],
        "line": 62
      },
      "2": {
        "loc": {
          "start": { "line": 87, "column": 6 },
          "end": { "line": 87, "column": 21 }
        },
        "type": "binary-expr",
        "locations": [
          {
            "start": { "line": 87, "column": 6 },
            "end": { "line": 87, "column": 11 }
          },
          {
            "start": { "line": 87, "column": 15 },
            "end": { "line": 87, "column": 21 }
          }
        ],
        "line": 87
      },
      "3": {
        "loc": {
          "start": { "line": 151, "column": 6 },
          "end": { "line": 151, "column": 21 }
        },
        "type": "binary-expr",
        "locations": [
          {
            "start": { "line": 151, "column": 6 },
            "end": { "line": 151, "column": 11 }
          },
          {
            "start": { "line": 151, "column": 15 },
            "end": { "line": 151, "column": 21 }
          }
        ],
        "line": 151
      }
    },
    "s": {
      "0": 0,
      "1": 0,
      "2": 0,
      "3": 0,
      "4": 0,
      "5": 0,
      "6": 0,
      "7": 0,
      "8": 0,
      "9": 0,
      "10": 0,
      "11": 0,
      "12": 0,
      "13": 0,
      "14": 0,
      "15": 0,
      "16": 0,
      "17": 0,
      "18": 0,
      "19": 0,
      "20": 0,
      "21": 0,
      "22": 0,
      "23": 0,
      "24": 0,
      "25": 0,
      "26": 0,
      "27": 0,
      "28": 0,
      "29": 0,
      "30": 0,
      "31": 0,
      "32": 0
    },
    "f": {
      "0": 0,
      "1": 0,
      "2": 0,
      "3": 0,
      "4": 0,
      "5": 0,
      "6": 0,
      "7": 0,
      "8": 0
    },
    "b": { "0": [0, 0], "1": [0], "2": [0, 0], "3": [0, 0] }
  },
  "/Users/tristan.marsh/projects/flag-trainer/src/components/ui/form.tsx": {
    "path": "/Users/tristan.marsh/projects/flag-trainer/src/components/ui/form.tsx",
    "statementMap": {
      "0": {
        "start": { "line": 19, "column": 13 },
        "end": { "line": 19, "column": 25 }
      },
      "1": {
        "start": { "line": 28, "column": 25 },
        "end": { "line": 30, "column": 1 }
      },
      "2": {
        "start": { "line": 32, "column": 18 },
        "end": { "line": 43, "column": 1 }
      },
      "3": {
        "start": { "line": 38, "column": 2 },
        "end": { "line": 42, "column": 4 }
      },
      "4": {
        "start": { "line": 45, "column": 21 },
        "end": { "line": 66, "column": 1 }
      },
      "5": {
        "start": { "line": 46, "column": 23 },
        "end": { "line": 46, "column": 57 }
      },
      "6": {
        "start": { "line": 47, "column": 22 },
        "end": { "line": 47, "column": 55 }
      },
      "7": {
        "start": { "line": 48, "column": 28 },
        "end": { "line": 48, "column": 44 }
      },
      "8": {
        "start": { "line": 49, "column": 20 },
        "end": { "line": 49, "column": 61 }
      },
      "9": {
        "start": { "line": 50, "column": 21 },
        "end": { "line": 50, "column": 64 }
      },
      "10": {
        "start": { "line": 52, "column": 2 },
        "end": { "line": 54, "column": 3 }
      },
      "11": {
        "start": { "line": 53, "column": 4 },
        "end": { "line": 53, "column": 70 }
      },
      "12": {
        "start": { "line": 56, "column": 17 },
        "end": { "line": 56, "column": 28 }
      },
      "13": {
        "start": { "line": 58, "column": 2 },
        "end": { "line": 65, "column": 4 }
      },
      "14": {
        "start": { "line": 72, "column": 24 },
        "end": { "line": 74, "column": 1 }
      },
      "15": {
        "start": { "line": 77, "column": 13 },
        "end": { "line": 77, "column": 26 }
      },
      "16": {
        "start": { "line": 79, "column": 2 },
        "end": { "line": 87, "column": 4 }
      },
      "17": {
        "start": { "line": 94, "column": 32 },
        "end": { "line": 94, "column": 46 }
      },
      "18": {
        "start": { "line": 96, "column": 2 },
        "end": { "line": 104, "column": 4 }
      },
      "19": {
        "start": { "line": 109, "column": 4 },
        "end": { "line": 109, "column": 18 }
      },
      "20": {
        "start": { "line": 111, "column": 2 },
        "end": { "line": 123, "column": 4 }
      },
      "21": {
        "start": { "line": 127, "column": 32 },
        "end": { "line": 127, "column": 46 }
      },
      "22": {
        "start": { "line": 129, "column": 2 },
        "end": { "line": 136, "column": 4 }
      },
      "23": {
        "start": { "line": 140, "column": 35 },
        "end": { "line": 140, "column": 49 }
      },
      "24": {
        "start": { "line": 141, "column": 15 },
        "end": { "line": 141, "column": 68 }
      },
      "25": {
        "start": { "line": 143, "column": 2 },
        "end": { "line": 145, "column": 3 }
      },
      "26": {
        "start": { "line": 144, "column": 4 },
        "end": { "line": 144, "column": 16 }
      },
      "27": {
        "start": { "line": 147, "column": 2 },
        "end": { "line": 156, "column": 4 }
      }
    },
    "fnMap": {
      "0": {
        "name": "(anonymous_0)",
        "decl": {
          "start": { "line": 32, "column": 18 },
          "end": { "line": 32, "column": 19 }
        },
        "loc": {
          "start": { "line": 37, "column": 44 },
          "end": { "line": 43, "column": 1 }
        },
        "line": 37
      },
      "1": {
        "name": "(anonymous_1)",
        "decl": {
          "start": { "line": 45, "column": 21 },
          "end": { "line": 45, "column": 22 }
        },
        "loc": {
          "start": { "line": 45, "column": 27 },
          "end": { "line": 66, "column": 1 }
        },
        "line": 45
      },
      "2": {
        "name": "FormItem",
        "decl": {
          "start": { "line": 76, "column": 9 },
          "end": { "line": 76, "column": 17 }
        },
        "loc": {
[...]
      "4": 0,
      "5": 0,
      "6": 0,
      "7": 0,
      "8": 0,
      "9": 0,
      "10": 0,
      "11": 0,
      "12": 0,
      "13": 0,
      "14": 0,
      "15": 0,
      "16": 0,
      "17": 0,
      "18": 0,
      "19": 0,
      "20": 0,
      "21": 0,
      "22": 0,
      "23": 0,
      "24": 0,
      "25": 0,
      "26": 0,
      "27": 0,
      "28": 0,
      "29": 0,
      "30": 0,
      "31": 0,
      "32": 0,
      "33": 0,
      "34": 0,
      "35": 0,
      "36": 0,
      "37": 0,
      "38": 0,
      "39": 0,
      "40": 0
    },
    "f": { "0": 0, "1": 0, "2": 0, "3": 0, "4": 0, "5": 0, "6": 0 },
    "b": {
      "0": [0, 0],
      "1": [0, 0, 0],
      "2": [0, 0],
      "3": [0, 0],
      "4": [0, 0, 0, 0],
      "5": [0, 0],
      "6": [0, 0],
      "7": [0, 0],
      "8": [0, 0],
      "9": [0, 0],
      "10": [0, 0],
      "11": [0, 0]
    }
  },
  "/Users/tristan.marsh/projects/flag-trainer/src/lib/types.ts": {
    "path": "/Users/tristan.marsh/projects/flag-trainer/src/lib/types.ts",
    "statementMap": {},
    "fnMap": {},
    "branchMap": {},
    "s": {},
    "f": {},
    "b": {}
  },
  "/Users/tristan.marsh/projects/flag-trainer/src/lib/utils.ts": {
    "path": "/Users/tristan.marsh/projects/flag-trainer/src/lib/utils.ts",
    "statementMap": {
      "0": {
        "start": { "line": 5, "column": 2 },
        "end": { "line": 5, "column": 31 }
      },
      "1": {
        "start": { "line": 18, "column": 2 },
        "end": { "line": 21, "column": 3 }
      },
      "2": {
        "start": { "line": 19, "column": 4 },
        "end": { "line": 19, "column": 78 }
      },
      "3": {
        "start": { "line": 20, "column": 4 },
        "end": { "line": 20, "column": 35 }
      },
      "4": {
        "start": { "line": 22, "column": 2 },
        "end": { "line": 22, "column": 73 }
      },
      "5": {
        "start": { "line": 31, "column": 2 },
        "end": { "line": 34, "column": 3 }
      },
      "6": {
        "start": { "line": 32, "column": 4 },
        "end": { "line": 32, "column": 76 }
      },
      "7": {
        "start": { "line": 33, "column": 4 },
        "end": { "line": 33, "column": 35 }
      },
      "8": {
        "start": { "line": 35, "column": 2 },
        "end": { "line": 35, "column": 64 }
      },
      "9": {
        "start": { "line": 49, "column": 2 },
        "end": { "line": 52, "column": 3 }
      },
      "10": {
        "start": { "line": 50, "column": 4 },
        "end": { "line": 50, "column": 73 }
      },
      "11": {
        "start": { "line": 51, "column": 4 },
        "end": { "line": 51, "column": 35 }
      },
      "12": {
        "start": { "line": 55, "column": 2 },
        "end": { "line": 55, "column": 44 }
      }
    },
    "fnMap": {
      "0": {
        "name": "cn",
        "decl": {
          "start": { "line": 4, "column": 16 },
          "end": { "line": 4, "column": 18 }
        },
        "loc": {
          "start": { "line": 4, "column": 44 },
          "end": { "line": 6, "column": 1 }
        },
        "line": 4
      },
      "1": {
        "name": "getFlagImageUrl",
        "decl": {
          "start": { "line": 14, "column": 16 },
          "end": { "line": 14, "column": 31 }
        },
        "loc": {
          "start": { "line": 17, "column": 10 },
          "end": { "line": 23, "column": 1 }
        },
        "line": 17
      },
      "2": {
        "name": "getFlagSvgUrl",
        "decl": {
          "start": { "line": 30, "column": 16 },
          "end": { "line": 30, "column": 29 }
        },
        "loc": {
          "start": { "line": 30, "column": 59 },
          "end": { "line": 36, "column": 1 }
        },
        "line": 30
      },
      "3": {
        "name": "getFlagUrl",
        "decl": {
          "start": { "line": 44, "column": 16 },
          "end": { "line": 44, "column": 26 }
        },
        "loc": {
          "start": { "line": 47, "column": 10 },
          "end": { "line": 59, "column": 1 }
        },
        "line": 47
      }
    },
    "branchMap": {
      "0": {
        "loc": {
          "start": { "line": 16, "column": 2 },
          "end": { "line": 16, "column": 20 }
        },
        "type": "default-arg",
        "locations": [
          {
            "start": { "line": 16, "column": 17 },
            "end": { "line": 16, "column": 20 }
          }
        ],
        "line": 16
      },
      "1": {
        "loc": {
          "start": { "line": 18, "column": 2 },
          "end": { "line": 21, "column": 3 }
        },
        "type": "if",
        "locations": [
          {
            "start": { "line": 18, "column": 2 },
            "end": { "line": 21, "column": 3 }
          },
          { "start": {}, "end": {} }
        ],
        "line": 18
      },
      "2": {
        "loc": {
          "start": { "line": 31, "column": 2 },
          "end": { "line": 34, "column": 3 }
        },
        "type": "if",
        "locations": [
          {
            "start": { "line": 31, "column": 2 },
            "end": { "line": 34, "column": 3 }
          },
          { "start": {}, "end": {} }
        ],
        "line": 31
      },
      "3": {
        "loc": {
          "start": { "line": 46, "column": 2 },
          "end": { "line": 46, "column": 20 }
        },
        "type": "default-arg",
        "locations": [
          {
            "start": { "line": 46, "column": 17 },
            "end": { "line": 46, "column": 20 }
          }
        ],
        "line": 46
      },
      "4": {
        "loc": {
          "start": { "line": 49, "column": 2 },
          "end": { "line": 52, "column": 3 }
        },
        "type": "if",
        "locations": [
          {
            "start": { "line": 49, "column": 2 },
            "end": { "line": 52, "column": 3 }
          },
          { "start": {}, "end": {} }
        ],
        "line": 49
      }
    },
    "s": {
      "0": 20,
      "1": 6,
      "2": 1,
      "3": 1,
      "4": 5,
      "5": 3,
      "6": 1,
      "7": 1,
      "8": 2,
      "9": 4,
      "10": 1,
      "11": 1,
      "12": 3
    },
    "f": { "0": 20, "1": 6, "2": 3, "3": 4 },
    "b": { "0": [3], "1": [1, 5], "2": [1, 2], "3": [3], "4": [1, 3] },
    "_coverageSchema": "1a1c01bbd47fc00a2c39e90264f33305004495a9",
    "hash": "fbe10c8059072dfdf0b56b2d6080e80e40a66070"
  },
  "/Users/tristan.marsh/projects/flag-trainer/src/lib/db/client.ts": {
    "path": "/Users/tristan.marsh/projects/flag-trainer/src/lib/db/client.ts",
    "statementMap": {
      "0": {
        "start": { "line": 13, "column": 25 },
        "end": { "line": 13, "column": 29 }
      }
    },
    "fnMap": {},
    "branchMap": {},
    "s": { "0": 0 },
    "f": {},
    "b": {}
  },
  "/Users/tristan.marsh/projects/flag-trainer/src/lib/db/index.ts": {
    "path": "/Users/tristan.marsh/projects/flag-trainer/src/lib/db/index.ts",
    "statementMap": {
      "0": {
        "start": { "line": 7, "column": 16 },
        "end": { "line": 7, "column": 61 }
      },
      "1": {
        "start": { "line": 8, "column": 20 },
        "end": { "line": 8, "column": 57 }
      },
      "2": {
        "start": { "line": 10, "column": 17 },
        "end": { "line": 13, "column": 4 }
      },
      "3": {
        "start": { "line": 15, "column": 2 },
        "end": { "line": 15, "column": 37 }
      },
      "4": {
        "start": { "line": 19, "column": 18 },
        "end": { "line": 19, "column": 32 }
      }
    },
    "fnMap": {
      "0": {
        "name": "initDatabase",
        "decl": {
          "start": { "line": 6, "column": 16 },
          "end": { "line": 6, "column": 28 }
        },
        "loc": {
          "start": { "line": 6, "column": 31 },
          "end": { "line": 16, "column": 1 }
        },
        "line": 6
      }
    },
    "branchMap": {
      "0": {
        "loc": {
          "start": { "line": 7, "column": 16 },
          "end": { "line": 7, "column": 61 }
        },
        "type": "binary-expr",
        "locations": [
          {
            "start": { "line": 7, "column": 16 },
            "end": { "line": 7, "column": 40 }
          },
          {
            "start": { "line": 7, "column": 44 },
            "end": { "line": 7, "column": 61 }
          }
        ],
        "line": 7
      },
      "1": {
        "loc": {
          "start": { "line": 8, "column": 20 },
          "end": { "line": 8, "column": 57 }
        },
        "type": "binary-expr",
        "locations": [
          {
            "start": { "line": 8, "column": 20 },
            "end": { "line": 8, "column": 51 }
          },
          {
            "start": { "line": 8, "column": 55 },
            "end": { "line": 8, "column": 57 }
          }
        ],
        "line": 8
      }
    },
    "s": { "0": 0, "1": 0, "2": 0, "3": 0, "4": 0 },
    "f": { "0": 0 },
    "b": { "0": [0, 0], "1": [0, 0] }
  },
  "/Users/tristan.marsh/projects/flag-trainer/src/lib/db/schema.ts": {
    "path": "/Users/tristan.marsh/projects/flag-trainer/src/lib/db/schema.ts",
    "statementMap": {
      "0": {
        "start": { "line": 6, "column": 21 },
        "end": { "line": 22, "column": 2 }
      },
      "1": {
        "start": { "line": 17, "column": 10 },
        "end": { "line": 17, "column": 20 }
      },
      "2": {
        "start": { "line": 20, "column": 10 },
        "end": { "line": 20, "column": 20 }
      },
      "3": {
        "start": { "line": 25, "column": 21 },
        "end": { "line": 34, "column": 2 }
      },
      "4": {
        "start": { "line": 32, "column": 10 },
        "end": { "line": 32, "column": 20 }
      },
      "5": {
        "start": { "line": 37, "column": 28 },
        "end": { "line": 56, "column": 2 }
      },
      "6": {
        "start": { "line": 41, "column": 22 },
        "end": { "line": 41, "column": 30 }
      },
      "7": {
        "start": { "line": 44, "column": 22 },
        "end": { "line": 44, "column": 30 }
      },
      "8": {
        "start": { "line": 51, "column": 10 },
        "end": { "line": 51, "column": 20 }
      },
      "9": {
        "start": { "line": 54, "column": 10 },
        "end": { "line": 54, "column": 20 }
      },
      "10": {
        "start": { "line": 59, "column": 32 },
        "end": { "line": 71, "column": 2 }
      },
      "11": {
        "start": { "line": 63, "column": 22 },
        "end": { "line": 63, "column": 30 }
      },
      "12": {
        "start": { "line": 65, "column": 10 },
        "end": { "line": 65, "column": 20 }
      },
      "13": {
        "start": { "line": 74, "column": 28 },
        "end": { "line": 86, "column": 2 }
      },
      "14": {
        "start": { "line": 78, "column": 22 },
        "end": { "line": 78, "column": 41 }
      },
      "15": {
        "start": { "line": 81, "column": 22 },
        "end": { "line": 81, "column": 30 }
      },
      "16": {
        "start": { "line": 84, "column": 10 },
        "end": { "line": 84, "column": 20 }
      },
      "17": {
        "start": { "line": 89, "column": 30 },
        "end": { "line": 92, "column": 3 }
      },
      "18": {
        "start": { "line": 89, "column": 62 },
        "end": { "line": 92, "column": 1 }
      },
      "19": {
        "start": { "line": 94, "column": 30 },
        "end": { "line": 97, "column": 3 }
      },
      "20": {
        "start": { "line": 94, "column": 62 },
        "end": { "line": 97, "column": 1 }
      },
      "21": {
        "start": { "line": 99, "column": 37 },
        "end": { "line": 108, "column": 3 }
      },
      "22": {
        "start": { "line": 99, "column": 75 },
        "end": { "line": 108, "column": 1 }
      },
      "23": {
        "start": { "line": 110, "column": 41 },
        "end": { "line": 119, "column": 1 }
      },
      "24": {
        "start": { "line": 112, "column": 22 },
        "end": { "line": 118, "column": 3 }
      },
      "25": {
        "start": { "line": 121, "column": 37 },
        "end": { "line": 130, "column": 3 }
      },
      "26": {
        "start": { "line": 121, "column": 75 },
        "end": { "line": 130, "column": 1 }
      },
      "27": {
        "start": { "line": 133, "column": 22 },
        "end": { "line": 149, "column": 2 }
      },
      "28": {
        "start": { "line": 137, "column": 19 },
        "end": { "line": 137, "column": 29 }
      },
      "29": {
        "start": { "line": 138, "column": 43 },
        "end": { "line": 138, "column": 51 }
      },
      "30": {
        "start": { "line": 152, "column": 28 },
        "end": { "line": 167, "column": 2 }
      },
      "31": {
        "start": { "line": 156, "column": 22 },
        "end": { "line": 156, "column": 30 }
      }
    },
    "fnMap": {
      "0": {
        "name": "(anonymous_0)",
        "decl": {
          "start": { "line": 17, "column": 4 },
          "end": { "line": 17, "column": 5 }
        },
        "loc": {
          "start": { "line": 17, "column": 10 },
          "end": { "line": 17, "column": 20 }
        },
        "line": 17
      },
      "1": {
        "name": "(anonymous_1)",
        "decl": {
          "start": { "line": 20, "column": 4 },
          "end": { "line": 20, "column": 5 }
        },
        "loc": {
          "start": { "line": 20, "column": 10 },
          "end": { "line": 20, "column": 20 }
        },
        "line": 20
      },
      "2": {
        "name": "(anonymous_2)",
        "decl": {
          "start": { "line": 32, "column": 4 },
          "end": { "line": 32, "column": 5 }
        },
        "loc": {
          "start": { "line": 32, "column": 10 },
          "end": { "line": 32, "column": 20 }
        },
        "line": 32
      },
      "3": {
        "name": "(anonymous_3)",
        "decl": {
          "start": { "line": 41, "column": 16 },
          "end": { "line": 41, "column": 17 }
        },
        "loc": {
          "start": { "line": 41, "column": 22 },
          "end": { "line": 41, "column": 30 }
        },
        "line": 41
      },
      "4": {
        "name": "(anonymous_4)",
        "decl": {
          "start": { "line": 44, "column": 16 },
          "end": { "line": 44, "column": 17 }
        },
        "loc": {
          "start": { "line": 44, "column": 22 },
          "end": { "line": 44, "column": 30 }
        },
        "line": 44
      },
      "5": {
        "name": "(anonymous_5)",
        "decl": {
          "start": { "line": 51, "column": 4 },
          "end": { "line": 51, "column": 5 }
        },
        "loc": {
          "start": { "line": 51, "column": 10 },
          "end": { "line": 51, "column": 20 }
        },
        "line": 51
      },
      "6": {
        "name": "(anonymous_6)",
        "decl": {
          "start": { "line": 54, "column": 4 },
          "end": { "line": 54, "column": 5 }
        },
        "loc": {
          "start": { "line": 54, "column": 10 },
          "end": { "line": 54, "column": 20 }
        },
        "line": 54
      },
      "7": {
        "name": "(anonymous_7)",
        "decl": {
          "start": { "line": 63, "column": 16 },
          "end": { "line": 63, "column": 17 }
        },
        "loc": {
          "start": { "line": 63, "column": 22 },
          "end": { "line": 63, "column": 30 }
        },
        "line": 63
      },
      "8": {
        "name": "(anonymous_8)",
        "decl": {
          "start": { "line": 65, "column": 4 },
          "end": { "line": 65, "column": 5 }
        },
        "loc": {
          "start": { "line": 65, "column": 10 },
          "end": { "line": 65, "column": 20 }
        },
        "line": 65
      },
      "9": {
        "name": "(anonymous_9)",
        "decl": {
          "start": { "line": 78, "column": 16 },
          "end": { "line": 78, "column": 17 }
        },
        "loc": {
          "start": { "line": 78, "column": 22 },
          "end": { "line": 78, "column": 41 }
        },
        "line": 78
      },
      "10": {
        "name": "(anonymous_10)",
        "decl": {
          "start": { "line": 81, "column": 16 },
          "end": { "line": 81, "column": 17 }
        },
        "loc": {
          "start": { "line": 81, "column": 22 },
          "end": { "line": 81, "column": 30 }
        },
        "line": 81
      },
      "11": {
        "name": "(anonymous_11)",
        "decl": {
          "start": { "line": 84, "column": 4 },
          "end": { "line": 84, "column": 5 }
        },
        "loc": {
          "start": { "line": 84, "column": 10 },
          "end": { "line": 84, "column": 20 }
        },
        "line": 84
      },
      "12": {
        "name": "(anonymous_12)",
        "decl": {
          "start": { "line": 89, "column": 47 },
          "end": { "line": 89, "column": 48 }
        },
        "loc": {
          "start": { "line": 89, "column": 62 },
          "end": { "line": 92, "column": 1 }
        },
        "line": 89
      },
      "13": {
        "name": "(anonymous_13)",
        "decl": {
          "start": { "line": 94, "column": 47 },
          "end": { "line": 94, "column": 48 }
        },
        "loc": {
          "start": { "line": 94, "column": 62 },
          "end": { "line": 97, "column": 1 }
        },
        "line": 94
      },
      "14": {
        "name": "(anonymous_14)",
        "decl": {
          "start": { "line": 99, "column": 61 },
          "end": { "line": 99, "column": 62 }
        },
        "loc": {
          "start": { "line": 99, "column": 75 },
          "end": { "line": 108, "column": 1 }
        },
        "line": 99
      },
      "15": {
        "name": "(anonymous_15)",
        "decl": {
          "start": { "line": 112, "column": 2 },
          "end": { "line": 112, "column": 3 }
        },
        "loc": {
          "start": { "line": 112, "column": 22 },
          "end": { "line": 118, "column": 3 }
        },
        "line": 112
      },
      "16": {
        "name": "(anonymous_16)",
        "decl": {
          "start": { "line": 121, "column": 61 },
          "end": { "line": 121, "column": 62 }
        },
        "loc": {
          "start": { "line": 121, "column": 75 },
          "end": { "line": 130, "column": 1 }
        },
        "line": 121
      },
      "17": {
        "name": "(anonymous_17)",
        "decl": {
          "start": { "line": 137, "column": 13 },
          "end": { "line": 137, "column": 14 }
        },
        "loc": {
          "start": { "line": 137, "column": 19 },
          "end": { "line": 137, "column": 29 }
        },
        "line": 137
      },
      "18": {
        "name": "(anonymous_18)",
        "decl": {
          "start": { "line": 138, "column": 37 },
          "end": { "line": 138, "column": 38 }
        },
        "loc": {
          "start": { "line": 138, "column": 43 },
          "end": { "line": 138, "column": 51 }
        },
        "line": 138
      },
      "19": {
        "name": "(anonymous_19)",
        "decl": {
          "start": { "line": 156, "column": 16 },
          "end": { "line": 156, "column": 17 }
        },
        "loc": {
          "start": { "line": 156, "column": 22 },
          "end": { "line": 156, "column": 30 }
        },
        "line": 156
      }
    },
    "branchMap": {},
    "s": {
      "0": 0,
      "1": 0,
      "2": 0,
      "3": 0,
      "4": 0,
      "5": 0,
      "6": 0,
      "7": 0,
      "8": 0,
      "9": 0,
      "10": 0,
      "11": 0,
      "12": 0,
      "13": 0,
      "14": 0,
      "15": 0,
      "16": 0,
      "17": 0,
      "18": 0,
      "19": 0,
      "20": 0,
      "21": 0,
      "22": 0,
      "23": 0,
      "24": 0,
      "25": 0,
      "26": 0,
      "27": 0,
      "28": 0,
      "29": 0,
      "30": 0,
      "31": 0
    },
    "f": {
      "0": 0,
      "1": 0,
      "2": 0,
      "3": 0,
      "4": 0,
      "5": 0,
      "6": 0,
      "7": 0,
      "8": 0,
      "9": 0,
      "10": 0,
      "11": 0,
      "12": 0,
      "13": 0,
      "14": 0,
      "15": 0,
      "16": 0,
      "17": 0,
      "18": 0,
      "19": 0
    },
    "b": {}
  }
}
