TN:
SF:src/middleware.ts
FN:5,middleware
FNF:1
FNH:0
FNDA:0,middleware
DA:7,0
LF:1
LH:0
BRF:0
BRH:0
end_of_record
TN:
SF:src/app/layout.tsx
FN:26,RootLayout
FNF:1
FNH:0
FNDA:0,RootLayout
DA:15,0
DA:16,0
DA:19,0
DA:21,0
DA:31,0
LF:5
LH:0
BRDA:15,0,0,0
BRDA:15,0,1,0
BRF:2
BRH:0
end_of_record
TN:
SF:src/app/page.tsx
FN:12,Home
FN:62,FeatureCard
FNF:2
FNH:0
FNDA:0,Home
FNDA:0,FeatureCard
DA:13,0
DA:63,0
LF:2
LH:0
BRF:0
BRH:0
end_of_record
TN:
SF:src/app/reportWebVitals.ts
FN:4,reportWebVitals
FN:11,(anonymous_1)
FN:21,(anonymous_2)
FN:31,(anonymous_3)
FN:41,(anonymous_4)
FN:51,(anonymous_5)
FNF:6
FNH:0
FNDA:0,reportWebVitals
FNDA:0,(anonymous_1)
FNDA:0,(anonymous_2)
FNDA:0,(anonymous_3)
FNDA:0,(anonymous_4)
FNDA:0,(anonymous_5)
DA:6,0
DA:7,0
DA:11,0
DA:12,0
DA:21,0
DA:22,0
DA:31,0
DA:32,0
DA:41,0
DA:42,0
DA:51,0
DA:52,0
LF:12
LH:0
BRDA:6,0,0,0
BRDA:6,0,1,0
BRF:2
BRH:0
end_of_record
TN:
SF:src/app/types.ts
FNF:0
FNH:0
LF:0
LH:0
BRF:0
BRH:0
end_of_record
TN:
SF:src/app/learn/page.tsx
FN:15,LearnPage
FNF:1
FNH:0
FNDA:0,LearnPage
DA:17,0
DA:22,0
DA:24,0
LF:3
LH:0
BRF:0
BRH:0
end_of_record
TN:
SF:src/app/learn/continent/page.tsx
FN:60,ContinentSelectionPage
FN:73,(anonymous_1)
FN:87,(anonymous_2)
FN:100,(anonymous_3)
FNF:4
FNH:0
FNDA:0,ContinentSelectionPage
FNDA:0,(anonymous_1)
FNDA:0,(anonymous_2)
FNDA:0,(anonymous_3)
DA:15,0
DA:61,0
DA:63,0
DA:74,0
DA:88,0
DA:101,0
LF:6
LH:0
BRF:0
BRH:0
end_of_record
TN:
SF:src/app/learn/continent/[continent]/page.tsx
FN:12,formatContinent
FN:45,ContinentLearningPage
FNF:2
FNH:0
FNDA:0,formatContinent
FNDA:0,ContinentLearningPage
DA:8,0
DA:9,0
DA:13,0
DA:22,0
DA:23,0
DA:27,0
DA:36,0
DA:47,0
DA:48,0
DA:50,0
DA:53,0
DA:54,0
DA:57,0
DA:59,0
DA:66,0
DA:67,0
DA:88,0
DA:104,0
DA:106,0
LF:19
LH:0
BRDA:22,0,0,0
BRDA:22,0,1,0
BRDA:53,1,0,0
BRDA:53,1,1,0
BRDA:66,2,0,0
BRDA:66,2,1,0
BRDA:66,3,0,0
BRDA:66,3,1,0
BRF:8
BRH:0
end_of_record
TN:
SF:src/app/learn/quick/page.tsx
FN:10,QuickSessionPage
FNF:1
FNH:0
FNDA:0,QuickSessionPage
DA:7,0
DA:8,0
DA:11,0
DA:13,0
DA:19,0
DA:20,0
DA:36,0
DA:49,0
DA:51,0
LF:9
LH:0
BRDA:19,0,0,0
BRDA:19,0,1,0
BRDA:19,1,0,0
BRDA:19,1,1,0
BRF:4
BRH:0
end_of_record
TN:
SF:src/app/library/page.tsx
FN:13,LibraryPage
FN:15,(anonymous_1)
FN:28,(anonymous_2)
FNF:3
FNH:0
FNDA:0,LibraryPage
FNDA:0,(anonymous_1)
FNDA:0,(anonymous_2)
DA:14,0
DA:15,0
DA:18,0
DA:29,0
LF:4
LH:0
BRF:0
BRH:0
end_of_record
TN:
SF:src/app/library/[code]/page.tsx
FN:25,generateMetadata
FN:47,FlagDetailPage
FN:122,(anonymous_2)
FNF:3
FNH:0
FNDA:0,generateMetadata
FNDA:0,FlagDetailPage
FNDA:0,(anonymous_2)
DA:28,0
DA:30,0
DA:34,0
DA:35,0
DA:40,0
DA:48,0
DA:49,0
DA:51,0
DA:55,0
DA:56,0
DA:60,0
DA:62,0
DA:123,0
LF:13
LH:0
BRDA:34,0,0,0
BRDA:34,0,1,0
BRDA:55,1,0,0
BRDA:55,1,1,0
BRDA:60,2,0,0
BRDA:60,2,1,0
BRDA:112,3,0,0
BRDA:112,3,1,0
BRF:8
BRH:0
end_of_record
TN:
SF:src/app/stats/page.tsx
FN:14,StatsPage
FNF:1
FNH:0
FNDA:0,StatsPage
DA:16,0
DA:21,0
DA:23,0
LF:3
LH:0
BRF:0
BRH:0
end_of_record
TN:
SF:src/components/analytics.tsx
FN:28,Analytics
FNF:1
FNH:0
FNDA:0,Analytics
DA:34,0
DA:35,0
DA:38,0
LF:3
LH:0
BRDA:29,0,0,0
BRDA:30,1,0,0
BRDA:31,2,0,0
BRDA:34,3,0,0
BRDA:34,3,1,0
BRF:5
BRH:0
end_of_record
TN:
SF:src/components/mode-toggle.tsx
FN:15,ModeToggle
FN:28,(anonymous_1)
FN:31,(anonymous_2)
FN:34,(anonymous_3)
FNF:4
FNH:0
FNDA:0,ModeToggle
FNDA:0,(anonymous_1)
FNDA:0,(anonymous_2)
FNDA:0,(anonymous_3)
DA:16,0
DA:18,0
DA:28,0
DA:31,0
DA:34,0
LF:5
LH:0
BRF:0
BRH:0
end_of_record
TN:
SF:src/components/quick-learning-session.tsx
FN:34,QuickLearningSession
FN:44,(anonymous_1)
FN:45,(anonymous_2)
FN:54,(anonymous_3)
FN:58,(anonymous_4)
FN:66,(anonymous_5)
FN:78,(anonymous_6)
FN:84,(anonymous_7)
FN:92,(anonymous_8)
FN:142,(anonymous_9)
FN:166,(anonymous_10)
FN:195,(anonymous_11)
FN:228,(anonymous_12)
FN:270,(anonymous_13)
FNF:14
FNH:0
FNDA:0,QuickLearningSession
FNDA:0,(anonymous_1)
FNDA:0,(anonymous_2)
FNDA:0,(anonymous_3)
FNDA:0,(anonymous_4)
FNDA:0,(anonymous_5)
FNDA:0,(anonymous_6)
FNDA:0,(anonymous_7)
FNDA:0,(anonymous_8)
FNDA:0,(anonymous_9)
FNDA:0,(anonymous_10)
FNDA:0,(anonymous_11)
FNDA:0,(anonymous_12)
FNDA:0,(anonymous_13)
DA:39,0
DA:40,0
DA:41,0
DA:42,0
DA:43,0
DA:44,0
DA:45,0
DA:46,0
DA:50,0
DA:54,0
DA:55,0
DA:57,0
DA:58,0
DA:61,0
DA:62,0
DA:63,0
DA:66,0
DA:69,0
DA:70,0
DA:71,0
DA:74,0
DA:78,0
DA:79,0
DA:80,0
DA:81,0
DA:84,0
DA:85,0
DA:86,0
DA:92,0
DA:93,0
DA:95,0
DA:100,0
DA:101,0
DA:122,0
DA:123,0
DA:142,0
DA:143,0
DA:146,0
DA:148,0
DA:149,0
DA:151,0
DA:152,0
DA:153,0
DA:157,0
DA:160,0
DA:161,0
DA:162,0
DA:166,0
DA:168,0
DA:170,0
DA:171,0
DA:172,0
DA:173,0
DA:175,0
DA:178,0
DA:179,0
DA:183,0
DA:186,0
DA:195,0
DA:196,0
DA:197,0
DA:198,0
DA:199,0
DA:200,0
DA:201,0
DA:202,0
DA:205,0
DA:206,0
DA:228,0
DA:239,0
DA:271,0
LF:71
LH:0
BRDA:36,0,0,0
BRDA:50,1,0,0
BRDA:50,1,1,0
BRDA:50,2,0,0
BRDA:50,2,1,0
BRDA:55,3,0,0
BRDA:55,3,1,0
BRDA:79,4,0,0
BRDA:79,4,1,0
BRDA:79,5,0,0
BRDA:79,5,1,0
BRDA:85,6,0,0
BRDA:85,6,1,0
BRDA:85,7,0,0
BRDA:85,7,1,0
BRDA:93,8,0,0
BRDA:93,8,1,0
BRDA:100,9,0,0
BRDA:100,9,1,0
BRDA:100,10,0,0
BRDA:100,10,1,0
BRDA:122,11,0,0
BRDA:122,11,1,0
BRDA:143,12,0,0
BRDA:143,12,1,0
BRDA:152,13,0,0
BRDA:152,13,1,0
BRDA:161,14,0,0
BRDA:161,14,1,0
BRDA:161,15,0,0
BRDA:161,15,1,0
BRDA:170,16,0,0
BRDA:170,16,1,0
BRDA:178,17,0,0
BRDA:178,17,1,0
BRDA:179,18,0,0
BRDA:179,18,1,0
BRDA:188,19,0,0
BRDA:188,19,1,0
BRDA:205,20,0,0
BRDA:205,20,1,0
BRDA:218,21,0,0
BRDA:218,21,1,0
BRDA:220,22,0,0
BRDA:220,22,1,0
BRDA:267,23,0,0
BRDA:267,23,1,0
BRDA:274,24,0,0
BRDA:274,24,1,0
BRDA:274,25,0,0
BRDA:274,25,1,0
BRDA:276,26,0,0
BRDA:276,26,1,0
BRDA:276,27,0,0
BRDA:276,27,1,0
BRDA:292,28,0,0
BRDA:292,28,1,0
BRDA:292,28,2,0
BRDA:295,29,0,0
BRDA:295,29,1,0
BRDA:295,29,2,0
BRDA:295,29,3,0
BRDA:306,30,0,0
BRDA:306,30,1,0
BRDA:312,31,0,0
BRDA:312,31,1,0
BRF:66
BRH:0
end_of_record
TN:
SF:src/components/speed-insights.tsx
FN:32,SpeedInsights
FNF:1
FNH:0
FNDA:0,SpeedInsights
DA:38,0
DA:39,0
DA:42,0
LF:3
LH:0
BRDA:33,0,0,0
BRDA:34,1,0,0
BRDA:35,2,0,0
BRDA:36,3,0,0
BRDA:38,4,0,0
BRDA:38,4,1,0
BRF:6
BRH:0
end_of_record
TN:
SF:src/components/theme-provider.tsx
FN:7,ThemeProvider
FNF:1
FNH:0
FNDA:0,ThemeProvider
DA:8,0
LF:1
LH:0
BRF:0
BRH:0
end_of_record
TN:
SF:src/components/ui/button.tsx
FN:37,Button
FNF:1
FNH:0
FNDA:0,Button
DA:7,0
DA:47,0
DA:49,0
LF:3
LH:0
BRDA:41,0,0,0
BRDA:47,1,0,0
BRDA:47,1,1,0
BRF:3
BRH:0
end_of_record
TN:
SF:src/components/ui/card.tsx
FN:5,Card
FN:18,CardHeader
FN:28,CardTitle
FN:38,CardDescription
FN:48,CardContent
FN:58,CardFooter
FNF:6
FNH:0
FNDA:0,Card
FNDA:0,CardHeader
FNDA:0,CardTitle
FNDA:0,CardDescription
FNDA:0,CardContent
FNDA:0,CardFooter
DA:6,0
DA:19,0
DA:29,0
DA:39,0
DA:49,0
DA:59,0
LF:6
LH:0
BRF:0
BRH:0
end_of_record
TN:
SF:src/components/ui/dialog.tsx
FN:9,Dialog
FN:15,DialogTrigger
FN:21,DialogPortal
FN:27,DialogClose
FN:33,DialogOverlay
FN:49,DialogContent
FN:75,DialogHeader
FN:85,DialogFooter
FN:98,DialogTitle
FN:111,DialogDescription
FNF:10
FNH:0
FNDA:0,Dialog
FNDA:0,DialogTrigger
FNDA:0,DialogPortal
FNDA:0,DialogClose
FNDA:0,DialogOverlay
FNDA:0,DialogContent
FNDA:0,DialogHeader
FNDA:0,DialogFooter
FNDA:0,DialogTitle
FNDA:0,DialogDescription
DA:12,0
DA:18,0
DA:24,0
DA:30,0
DA:37,0
DA:54,0
DA:76,0
DA:86,0
DA:102,0
DA:115,0
LF:10
LH:0
BRF:0
BRH:0
end_of_record
TN:
SF:src/components/ui/dropdown-menu.tsx
FN:26,(anonymous_0)
FN:46,(anonymous_1)
FN:62,(anonymous_2)
FN:82,(anonymous_3)
FN:98,(anonymous_4)
FN:122,(anonymous_5)
FN:146,(anonymous_6)
FN:162,(anonymous_7)
FN:171,(anonymous_8)
FNF:9
FNH:0
FNDA:0,(anonymous_0)
FNDA:0,(anonymous_1)
FNDA:0,(anonymous_2)
FNDA:0,(anonymous_3)
FNDA:0,(anonymous_4)
FNDA:0,(anonymous_5)
FNDA:0,(anonymous_6)
FNDA:0,(anonymous_7)
FNDA:0,(anonymous_8)
DA:9,0
DA:11,0
DA:13,0
DA:15,0
DA:17,0
DA:19,0
DA:21,0
DA:27,0
DA:40,0
DA:43,0
DA:47,0
DA:56,0
DA:59,0
DA:63,0
DA:75,0
DA:77,0
DA:83,0
DA:93,0
DA:95,0
DA:99,0
DA:116,0
DA:119,0
DA:123,0
DA:139,0
DA:141,0
DA:147,0
DA:157,0
DA:159,0
DA:163,0
DA:169,0
DA:171,0
DA:175,0
DA:182,0
LF:33
LH:0
BRDA:31,0,0,0
BRDA:31,0,1,0
BRDA:62,1,0,0
BRDA:87,2,0,0
BRDA:87,2,1,0
BRDA:151,3,0,0
BRDA:151,3,1,0
BRF:7
BRH:0
end_of_record
TN:
SF:src/components/ui/flag-image.tsx
FN:25,FlagImage
FN:42,(anonymous_1)
FNF:2
FNH:0
FNDA:0,FlagImage
FNDA:0,(anonymous_1)
DA:32,0
DA:35,0
DA:42,0
DA:43,0
DA:44,0
DA:49,0
DA:51,0
LF:7
LH:0
BRDA:28,0,0,0
BRDA:44,1,0,0
BRDA:44,1,1,0
BRDA:63,2,0,0
BRDA:63,2,1,0
BRDA:70,3,0,0
BRDA:70,3,1,0
BRDA:73,4,0,0
BRDA:73,4,1,0
BRF:9
BRH:0
end_of_record
TN:
SF:src/components/ui/form.tsx
FN:32,(anonymous_0)
FN:45,(anonymous_1)
FN:76,FormItem
FN:90,FormLabel
FN:107,FormControl
FN:126,FormDescription
FN:139,FormMessage
FNF:7
FNH:0
FNDA:0,(anonymous_0)
FNDA:0,(anonymous_1)
FNDA:0,FormItem
FNDA:0,FormLabel
FNDA:0,FormControl
FNDA:0,FormDescription
FNDA:0,FormMessage
DA:19,0
DA:28,0
DA:32,0
DA:38,0
DA:45,0
DA:46,0
DA:47,0
DA:48,0
DA:49,0
DA:50,0
DA:52,0
DA:53,0
DA:56,0
DA:58,0
DA:72,0
DA:77,0
DA:79,0
DA:94,0
DA:96,0
DA:109,0
DA:111,0
DA:127,0
DA:129,0
DA:140,0
DA:141,0
DA:143,0
DA:144,0
DA:147,0
LF:28
LH:0
BRDA:52,0,0,0
BRDA:52,0,1,0
BRDA:116,1,0,0
BRDA:116,1,1,0
BRDA:141,2,0,0
BRDA:141,2,1,0
BRDA:141,3,0,0
BRDA:141,3,1,0
BRDA:143,4,0,0
BRDA:143,4,1,0
BRF:10
BRH:0
end_of_record
TN:
SF:src/components/ui/input.tsx
FN:5,Input
FNF:1
FNH:0
FNDA:0,Input
DA:6,0
LF:1
LH:0
BRF:0
BRH:0
end_of_record
TN:
SF:src/components/ui/label.tsx
FN:17,(anonymous_0)
FNF:1
FNH:0
FNDA:0,(anonymous_0)
DA:9,0
DA:13,0
DA:18,0
DA:24,0
LF:4
LH:0
BRF:0
BRH:0
end_of_record
TN:
SF:src/components/ui/progress.tsx
FN:11,(anonymous_0)
FNF:1
FNH:0
FNDA:0,(anonymous_0)
DA:8,0
DA:12,0
DA:26,0
LF:3
LH:0
BRDA:22,0,0,0
BRDA:22,0,1,0
BRF:2
BRH:0
end_of_record
TN:
SF:src/components/ui/radio-group.tsx
FN:12,(anonymous_0)
FN:26,(anonymous_1)
FNF:2
FNH:0
FNDA:0,(anonymous_0)
FNDA:0,(anonymous_1)
DA:9,0
DA:13,0
DA:21,0
DA:23,0
DA:27,0
DA:42,0
LF:6
LH:0
BRF:0
BRH:0
end_of_record
TN:
SF:src/hooks/use-performance.ts
FN:10,usePerformance
FN:47,(anonymous_1)
FN:53,(anonymous_2)
FN:68,(anonymous_3)
FN:78,(anonymous_4)
FN:94,(anonymous_5)
FN:115,(anonymous_6)
FNF:7
FNH:0
FNDA:0,usePerformance
FNDA:0,(anonymous_1)
FNDA:0,(anonymous_2)
FNDA:0,(anonymous_3)
FNDA:0,(anonymous_4)
FNDA:0,(anonymous_5)
FNDA:0,(anonymous_6)
DA:34,0
DA:37,0
DA:38,0
DA:39,0
DA:42,0
DA:43,0
DA:47,0
DA:48,0
DA:49,0
DA:50,0
DA:53,0
DA:54,0
DA:56,0
DA:61,0
DA:68,0
DA:69,0
DA:70,0
DA:78,0
DA:79,0
DA:81,0
DA:82,0
DA:84,0
DA:85,0
DA:93,0
DA:95,0
DA:96,0
DA:98,0
DA:99,0
DA:101,0
DA:103,0
DA:104,0
DA:114,0
DA:119,0
DA:120,0
DA:122,0
DA:123,0
DA:124,0
DA:126,0
DA:128,0
DA:129,0
DA:138,0
LF:41
LH:0
BRDA:12,0,0,0
BRDA:31,1,0,0
BRDA:32,2,0,0
BRDA:33,3,0,0
BRDA:42,4,0,0
BRDA:42,4,1,0
BRDA:42,5,0,0
BRDA:42,5,1,0
BRDA:48,6,0,0
BRDA:48,6,1,0
BRDA:54,7,0,0
BRDA:54,7,1,0
BRDA:56,8,0,0
BRDA:56,8,1,0
BRDA:57,9,0,0
BRDA:57,9,1,0
BRDA:57,9,2,0
BRDA:69,10,0,0
BRDA:69,10,1,0
BRDA:69,11,0,0
BRDA:69,11,1,0
BRDA:81,12,0,0
BRDA:81,12,1,0
BRDA:81,13,0,0
BRDA:81,13,1,0
BRDA:84,14,0,0
BRDA:84,14,1,0
BRDA:84,15,0,0
BRDA:84,15,1,0
BRDA:103,16,0,0
BRDA:103,16,1,0
BRDA:103,17,0,0
BRDA:103,17,1,0
BRDA:103,17,2,0
BRDA:128,18,0,0
BRDA:128,18,1,0
BRDA:128,19,0,0
BRDA:128,19,1,0
BRDA:128,19,2,0
BRF:39
BRH:0
end_of_record
TN:
SF:src/lib/analytics.ts
FN:21,trackEvent
FN:41,trackSessionStart
FN:55,trackSessionComplete
FN:76,trackFlagViewed
FN:94,trackAnswer
FNF:5
FNH:0
FNDA:0,trackEvent
FNDA:0,trackSessionStart
FNDA:0,trackSessionComplete
FNDA:0,trackFlagViewed
FNDA:0,trackAnswer
DA:26,0
DA:27,0
DA:30,0
DA:31,0
DA:42,0
DA:61,0
DA:81,0
DA:99,0
LF:8
LH:0
BRDA:30,0,0,0
BRDA:30,0,1,0
BRDA:99,1,0,0
BRDA:99,1,1,0
BRF:4
BRH:0
end_of_record
TN:
SF:src/lib/performance.ts
FN:18,startMeasure
FN:37,endMeasure
FN:91,measureAsync
FN:114,measureImageLoad
FN:115,(anonymous_4)
FN:125,(anonymous_5)
FN:129,(anonymous_6)
FNF:7
FNH:0
FNDA:0,startMeasure
FNDA:0,endMeasure
FNDA:0,measureAsync
FNDA:0,measureImageLoad
FNDA:0,(anonymous_4)
FNDA:0,(anonymous_5)
FNDA:0,(anonymous_6)
DA:19,0
DA:24,0
DA:27,0
DA:28,0
DA:41,0
DA:47,0
DA:50,0
DA:53,0
DA:56,0
DA:58,0
DA:60,0
DA:61,0
DA:64,0
DA:65,0
DA:66,0
DA:69,0
DA:70,0
DA:75,0
DA:78,0
DA:81,0
DA:96,0
DA:98,0
DA:99,0
DA:100,0
DA:101,0
DA:103,0
DA:104,0
DA:115,0
DA:116,0
DA:117,0
DA:118,0
DA:121,0
DA:122,0
DA:124,0
DA:125,0
DA:126,0
DA:127,0
DA:129,0
DA:131,0
DA:132,0
DA:134,0
LF:41
LH:0
BRDA:19,0,0,0
BRDA:19,0,1,0
BRDA:20,1,0,0
BRDA:20,1,1,0
BRDA:20,1,2,0
BRDA:27,2,0,0
BRDA:27,2,1,0
BRDA:41,3,0,0
BRDA:41,3,1,0
BRDA:42,4,0,0
BRDA:42,4,1,0
BRDA:42,4,2,0
BRDA:42,4,3,0
BRDA:50,5,0,0
BRDA:50,5,1,0
BRDA:53,6,0,0
BRDA:53,6,1,0
BRDA:60,7,0,0
BRDA:60,7,1,0
BRDA:65,8,0,0
BRDA:65,8,1,0
BRDA:69,9,0,0
BRDA:69,9,1,0
BRDA:116,10,0,0
BRDA:116,10,1,0
BRDA:121,11,0,0
BRDA:121,11,1,0
BRF:27
BRH:0
end_of_record
TN:
SF:src/lib/types.ts
FNF:0
FNH:0
LF:0
LH:0
BRF:0
BRH:0
end_of_record
TN:
SF:src/lib/utils.ts
FN:4,cn
FN:14,getFlagImageUrl
FN:30,getFlagSvgUrl
FN:44,getFlagUrl
FNF:4
FNH:0
FNDA:0,cn
FNDA:0,getFlagImageUrl
FNDA:0,getFlagSvgUrl
FNDA:0,getFlagUrl
DA:5,0
DA:18,0
DA:19,0
DA:20,0
DA:22,0
DA:31,0
DA:32,0
DA:33,0
DA:35,0
DA:49,0
DA:50,0
DA:51,0
DA:55,0
LF:13
LH:0
BRDA:16,0,0,0
BRDA:18,1,0,0
BRDA:18,1,1,0
BRDA:31,2,0,0
BRDA:31,2,1,0
BRDA:46,3,0,0
BRDA:49,4,0,0
BRDA:49,4,1,0
BRF:8
BRH:0
end_of_record
TN:
SF:src/lib/db/client.ts
FNF:0
FNH:0
DA:13,0
LF:1
LH:0
BRF:0
BRH:0
end_of_record
TN:
SF:src/lib/db/index.ts
FN:6,initDatabase
FNF:1
FNH:0
FNDA:0,initDatabase
DA:7,0
DA:8,0
DA:10,0
DA:15,0
DA:19,0
LF:5
LH:0
BRDA:7,0,0,0
BRDA:7,0,1,0
BRDA:8,1,0,0
BRDA:8,1,1,0
BRF:4
BRH:0
end_of_record
TN:
SF:src/lib/db/schema.ts
FN:18,(anonymous_0)
FN:21,(anonymous_1)
FN:33,(anonymous_2)
FN:42,(anonymous_3)
FN:45,(anonymous_4)
FN:52,(anonymous_5)
FN:55,(anonymous_6)
FN:64,(anonymous_7)
FN:66,(anonymous_8)
FN:79,(anonymous_9)
FN:82,(anonymous_10)
FN:85,(anonymous_11)
FN:90,(anonymous_12)
FN:95,(anonymous_13)
FN:100,(anonymous_14)
FN:113,(anonymous_15)
FN:122,(anonymous_16)
FN:139,(anonymous_17)
FN:157,(anonymous_18)
FNF:19
FNH:0
FNDA:0,(anonymous_0)
FNDA:0,(anonymous_1)
FNDA:0,(anonymous_2)
FNDA:0,(anonymous_3)
FNDA:0,(anonymous_4)
FNDA:0,(anonymous_5)
FNDA:0,(anonymous_6)
FNDA:0,(anonymous_7)
FNDA:0,(anonymous_8)
FNDA:0,(anonymous_9)
FNDA:0,(anonymous_10)
FNDA:0,(anonymous_11)
FNDA:0,(anonymous_12)
FNDA:0,(anonymous_13)
FNDA:0,(anonymous_14)
FNDA:0,(anonymous_15)
FNDA:0,(anonymous_16)
FNDA:0,(anonymous_17)
FNDA:0,(anonymous_18)
DA:7,0
DA:18,0
DA:21,0
DA:26,0
DA:33,0
DA:38,0
DA:42,0
DA:45,0
DA:52,0
DA:55,0
DA:60,0
DA:64,0
DA:66,0
DA:75,0
DA:79,0
DA:82,0
DA:85,0
DA:90,0
DA:95,0
DA:100,0
DA:111,0
DA:113,0
DA:122,0
DA:134,0
DA:139,0
DA:153,0
DA:157,0
LF:27
LH:0
BRF:0
BRH:0
end_of_record
TN:
SF:src/lib/spaced-repetition/algorithm.ts
FN:23,calculateNextReview
FN:87,getInitialLearningParameters
FN:100,formatNextReviewTime
FNF:3
FNH:0
FNDA:0,calculateNextReview
FNDA:0,getInitialLearningParameters
FNDA:0,formatNextReviewTime
DA:31,0
DA:34,0
DA:39,0
DA:43,0
DA:44,0
DA:45,0
DA:46,0
DA:49,0
DA:54,0
DA:56,0
DA:57,0
DA:59,0
DA:60,0
DA:62,0
DA:65,0
DA:69,0
DA:72,0
DA:73,0
DA:74,0
DA:76,0
DA:88,0
DA:101,0
DA:102,0
DA:106,0
DA:107,0
DA:108,0
DA:109,0
DA:111,0
LF:28
LH:0
BRDA:31,0,0,0
BRDA:31,0,1,0
BRDA:43,1,0,0
BRDA:43,1,1,0
BRDA:43,2,0,0
BRDA:43,2,1,0
BRDA:45,3,0,0
BRDA:45,3,1,0
BRDA:45,4,0,0
BRDA:45,4,1,0
BRDA:45,4,2,0
BRDA:54,5,0,0
BRDA:54,5,1,0
BRDA:57,6,0,0
BRDA:57,6,1,0
BRDA:60,7,0,0
BRDA:60,7,1,0
BRDA:106,8,0,0
BRDA:106,8,1,0
BRDA:108,9,0,0
BRDA:108,9,1,0
BRF:21
BRH:0
end_of_record
TN:
SF:src/lib/spaced-repetition/hooks.ts
FN:48,useSpacedLearningSession
FN:62,(anonymous_1)
FN:70,(anonymous_2)
FN:78,(anonymous_3)
FN:79,(anonymous_4)
FN:79,(anonymous_5)
FN:80,(anonymous_6)
FN:95,(anonymous_7)
FN:103,(anonymous_8)
FN:112,(anonymous_9)
FN:118,(anonymous_10)
FN:130,(anonymous_11)
FN:138,(anonymous_12)
FN:148,(anonymous_13)
FN:155,(anonymous_14)
FN:168,(anonymous_15)
FN:178,(anonymous_16)
FN:190,(anonymous_17)
FN:195,(anonymous_18)
FN:214,useProgressStats
FN:223,(anonymous_20)
FN:240,(anonymous_21)
FN:241,(anonymous_22)
FN:242,(anonymous_23)
FN:247,(anonymous_24)
FN:249,(anonymous_25)
FN:263,useNextReviewDate
FN:266,(anonymous_27)
FN:285,useSyncStatus
FN:289,(anonymous_29)
FN:294,(anonymous_30)
FN:304,(anonymous_31)
FN:313,(anonymous_32)
FNF:33
FNH:13
FNDA:1,useSpacedLearningSession
FNDA:1,(anonymous_1)
FNDA:1,(anonymous_2)
FNDA:1,(anonymous_3)
FNDA:1,(anonymous_4)
FNDA:4,(anonymous_5)
FNDA:0,(anonymous_6)
FNDA:4,(anonymous_7)
FNDA:2,(anonymous_8)
FNDA:2,(anonymous_9)
FNDA:0,(anonymous_10)
FNDA:2,(anonymous_11)
FNDA:6,(anonymous_12)
FNDA:0,(anonymous_13)
FNDA:0,(anonymous_14)
FNDA:0,(anonymous_15)
FNDA:1,(anonymous_16)
FNDA:0,(anonymous_17)
FNDA:1,(anonymous_18)
FNDA:0,useProgressStats
FNDA:0,(anonymous_20)
FNDA:0,(anonymous_21)
FNDA:0,(anonymous_22)
FNDA:0,(anonymous_23)
FNDA:0,(anonymous_24)
FNDA:0,(anonymous_25)
FNDA:0,useNextReviewDate
FNDA:0,(anonymous_27)
FNDA:0,useSyncStatus
FNDA:0,(anonymous_29)
FNDA:0,(anonymous_30)
FNDA:0,(anonymous_31)
FNDA:0,(anonymous_32)
DA:49,1
DA:52,1
DA:53,1
DA:54,1
DA:55,1
DA:61,1
DA:63,1
DA:70,1
DA:72,1
DA:77,1
DA:78,1
DA:79,4
DA:82,0
DA:86,1
DA:89,1
DA:92,1
DA:93,1
DA:94,1
DA:95,4
DA:99,1
DA:102,1
DA:103,1
DA:104,2
DA:112,2
DA:113,1
DA:115,1
DA:116,0
DA:118,0
DA:119,0
DA:128,1
DA:130,1
DA:131,2
DA:138,6
DA:140,1
DA:141,1
DA:142,1
DA:143,1
DA:147,1
DA:149,0
DA:152,0
DA:155,0
DA:156,0
DA:157,0
DA:159,0
DA:167,0
DA:168,0
DA:170,0
DA:177,1
DA:178,1
DA:190,1
DA:191,0
DA:195,1
DA:196,1
DA:199,1
DA:215,0
DA:223,0
DA:225,0
DA:228,0
DA:230,0
DA:239,0
DA:240,0
DA:242,0
DA:249,0
DA:256,0
DA:264,0
DA:266,0
DA:268,0
DA:271,0
DA:273,0
DA:274,0
DA:278,0
DA:286,0
DA:289,0
DA:290,0
DA:294,0
DA:295,0
DA:296,0
DA:297,0
DA:301,0
DA:304,0
DA:305,0
DA:306,0
DA:307,0
DA:313,0
DA:314,0
DA:315,0
DA:318,0
LF:87
LH:40
BRDA:48,0,0,1
BRDA:49,1,0,1
BRDA:49,2,0,1
BRDA:49,3,0,1
BRDA:63,4,0,0
BRDA:63,4,1,1
BRDA:63,5,0,1
BRDA:63,5,1,0
BRDA:89,6,0,1
BRDA:89,6,1,0
BRDA:115,7,0,0
BRDA:115,7,1,1
BRDA:115,8,0,1
BRDA:115,8,1,1
BRDA:149,9,0,0
BRDA:149,9,1,0
BRDA:149,10,0,0
BRDA:149,10,1,0
BRDA:156,11,0,0
BRDA:156,11,1,0
BRDA:161,12,0,0
BRDA:161,12,1,0
BRDA:162,13,0,0
BRDA:162,13,1,0
BRDA:167,14,0,0
BRDA:167,14,1,0
BRDA:184,15,0,0
BRDA:184,15,1,1
BRDA:273,16,0,0
BRDA:273,16,1,0
BRDA:285,17,0,0
BRDA:295,18,0,0
BRDA:295,18,1,0
BRDA:306,19,0,0
BRDA:306,19,1,0
BRF:35
BRH:11
end_of_record
TN:
SF:src/lib/spaced-repetition/storage.ts
FN:41,initializeStorage
FN:68,getAllProgressData
FN:82,getFlagProgress
FN:97,updateFlagProgress
FN:167,getDueFlags
FN:174,(anonymous_5)
FN:178,(anonymous_6)
FN:191,getProgressStats
FN:203,(anonymous_8)
FN:242,clearAllProgress
FN:256,generateDeviceId
FNF:11
FNH:0
FNDA:0,initializeStorage
FNDA:0,getAllProgressData
FNDA:0,getFlagProgress
FNDA:0,updateFlagProgress
FNDA:0,getDueFlags
FNDA:0,(anonymous_5)
FNDA:0,(anonymous_6)
FNDA:0,getProgressStats
FNDA:0,(anonymous_8)
FNDA:0,clearAllProgress
FNDA:0,generateDeviceId
DA:9,0
DA:10,0
DA:11,0
DA:42,0
DA:44,0
DA:45,0
DA:49,0
DA:50,0
DA:51,0
DA:55,0
DA:58,0
DA:60,0
DA:61,0
DA:69,0
DA:70,0
DA:71,0
DA:73,0
DA:74,0
DA:83,0
DA:84,0
DA:85,0
DA:87,0
DA:88,0
DA:101,0
DA:103,0
DA:104,0
DA:105,0
DA:106,0
DA:111,0
DA:113,0
DA:120,0
DA:135,0
DA:137,0
DA:150,0
DA:151,0
DA:154,0
DA:156,0
DA:158,0
DA:159,0
DA:168,0
DA:169,0
DA:170,0
DA:173,0
DA:175,0
DA:176,0
DA:178,0
DA:181,0
DA:183,0
DA:184,0
DA:192,0
DA:193,0
DA:194,0
DA:195,0
DA:198,0
DA:199,0
DA:200,0
DA:201,0
DA:203,0
DA:204,0
DA:205,0
DA:207,0
DA:208,0
DA:209,0
DA:212,0
DA:213,0
DA:217,0
DA:226,0
DA:227,0
DA:243,0
DA:244,0
DA:245,0
DA:246,0
DA:248,0
DA:249,0
DA:258,0
DA:259,0
DA:260,0
DA:261,0
DA:262,0
DA:263,0
DA:271,0
LF:81
LH:0
BRDA:44,0,0,0
BRDA:44,0,1,0
BRDA:50,1,0,0
BRDA:50,1,1,0
BRDA:71,2,0,0
BRDA:71,2,1,0
BRDA:85,3,0,0
BRDA:85,3,1,0
BRDA:111,4,0,0
BRDA:111,4,1,0
BRDA:125,5,0,0
BRDA:125,5,1,0
BRDA:127,6,0,0
BRDA:127,6,1,0
BRDA:127,7,0,0
BRDA:127,7,1,0
BRDA:143,8,0,0
BRDA:143,8,1,0
BRDA:181,9,0,0
BRDA:181,9,1,0
BRDA:204,10,0,0
BRDA:204,10,1,0
BRDA:205,11,0,0
BRDA:205,11,1,0
BRDA:208,12,0,0
BRDA:208,12,1,0
BRDA:212,13,0,0
BRDA:212,13,1,0
BRDA:221,14,0,0
BRDA:221,14,1,0
BRDA:259,15,0,0
BRDA:259,15,1,0
BRDA:262,16,0,0
BRDA:262,16,1,0
BRF:34
BRH:0
end_of_record
TN:
SF:src/lib/spaced-repetition/sync.ts
FN:48,initializeSync
FN:88,cleanupSync
FN:101,handleOnline
FN:109,handleOffline
FN:118,queueChange
FN:141,queueProgressUpdate
FN:152,synchronizeChanges
FN:192,(anonymous_7)
FN:217,syncItem
FN:221,(anonymous_9)
FN:223,(anonymous_10)
FN:240,saveQueueToStorage
FN:255,getSyncState
FN:263,forceSynchronization
FN:271,clearSyncQueue
FNF:15
FNH:11
FNDA:9,initializeSync
FNDA:1,cleanupSync
FNDA:0,handleOnline
FNDA:0,handleOffline
FNDA:7,queueChange
FNDA:1,queueProgressUpdate
FNDA:3,synchronizeChanges
FNDA:0,(anonymous_7)
FNDA:1,syncItem
FNDA:1,(anonymous_9)
FNDA:0,(anonymous_10)
FNDA:17,saveQueueToStorage
FNDA:6,getSyncState
FNDA:2,forceSynchronization
FNDA:10,clearSyncQueue
DA:29,1
DA:30,1
DA:33,1
DA:42,1
DA:50,9
DA:51,0
DA:55,9
DA:56,9
DA:57,9
DA:58,9
DA:61,9
DA:62,9
DA:63,0
DA:66,0
DA:70,9
DA:71,9
DA:74,9
DA:77,9
DA:78,1
DA:81,9
DA:89,1
DA:90,0
DA:93,1
DA:94,1
DA:102,0
DA:103,0
DA:110,0
DA:119,7
DA:127,7
DA:128,7
DA:131,7
DA:132,0
DA:145,1
DA:154,3
DA:159,2
DA:162,1
DA:163,1
DA:165,1
DA:167,1
DA:168,1
DA:171,1
DA:173,1
DA:174,1
DA:175,1
DA:176,0
DA:179,0
DA:182,0
DA:183,0
DA:185,0
DA:191,0
DA:192,0
DA:196,0
DA:197,0
DA:203,0
DA:205,0
DA:206,0
DA:209,0
DA:221,1
DA:223,1
DA:225,0
DA:226,0
DA:227,0
DA:231,0
DA:232,0
DA:241,17
DA:242,17
DA:247,0
DA:256,6
DA:264,2
DA:272,10
DA:273,10
LF:71
LH:44
BRDA:34,0,0,1
BRDA:34,0,1,0
BRDA:50,1,0,0
BRDA:50,1,1,9
BRDA:57,2,0,9
BRDA:57,2,1,0
BRDA:62,3,0,0
BRDA:62,3,1,9
BRDA:77,4,0,1
BRDA:77,4,1,8
BRDA:77,5,0,9
BRDA:77,5,1,9
BRDA:89,6,0,0
BRDA:89,6,1,1
BRDA:131,7,0,0
BRDA:131,7,1,7
BRDA:131,8,0,7
BRDA:131,8,1,7
BRDA:154,9,0,2
BRDA:154,9,1,1
BRDA:155,10,0,3
BRDA:155,10,1,3
BRDA:155,10,2,1
BRDA:182,11,0,0
BRDA:182,11,1,0
BRDA:207,12,0,0
BRDA:207,12,1,0
BRDA:225,13,0,0
BRDA:225,13,1,0
BRF:29
BRH:17
end_of_record
