TN:
SF:src/middleware.ts
FN:5,middleware
FNF:1
FNH:0
FNDA:0,middleware
DA:7,0
LF:1
LH:0
BRF:0
BRH:0
end_of_record
TN:
SF:src/app/layout.tsx
FN:26,RootLayout
FNF:1
FNH:0
FNDA:0,RootLayout
DA:15,0
DA:16,0
DA:19,0
DA:21,0
DA:31,0
LF:5
LH:0
BRDA:15,0,0,0
BRDA:15,0,1,0
BRF:2
BRH:0
end_of_record
TN:
SF:src/app/page.tsx
FN:12,Home
FN:62,FeatureCard
FNF:2
FNH:0
FNDA:0,Home
FNDA:0,FeatureCard
DA:13,0
DA:63,0
LF:2
LH:0
BRF:0
BRH:0
end_of_record
TN:
SF:src/app/reportWebVitals.ts
FN:4,reportWebVitals
FN:11,(anonymous_1)
FN:21,(anonymous_2)
FN:31,(anonymous_3)
FN:41,(anonymous_4)
FN:51,(anonymous_5)
FNF:6
FNH:0
FNDA:0,reportWebVitals
FNDA:0,(anonymous_1)
FNDA:0,(anonymous_2)
FNDA:0,(anonymous_3)
FNDA:0,(anonymous_4)
FNDA:0,(anonymous_5)
DA:6,0
DA:7,0
DA:11,0
DA:12,0
DA:21,0
DA:22,0
DA:31,0
DA:32,0
DA:41,0
DA:42,0
DA:51,0
DA:52,0
LF:12
LH:0
BRDA:6,0,0,0
BRDA:6,0,1,0
BRF:2
BRH:0
end_of_record
TN:
SF:src/app/types.ts
FNF:0
FNH:0
LF:0
LH:0
BRF:0
BRH:0
end_of_record
TN:
SF:src/app/learn/page.tsx
FN:15,LearnPage
FNF:1
FNH:0
FNDA:0,LearnPage
DA:17,0
DA:22,0
DA:24,0
LF:3
LH:0
BRF:0
BRH:0
end_of_record
TN:
SF:src/app/learn/quick/page.tsx
FN:10,QuickSessionPage
FNF:1
FNH:0
FNDA:0,QuickSessionPage
DA:7,0
DA:8,0
DA:11,0
DA:13,0
DA:19,0
DA:20,0
DA:36,0
DA:49,0
DA:51,0
LF:9
LH:0
BRDA:19,0,0,0
BRDA:19,0,1,0
BRDA:19,1,0,0
BRDA:19,1,1,0
BRF:4
BRH:0
end_of_record
TN:
SF:src/app/library/page.tsx
FN:14,LibraryPage
FN:16,(anonymous_1)
FN:29,(anonymous_2)
FNF:3
FNH:0
FNDA:0,LibraryPage
FNDA:0,(anonymous_1)
FNDA:0,(anonymous_2)
DA:15,0
DA:16,0
DA:19,0
DA:30,0
LF:4
LH:0
BRF:0
BRH:0
end_of_record
TN:
SF:src/app/library/[code]/page.tsx
FN:19,generateMetadata
FN:38,FlagDetailPage
FN:112,(anonymous_2)
FNF:3
FNH:0
FNDA:0,generateMetadata
FNDA:0,FlagDetailPage
FNDA:0,(anonymous_2)
DA:22,0
DA:26,0
DA:27,0
DA:32,0
DA:39,0
DA:41,0
DA:45,0
DA:46,0
DA:50,0
DA:52,0
DA:113,0
LF:11
LH:0
BRDA:26,0,0,0
BRDA:26,0,1,0
BRDA:45,1,0,0
BRDA:45,1,1,0
BRDA:50,2,0,0
BRDA:50,2,1,0
BRDA:102,3,0,0
BRDA:102,3,1,0
BRF:8
BRH:0
end_of_record
TN:
SF:src/app/stats/page.tsx
FN:14,StatsPage
FNF:1
FNH:0
FNDA:0,StatsPage
DA:16,0
DA:21,0
DA:23,0
LF:3
LH:0
BRF:0
BRH:0
end_of_record
TN:
SF:src/components/analytics.tsx
FN:28,Analytics
FNF:1
FNH:0
FNDA:0,Analytics
DA:34,0
DA:35,0
DA:38,0
LF:3
LH:0
BRDA:29,0,0,0
BRDA:30,1,0,0
BRDA:31,2,0,0
BRDA:34,3,0,0
BRDA:34,3,1,0
BRF:5
BRH:0
end_of_record
TN:
SF:src/components/mode-toggle.tsx
FN:15,ModeToggle
FN:28,(anonymous_1)
FN:31,(anonymous_2)
FN:34,(anonymous_3)
FNF:4
FNH:0
FNDA:0,ModeToggle
FNDA:0,(anonymous_1)
FNDA:0,(anonymous_2)
FNDA:0,(anonymous_3)
DA:16,0
DA:18,0
DA:28,0
DA:31,0
DA:34,0
LF:5
LH:0
BRF:0
BRH:0
end_of_record
TN:
SF:src/components/quick-learning-session.tsx
FN:33,QuickLearningSession
FN:40,(anonymous_1)
FN:41,(anonymous_2)
FN:50,(anonymous_3)
FN:56,(anonymous_4)
FN:65,(anonymous_5)
FN:72,(anonymous_6)
FN:122,(anonymous_7)
FN:124,(anonymous_8)
FN:132,(anonymous_9)
FN:145,(anonymous_10)
FN:169,(anonymous_11)
FN:261,(anonymous_12)
FN:273,(anonymous_13)
FNF:14
FNH:0
FNDA:0,QuickLearningSession
FNDA:0,(anonymous_1)
FNDA:0,(anonymous_2)
FNDA:0,(anonymous_3)
FNDA:0,(anonymous_4)
FNDA:0,(anonymous_5)
FNDA:0,(anonymous_6)
FNDA:0,(anonymous_7)
FNDA:0,(anonymous_8)
FNDA:0,(anonymous_9)
FNDA:0,(anonymous_10)
FNDA:0,(anonymous_11)
FNDA:0,(anonymous_12)
FNDA:0,(anonymous_13)
DA:35,0
DA:36,0
DA:37,0
DA:38,0
DA:39,0
DA:40,0
DA:41,0
DA:42,0
DA:43,0
DA:47,0
DA:50,0
DA:51,0
DA:52,0
DA:53,0
DA:56,0
DA:58,0
DA:59,0
DA:65,0
DA:66,0
DA:67,0
DA:69,0
DA:73,0
DA:79,0
DA:80,0
DA:101,0
DA:102,0
DA:122,0
DA:123,0
DA:124,0
DA:127,0
DA:128,0
DA:129,0
DA:132,0
DA:135,0
DA:136,0
DA:137,0
DA:140,0
DA:143,0
DA:145,0
DA:146,0
DA:149,0
DA:151,0
DA:152,0
DA:154,0
DA:155,0
DA:156,0
DA:160,0
DA:163,0
DA:164,0
DA:165,0
DA:169,0
DA:171,0
DA:173,0
DA:174,0
DA:175,0
DA:176,0
DA:178,0
DA:181,0
DA:182,0
DA:186,0
DA:189,0
DA:198,0
DA:199,0
DA:236,0
DA:261,0
DA:274,0
LF:66
LH:0
BRDA:47,0,0,0
BRDA:47,0,1,0
BRDA:47,1,0,0
BRDA:47,1,1,0
BRDA:51,2,0,0
BRDA:51,2,1,0
BRDA:51,3,0,0
BRDA:51,3,1,0
BRDA:58,4,0,0
BRDA:58,4,1,0
BRDA:59,5,0,0
BRDA:59,5,1,0
BRDA:66,6,0,0
BRDA:66,6,1,0
BRDA:79,7,0,0
BRDA:79,7,1,0
BRDA:79,8,0,0
BRDA:79,8,1,0
BRDA:101,9,0,0
BRDA:101,9,1,0
BRDA:146,10,0,0
BRDA:146,10,1,0
BRDA:155,11,0,0
BRDA:155,11,1,0
BRDA:164,12,0,0
BRDA:164,12,1,0
BRDA:164,13,0,0
BRDA:164,13,1,0
BRDA:173,14,0,0
BRDA:173,14,1,0
BRDA:181,15,0,0
BRDA:181,15,1,0
BRDA:182,16,0,0
BRDA:182,16,1,0
BRDA:191,17,0,0
BRDA:191,17,1,0
BRDA:198,18,0,0
BRDA:198,18,1,0
BRDA:216,19,0,0
BRDA:216,19,1,0
BRDA:218,20,0,0
BRDA:218,20,1,0
BRDA:251,21,0,0
BRDA:251,21,1,0
BRDA:260,22,0,0
BRDA:260,22,1,0
BRDA:270,23,0,0
BRDA:270,23,1,0
BRDA:277,24,0,0
BRDA:277,24,1,0
BRDA:277,25,0,0
BRDA:277,25,1,0
BRDA:279,26,0,0
BRDA:279,26,1,0
BRDA:279,27,0,0
BRDA:279,27,1,0
BRDA:295,28,0,0
BRDA:295,28,1,0
BRDA:295,28,2,0
BRDA:298,29,0,0
BRDA:298,29,1,0
BRDA:298,29,2,0
BRDA:298,29,3,0
BRDA:309,30,0,0
BRDA:309,30,1,0
BRDA:315,31,0,0
BRDA:315,31,1,0
BRF:67
BRH:0
end_of_record
TN:
SF:src/components/speed-insights.tsx
FN:32,SpeedInsights
FNF:1
FNH:0
FNDA:0,SpeedInsights
DA:38,0
DA:39,0
DA:42,0
LF:3
LH:0
BRDA:33,0,0,0
BRDA:34,1,0,0
BRDA:35,2,0,0
BRDA:36,3,0,0
BRDA:38,4,0,0
BRDA:38,4,1,0
BRF:6
BRH:0
end_of_record
TN:
SF:src/components/theme-provider.tsx
FN:7,ThemeProvider
FNF:1
FNH:0
FNDA:0,ThemeProvider
DA:8,0
LF:1
LH:0
BRF:0
BRH:0
end_of_record
TN:
SF:src/components/ui/button.tsx
FN:37,Button
FNF:1
FNH:1
FNDA:5,Button
DA:7,1
DA:47,5
DA:49,5
LF:3
LH:3
BRDA:41,0,0,4
BRDA:47,1,0,1
BRDA:47,1,1,4
BRF:3
BRH:3
end_of_record
TN:
SF:src/components/ui/card.tsx
FN:5,Card
FN:18,CardHeader
FN:28,CardTitle
FN:38,CardDescription
FN:48,CardContent
FN:58,CardFooter
FNF:6
FNH:6
FNDA:2,Card
FNDA:2,CardHeader
FNDA:2,CardTitle
FNDA:2,CardDescription
FNDA:2,CardContent
FNDA:2,CardFooter
DA:6,2
DA:19,2
DA:29,2
DA:39,2
DA:49,2
DA:59,2
LF:6
LH:6
BRF:0
BRH:0
end_of_record
TN:
SF:src/components/ui/dialog.tsx
FN:9,Dialog
FN:15,DialogTrigger
FN:21,DialogPortal
FN:27,DialogClose
FN:33,DialogOverlay
FN:49,DialogContent
FN:75,DialogHeader
FN:85,DialogFooter
FN:98,DialogTitle
FN:111,DialogDescription
FNF:10
FNH:0
FNDA:0,Dialog
FNDA:0,DialogTrigger
FNDA:0,DialogPortal
FNDA:0,DialogClose
FNDA:0,DialogOverlay
FNDA:0,DialogContent
FNDA:0,DialogHeader
FNDA:0,DialogFooter
FNDA:0,DialogTitle
FNDA:0,DialogDescription
DA:12,0
DA:18,0
DA:24,0
DA:30,0
DA:37,0
DA:54,0
DA:76,0
DA:86,0
DA:102,0
DA:115,0
LF:10
LH:0
BRF:0
BRH:0
end_of_record
TN:
SF:src/components/ui/dropdown-menu.tsx
FN:26,(anonymous_0)
FN:46,(anonymous_1)
FN:62,(anonymous_2)
FN:82,(anonymous_3)
FN:98,(anonymous_4)
FN:122,(anonymous_5)
FN:146,(anonymous_6)
FN:162,(anonymous_7)
FN:171,(anonymous_8)
FNF:9
FNH:0
FNDA:0,(anonymous_0)
FNDA:0,(anonymous_1)
FNDA:0,(anonymous_2)
FNDA:0,(anonymous_3)
FNDA:0,(anonymous_4)
FNDA:0,(anonymous_5)
FNDA:0,(anonymous_6)
FNDA:0,(anonymous_7)
FNDA:0,(anonymous_8)
DA:9,0
DA:11,0
DA:13,0
DA:15,0
DA:17,0
DA:19,0
DA:21,0
DA:27,0
DA:40,0
DA:43,0
DA:47,0
DA:56,0
DA:59,0
DA:63,0
DA:75,0
DA:77,0
DA:83,0
DA:93,0
DA:95,0
DA:99,0
DA:116,0
DA:119,0
DA:123,0
DA:139,0
DA:141,0
DA:147,0
DA:157,0
DA:159,0
DA:163,0
DA:169,0
DA:171,0
DA:175,0
DA:182,0
LF:33
LH:0
BRDA:31,0,0,0
BRDA:31,0,1,0
BRDA:62,1,0,0
BRDA:87,2,0,0
BRDA:87,2,1,0
BRDA:151,3,0,0
BRDA:151,3,1,0
BRF:7
BRH:0
end_of_record
TN:
SF:src/components/ui/form.tsx
FN:32,(anonymous_0)
FN:45,(anonymous_1)
FN:76,FormItem
FN:90,FormLabel
FN:107,FormControl
FN:126,FormDescription
FN:139,FormMessage
FNF:7
FNH:0
FNDA:0,(anonymous_0)
FNDA:0,(anonymous_1)
FNDA:0,FormItem
FNDA:0,FormLabel
FNDA:0,FormControl
FNDA:0,FormDescription
FNDA:0,FormMessage
DA:19,0
DA:28,0
DA:32,0
DA:38,0
DA:45,0
DA:46,0
DA:47,0
DA:48,0
DA:49,0
DA:50,0
DA:52,0
DA:53,0
DA:56,0
DA:58,0
DA:72,0
DA:77,0
DA:79,0
DA:94,0
DA:96,0
DA:109,0
DA:111,0
DA:127,0
DA:129,0
DA:140,0
DA:141,0
DA:143,0
DA:144,0
DA:147,0
LF:28
LH:0
BRDA:52,0,0,0
BRDA:52,0,1,0
BRDA:116,1,0,0
BRDA:116,1,1,0
BRDA:141,2,0,0
BRDA:141,2,1,0
BRDA:141,3,0,0
BRDA:141,3,1,0
BRDA:143,4,0,0
BRDA:143,4,1,0
BRF:10
BRH:0
end_of_record
TN:
SF:src/components/ui/input.tsx
FN:5,Input
FNF:1
FNH:0
FNDA:0,Input
DA:6,0
LF:1
LH:0
BRF:0
BRH:0
end_of_record
TN:
SF:src/components/ui/label.tsx
FN:17,(anonymous_0)
FNF:1
FNH:0
FNDA:0,(anonymous_0)
DA:9,0
DA:13,0
DA:18,0
DA:24,0
LF:4
LH:0
BRF:0
BRH:0
end_of_record
TN:
SF:src/components/ui/progress.tsx
FN:11,(anonymous_0)
FNF:1
FNH:0
FNDA:0,(anonymous_0)
DA:8,0
DA:12,0
DA:26,0
LF:3
LH:0
BRDA:22,0,0,0
BRDA:22,0,1,0
BRF:2
BRH:0
end_of_record
TN:
SF:src/components/ui/radio-group.tsx
FN:12,(anonymous_0)
FN:26,(anonymous_1)
FNF:2
FNH:0
FNDA:0,(anonymous_0)
FNDA:0,(anonymous_1)
DA:9,0
DA:13,0
DA:21,0
DA:23,0
DA:27,0
DA:42,0
LF:6
LH:0
BRF:0
BRH:0
end_of_record
TN:
SF:src/hooks/use-performance.ts
FN:10,usePerformance
FN:47,(anonymous_1)
FN:53,(anonymous_2)
FN:68,(anonymous_3)
FN:78,(anonymous_4)
FN:94,(anonymous_5)
FN:115,(anonymous_6)
FNF:7
FNH:0
FNDA:0,usePerformance
FNDA:0,(anonymous_1)
FNDA:0,(anonymous_2)
FNDA:0,(anonymous_3)
FNDA:0,(anonymous_4)
FNDA:0,(anonymous_5)
FNDA:0,(anonymous_6)
DA:34,0
DA:37,0
DA:38,0
DA:39,0
DA:42,0
DA:43,0
DA:47,0
DA:48,0
DA:49,0
DA:50,0
DA:53,0
DA:54,0
DA:56,0
DA:61,0
DA:68,0
DA:69,0
DA:70,0
DA:78,0
DA:79,0
DA:81,0
DA:82,0
DA:84,0
DA:85,0
DA:93,0
DA:95,0
DA:96,0
DA:98,0
DA:99,0
DA:101,0
DA:103,0
DA:104,0
DA:114,0
DA:119,0
DA:120,0
DA:122,0
DA:123,0
DA:124,0
DA:126,0
DA:128,0
DA:129,0
DA:138,0
LF:41
LH:0
BRDA:12,0,0,0
BRDA:31,1,0,0
BRDA:32,2,0,0
BRDA:33,3,0,0
BRDA:42,4,0,0
BRDA:42,4,1,0
BRDA:42,5,0,0
BRDA:42,5,1,0
BRDA:48,6,0,0
BRDA:48,6,1,0
BRDA:54,7,0,0
BRDA:54,7,1,0
BRDA:56,8,0,0
BRDA:56,8,1,0
BRDA:57,9,0,0
BRDA:57,9,1,0
BRDA:57,9,2,0
BRDA:69,10,0,0
BRDA:69,10,1,0
BRDA:69,11,0,0
BRDA:69,11,1,0
BRDA:81,12,0,0
BRDA:81,12,1,0
BRDA:81,13,0,0
BRDA:81,13,1,0
BRDA:84,14,0,0
BRDA:84,14,1,0
BRDA:84,15,0,0
BRDA:84,15,1,0
BRDA:103,16,0,0
BRDA:103,16,1,0
BRDA:103,17,0,0
BRDA:103,17,1,0
BRDA:103,17,2,0
BRDA:128,18,0,0
BRDA:128,18,1,0
BRDA:128,19,0,0
BRDA:128,19,1,0
BRDA:128,19,2,0
BRF:39
BRH:0
end_of_record
TN:
SF:src/lib/analytics.ts
FN:21,trackEvent
FN:41,trackSessionStart
FN:55,trackSessionComplete
FN:76,trackFlagViewed
FN:94,trackAnswer
FNF:5
FNH:0
FNDA:0,trackEvent
FNDA:0,trackSessionStart
FNDA:0,trackSessionComplete
FNDA:0,trackFlagViewed
FNDA:0,trackAnswer
DA:26,0
DA:27,0
DA:30,0
DA:31,0
DA:42,0
DA:61,0
DA:81,0
DA:99,0
LF:8
LH:0
BRDA:30,0,0,0
BRDA:30,0,1,0
BRDA:99,1,0,0
BRDA:99,1,1,0
BRF:4
BRH:0
end_of_record
TN:
SF:src/lib/performance.ts
FN:18,startMeasure
FN:37,endMeasure
FN:91,measureAsync
FN:114,measureImageLoad
FN:115,(anonymous_4)
FN:125,(anonymous_5)
FN:129,(anonymous_6)
FNF:7
FNH:0
FNDA:0,startMeasure
FNDA:0,endMeasure
FNDA:0,measureAsync
FNDA:0,measureImageLoad
FNDA:0,(anonymous_4)
FNDA:0,(anonymous_5)
FNDA:0,(anonymous_6)
DA:19,0
DA:24,0
DA:27,0
DA:28,0
DA:41,0
DA:47,0
DA:50,0
DA:53,0
DA:56,0
DA:58,0
DA:60,0
DA:61,0
DA:64,0
DA:65,0
DA:66,0
DA:69,0
DA:70,0
DA:75,0
DA:78,0
DA:81,0
DA:96,0
DA:98,0
DA:99,0
DA:100,0
DA:101,0
DA:103,0
DA:104,0
DA:115,0
DA:116,0
DA:117,0
DA:118,0
DA:121,0
DA:122,0
DA:124,0
DA:125,0
DA:126,0
DA:127,0
DA:129,0
DA:131,0
DA:132,0
DA:134,0
LF:41
LH:0
BRDA:19,0,0,0
BRDA:19,0,1,0
BRDA:20,1,0,0
BRDA:20,1,1,0
BRDA:20,1,2,0
BRDA:27,2,0,0
BRDA:27,2,1,0
BRDA:41,3,0,0
BRDA:41,3,1,0
BRDA:42,4,0,0
BRDA:42,4,1,0
BRDA:42,4,2,0
BRDA:42,4,3,0
BRDA:50,5,0,0
BRDA:50,5,1,0
BRDA:53,6,0,0
BRDA:53,6,1,0
BRDA:60,7,0,0
BRDA:60,7,1,0
BRDA:65,8,0,0
BRDA:65,8,1,0
BRDA:69,9,0,0
BRDA:69,9,1,0
BRDA:116,10,0,0
BRDA:116,10,1,0
BRDA:121,11,0,0
BRDA:121,11,1,0
BRF:27
BRH:0
end_of_record
TN:
SF:src/lib/types.ts
FNF:0
FNH:0
LF:0
LH:0
BRF:0
BRH:0
end_of_record
TN:
SF:src/lib/utils.ts
FN:4,cn
FN:14,getFlagImageUrl
FN:30,getFlagSvgUrl
FN:44,getFlagUrl
FNF:4
FNH:4
FNDA:20,cn
FNDA:6,getFlagImageUrl
FNDA:3,getFlagSvgUrl
FNDA:4,getFlagUrl
DA:5,20
DA:18,6
DA:19,1
DA:20,1
DA:22,5
DA:31,3
DA:32,1
DA:33,1
DA:35,2
DA:49,4
DA:50,1
DA:51,1
DA:55,3
LF:13
LH:13
BRDA:16,0,0,3
BRDA:18,1,0,1
BRDA:18,1,1,5
BRDA:31,2,0,1
BRDA:31,2,1,2
BRDA:46,3,0,3
BRDA:49,4,0,1
BRDA:49,4,1,3
BRF:8
BRH:8
end_of_record
TN:
SF:src/lib/db/client.ts
FNF:0
FNH:0
DA:13,0
LF:1
LH:0
BRF:0
BRH:0
end_of_record
TN:
SF:src/lib/db/index.ts
FN:6,initDatabase
FNF:1
FNH:0
FNDA:0,initDatabase
DA:7,0
DA:8,0
DA:10,0
DA:15,0
DA:19,0
LF:5
LH:0
BRDA:7,0,0,0
BRDA:7,0,1,0
BRDA:8,1,0,0
BRDA:8,1,1,0
BRF:4
BRH:0
end_of_record
TN:
SF:src/lib/db/schema.ts
FN:17,(anonymous_0)
FN:20,(anonymous_1)
FN:32,(anonymous_2)
FN:41,(anonymous_3)
FN:44,(anonymous_4)
FN:51,(anonymous_5)
FN:54,(anonymous_6)
FN:63,(anonymous_7)
FN:65,(anonymous_8)
FN:78,(anonymous_9)
FN:81,(anonymous_10)
FN:84,(anonymous_11)
FN:89,(anonymous_12)
FN:94,(anonymous_13)
FN:99,(anonymous_14)
FN:112,(anonymous_15)
FN:121,(anonymous_16)
FN:137,(anonymous_17)
FN:138,(anonymous_18)
FN:156,(anonymous_19)
FNF:20
FNH:0
FNDA:0,(anonymous_0)
FNDA:0,(anonymous_1)
FNDA:0,(anonymous_2)
FNDA:0,(anonymous_3)
FNDA:0,(anonymous_4)
FNDA:0,(anonymous_5)
FNDA:0,(anonymous_6)
FNDA:0,(anonymous_7)
FNDA:0,(anonymous_8)
FNDA:0,(anonymous_9)
FNDA:0,(anonymous_10)
FNDA:0,(anonymous_11)
FNDA:0,(anonymous_12)
FNDA:0,(anonymous_13)
FNDA:0,(anonymous_14)
FNDA:0,(anonymous_15)
FNDA:0,(anonymous_16)
FNDA:0,(anonymous_17)
FNDA:0,(anonymous_18)
FNDA:0,(anonymous_19)
DA:6,0
DA:17,0
DA:20,0
DA:25,0
DA:32,0
DA:37,0
DA:41,0
DA:44,0
DA:51,0
DA:54,0
DA:59,0
DA:63,0
DA:65,0
DA:74,0
DA:78,0
DA:81,0
DA:84,0
DA:89,0
DA:94,0
DA:99,0
DA:110,0
DA:112,0
DA:121,0
DA:133,0
DA:137,0
DA:138,0
DA:152,0
DA:156,0
LF:28
LH:0
BRF:0
BRH:0
end_of_record
